#! /c/iverilog/bin/vvp
:ivl_version "0.9.7 " "(v0_9_7)";
:vpi_time_precision + 0;
:vpi_module "system";
:vpi_module "v2005_math";
:vpi_module "va_math";
S_00D63258 .scope module, "registerFileTestBench" "registerFileTestBench" 2 124;
 .timescale 0 0;
v00DA1DD8_0 .net "A", 31 0, v00D9E6F8_0; 1 drivers
v00DA1A68_0 .net "B", 31 0, v00D5F8C0_0; 1 drivers
v00DA1B70_0 .var "CLK", 0 0;
v00DA1BC8_0 .var "PC", 31 0;
v00DA1C20_0 .var "RA", 3 0;
v00DA1E30_0 .var "RB", 3 0;
v00DA1CD0_0 .var "RC", 3 0;
v00DA1D28_0 .var "RD", 3 0;
v00DA1AC0_0 .var "RFE", 0 0;
v00DA1C78_0 .var "TEST", 3 0;
S_00D63CF8 .scope module, "registerFile" "registerFile" 2 137, 2 76, S_00D63258;
 .timescale 0 0;
v00DA1280_0 .alias "A", 31 0, v00DA1DD8_0;
v00DA1908_0 .alias "B", 31 0, v00DA1A68_0;
v00DA0F68_0 .net "M0SEL", 3 0, v00DA1C20_0; 1 drivers
v00DA10C8_0 .net "M1SEL", 3 0, v00DA1E30_0; 1 drivers
v00DA1228_0 .net "PC", 31 0, v00DA1BC8_0; 1 drivers
v00DA1598_0 .net "REGCLK", 0 0, v00DA1B70_0; 1 drivers
v00DA1960_0 .net "REGCLR", 3 0, v00DA1D28_0; 1 drivers
v00DA1388_0 .net "REGEN", 3 0, v00DA1CD0_0; 1 drivers
v00DA0F10_0 .net "RFE", 0 0, v00DA1AC0_0; 1 drivers
v00DA16F8_0 .net "decoder2RegClear", 15 0, v00DA0FC0_0; 1 drivers
v00DA1750_0 .net "decoder2RegEnable", 15 0, v00DA1540_0; 1 drivers
v00DA1018_0 .net "reg0ToMux", 31 0, v00DA1070_0; 1 drivers
v00DA1330_0 .net "reg10ToMux", 31 0, v00D9F2A8_0; 1 drivers
v00DA1120_0 .net "reg11ToMux", 31 0, v00D9F358_0; 1 drivers
v00DA1490_0 .net "reg12ToMux", 31 0, v00D9F460_0; 1 drivers
v00DA17A8_0 .net "reg13ToMux", 31 0, v00D9EB18_0; 1 drivers
v00DA18B0_0 .net "reg14ToMux", 31 0, v00D9EA68_0; 1 drivers
v00DA0EB8_0 .net "reg15ToMux", 31 0, v00D9E7A8_0; 1 drivers
v00DA1178_0 .net "reg1ToMux", 31 0, v00DA05C8_0; 1 drivers
v00DA14E8_0 .net "reg2ToMux", 31 0, v00DA0410_0; 1 drivers
v00DA15F0_0 .net "reg3ToMux", 31 0, v00DA02B0_0; 1 drivers
v00DA1800_0 .net "reg4ToMux", 31 0, v00D9FD88_0; 1 drivers
v00DA1858_0 .net "reg5ToMux", 31 0, v00DA0150_0; 1 drivers
v00DA11D0_0 .net "reg6ToMux", 31 0, v00D9F808_0; 1 drivers
v00DA1B18_0 .net "reg7ToMux", 31 0, v00D9FF40_0; 1 drivers
v00DA19B8_0 .net "reg8ToMux", 31 0, v00DA0048_0; 1 drivers
v00DA1A10_0 .net "reg9ToMux", 31 0, v00D9FEE8_0; 1 drivers
L_00DA1D80 .part v00DA1540_0, 0, 1;
L_00DA2150 .part v00DA0FC0_0, 0, 1;
L_00DA2200 .part v00DA1540_0, 1, 1;
L_00DA24C0 .part v00DA0FC0_0, 1, 1;
L_00DA2780 .part v00DA1540_0, 2, 1;
L_00DA27D8 .part v00DA0FC0_0, 2, 1;
L_00DA2410 .part v00DA1540_0, 3, 1;
L_00DA2360 .part v00DA0FC0_0, 3, 1;
L_00DA2518 .part v00DA1540_0, 4, 1;
L_00DA2990 .part v00DA0FC0_0, 4, 1;
L_00DA2468 .part v00DA1540_0, 5, 1;
L_00DA26D0 .part v00DA0FC0_0, 5, 1;
L_00DA2308 .part v00DA1540_0, 6, 1;
L_00DA22B0 .part v00DA0FC0_0, 6, 1;
L_00DA2570 .part v00DA1540_0, 7, 1;
L_00DA21A8 .part v00DA0FC0_0, 7, 1;
L_00DA2048 .part v00DA1540_0, 8, 1;
L_00DA2830 .part v00DA0FC0_0, 8, 1;
L_00DA25C8 .part v00DA1540_0, 9, 1;
L_00DA2888 .part v00DA0FC0_0, 9, 1;
L_00DA2258 .part v00DA1540_0, 10, 1;
L_00DA28E0 .part v00DA0FC0_0, 10, 1;
L_00DA2620 .part v00DA1540_0, 11, 1;
L_00DA20A0 .part v00DA0FC0_0, 11, 1;
L_00DA23B8 .part v00DA1540_0, 12, 1;
L_00DA2678 .part v00DA0FC0_0, 12, 1;
L_00DA2728 .part v00DA1540_0, 13, 1;
L_00DA2938 .part v00DA0FC0_0, 13, 1;
L_00DA29E8 .part v00DA1540_0, 14, 1;
L_00DA2A40 .part v00DA0FC0_0, 14, 1;
L_00DA2A98 .part v00DA1540_0, 15, 1;
L_00DA2AF0 .part v00DA0FC0_0, 15, 1;
S_00D63720 .scope module, "D0" "dec4x16_32b" 2 97, 2 11, S_00D63CF8;
 .timescale 0 0;
v00DA1648_0 .alias "A", 3 0, v00DA1388_0;
v00DA1540_0 .var "D", 15 0;
v00DA16A0_0 .alias "EN", 0 0, v00DA0F10_0;
E_00D66870 .event edge, v00DA1648_0, v00DA12D8_0;
S_00D63698 .scope module, "D1" "dec4x16_32b" 2 98, 2 11, S_00D63CF8;
 .timescale 0 0;
v00DA1438_0 .alias "A", 3 0, v00DA1960_0;
v00DA0FC0_0 .var "D", 15 0;
v00DA12D8_0 .alias "EN", 0 0, v00DA0F10_0;
E_00D66430 .event edge, v00DA1438_0, v00DA12D8_0;
S_00D63610 .scope module, "R0" "reg_32b" 2 100, 2 39, S_00D63CF8;
 .timescale 0 0;
v00DA01A8_0 .alias "CLK", 0 0, v00DA1598_0;
v00DA0620_0 .net "CLR", 0 0, L_00DA2150; 1 drivers
v00DA0258_0 .alias "D", 31 0, v00DA1228_0;
v00DA13E0_0 .net "EN", 0 0, L_00DA1D80; 1 drivers
v00DA1070_0 .var "Q", 31 0;
E_00D664D0/0 .event negedge, v00DA0620_0;
E_00D664D0/1 .event posedge, v00D9EC78_0;
E_00D664D0 .event/or E_00D664D0/0, E_00D664D0/1;
S_00D640B0 .scope module, "R1" "reg_32b" 2 101, 2 39, S_00D63CF8;
 .timescale 0 0;
v00DA0468_0 .alias "CLK", 0 0, v00DA1598_0;
v00DA0200_0 .net "CLR", 0 0, L_00DA24C0; 1 drivers
v00DA0518_0 .alias "D", 31 0, v00DA1228_0;
v00DA0308_0 .net "EN", 0 0, L_00DA2200; 1 drivers
v00DA05C8_0 .var "Q", 31 0;
E_00D664F0/0 .event negedge, v00DA0200_0;
E_00D664F0/1 .event posedge, v00D9EC78_0;
E_00D664F0 .event/or E_00D664F0/0, E_00D664F0/1;
S_00D63588 .scope module, "R2" "reg_32b" 2 102, 2 39, S_00D63CF8;
 .timescale 0 0;
v00DA0360_0 .alias "CLK", 0 0, v00DA1598_0;
v00DA04C0_0 .net "CLR", 0 0, L_00DA27D8; 1 drivers
v00DA03B8_0 .alias "D", 31 0, v00DA1228_0;
v00DA0570_0 .net "EN", 0 0, L_00DA2780; 1 drivers
v00DA0410_0 .var "Q", 31 0;
E_00D66670/0 .event negedge, v00DA04C0_0;
E_00D66670/1 .event posedge, v00D9EC78_0;
E_00D66670 .event/or E_00D66670/0, E_00D66670/1;
S_00D63500 .scope module, "R3" "reg_32b" 2 103, 2 39, S_00D63CF8;
 .timescale 0 0;
v00D9F9C0_0 .alias "CLK", 0 0, v00DA1598_0;
v00D9FA18_0 .net "CLR", 0 0, L_00DA2360; 1 drivers
v00D9FA70_0 .alias "D", 31 0, v00DA1228_0;
v00D9FD30_0 .net "EN", 0 0, L_00DA2410; 1 drivers
v00DA02B0_0 .var "Q", 31 0;
E_00D66750/0 .event negedge, v00D9FA18_0;
E_00D66750/1 .event posedge, v00D9EC78_0;
E_00D66750 .event/or E_00D66750/0, E_00D66750/1;
S_00D63478 .scope module, "R4" "reg_32b" 2 104, 2 39, S_00D63CF8;
 .timescale 0 0;
v00D9FC28_0 .alias "CLK", 0 0, v00DA1598_0;
v00D9F7B0_0 .net "CLR", 0 0, L_00DA2990; 1 drivers
v00D9FCD8_0 .alias "D", 31 0, v00DA1228_0;
v00D9F968_0 .net "EN", 0 0, L_00DA2518; 1 drivers
v00D9FD88_0 .var "Q", 31 0;
E_00D666F0/0 .event negedge, v00D9F7B0_0;
E_00D666F0/1 .event posedge, v00D9EC78_0;
E_00D666F0 .event/or E_00D666F0/0, E_00D666F0/1;
S_00D64028 .scope module, "R5" "reg_32b" 2 105, 2 39, S_00D63CF8;
 .timescale 0 0;
v00D9FFF0_0 .alias "CLK", 0 0, v00DA1598_0;
v00D9F758_0 .net "CLR", 0 0, L_00DA26D0; 1 drivers
v00DA00A0_0 .alias "D", 31 0, v00DA1228_0;
v00D9FC80_0 .net "EN", 0 0, L_00DA2468; 1 drivers
v00DA0150_0 .var "Q", 31 0;
E_00D66810/0 .event negedge, v00D9F758_0;
E_00D66810/1 .event posedge, v00D9EC78_0;
E_00D66810 .event/or E_00D66810/0, E_00D66810/1;
S_00D63940 .scope module, "R6" "reg_32b" 2 106, 2 39, S_00D63CF8;
 .timescale 0 0;
v00D9F6A8_0 .alias "CLK", 0 0, v00DA1598_0;
v00D9FF98_0 .net "CLR", 0 0, L_00DA22B0; 1 drivers
v00D9FAC8_0 .alias "D", 31 0, v00DA1228_0;
v00D9F910_0 .net "EN", 0 0, L_00DA2308; 1 drivers
v00D9F808_0 .var "Q", 31 0;
E_00D665F0/0 .event negedge, v00D9FF98_0;
E_00D665F0/1 .event posedge, v00D9EC78_0;
E_00D665F0 .event/or E_00D665F0/0, E_00D665F0/1;
S_00D638B8 .scope module, "R7" "reg_32b" 2 107, 2 39, S_00D63CF8;
 .timescale 0 0;
v00D9FDE0_0 .alias "CLK", 0 0, v00DA1598_0;
v00DA00F8_0 .net "CLR", 0 0, L_00DA21A8; 1 drivers
v00D9FE90_0 .alias "D", 31 0, v00DA1228_0;
v00D9FB20_0 .net "EN", 0 0, L_00DA2570; 1 drivers
v00D9FF40_0 .var "Q", 31 0;
E_00D66530/0 .event negedge, v00DA00F8_0;
E_00D66530/1 .event posedge, v00D9EC78_0;
E_00D66530 .event/or E_00D66530/0, E_00D66530/1;
S_00D63AD8 .scope module, "R8" "reg_32b" 2 108, 2 39, S_00D63CF8;
 .timescale 0 0;
v00D9F700_0 .alias "CLK", 0 0, v00DA1598_0;
v00D9F860_0 .net "CLR", 0 0, L_00DA2830; 1 drivers
v00D9FBD0_0 .alias "D", 31 0, v00DA1228_0;
v00D9FE38_0 .net "EN", 0 0, L_00DA2048; 1 drivers
v00DA0048_0 .var "Q", 31 0;
E_00D665D0/0 .event negedge, v00D9F860_0;
E_00D665D0/1 .event posedge, v00D9EC78_0;
E_00D665D0 .event/or E_00D665D0/0, E_00D665D0/1;
S_00D632E0 .scope module, "R9" "reg_32b" 2 109, 2 39, S_00D63CF8;
 .timescale 0 0;
v00D9F3B0_0 .alias "CLK", 0 0, v00DA1598_0;
v00D9F408_0 .net "CLR", 0 0, L_00DA2888; 1 drivers
v00D9FB78_0 .alias "D", 31 0, v00DA1228_0;
v00D9F8B8_0 .net "EN", 0 0, L_00DA25C8; 1 drivers
v00D9FEE8_0 .var "Q", 31 0;
E_00D66130/0 .event negedge, v00D9F408_0;
E_00D66130/1 .event posedge, v00D9EC78_0;
E_00D66130 .event/or E_00D66130/0, E_00D66130/1;
S_00D63FA0 .scope module, "R10" "reg_32b" 2 110, 2 39, S_00D63CF8;
 .timescale 0 0;
v00D9F5C0_0 .alias "CLK", 0 0, v00DA1598_0;
v00D9F4B8_0 .net "CLR", 0 0, L_00DA28E0; 1 drivers
v00D9F250_0 .alias "D", 31 0, v00DA1228_0;
v00D9F618_0 .net "EN", 0 0, L_00DA2258; 1 drivers
v00D9F2A8_0 .var "Q", 31 0;
E_00D66150/0 .event negedge, v00D9F4B8_0;
E_00D66150/1 .event posedge, v00D9EC78_0;
E_00D66150 .event/or E_00D66150/0, E_00D66150/1;
S_00D63E08 .scope module, "R11" "reg_32b" 2 111, 2 39, S_00D63CF8;
 .timescale 0 0;
v00D9F1A0_0 .alias "CLK", 0 0, v00DA1598_0;
v00D9F510_0 .net "CLR", 0 0, L_00DA20A0; 1 drivers
v00D9F568_0 .alias "D", 31 0, v00DA1228_0;
v00D9F1F8_0 .net "EN", 0 0, L_00DA2620; 1 drivers
v00D9F358_0 .var "Q", 31 0;
E_00D666D0/0 .event negedge, v00D9F510_0;
E_00D666D0/1 .event posedge, v00D9EC78_0;
E_00D666D0 .event/or E_00D666D0/0, E_00D666D0/1;
S_00D633F0 .scope module, "R12" "reg_32b" 2 112, 2 39, S_00D63CF8;
 .timescale 0 0;
v00D9ECD0_0 .alias "CLK", 0 0, v00DA1598_0;
v00D9EEE0_0 .net "CLR", 0 0, L_00DA2678; 1 drivers
v00D9ED28_0 .alias "D", 31 0, v00DA1228_0;
v00D9F300_0 .net "EN", 0 0, L_00DA23B8; 1 drivers
v00D9F460_0 .var "Q", 31 0;
E_00D66170/0 .event negedge, v00D9EEE0_0;
E_00D66170/1 .event posedge, v00D9EC78_0;
E_00D66170 .event/or E_00D66170/0, E_00D66170/1;
S_00D63F18 .scope module, "R13" "reg_32b" 2 113, 2 39, S_00D63CF8;
 .timescale 0 0;
v00D9EB70_0 .alias "CLK", 0 0, v00DA1598_0;
v00D9EC20_0 .net "CLR", 0 0, L_00DA2938; 1 drivers
v00D9EE30_0 .alias "D", 31 0, v00DA1228_0;
v00D9E800_0 .net "EN", 0 0, L_00DA2728; 1 drivers
v00D9EB18_0 .var "Q", 31 0;
E_00D66590/0 .event negedge, v00D9EC20_0;
E_00D66590/1 .event posedge, v00D9EC78_0;
E_00D66590 .event/or E_00D66590/0, E_00D66590/1;
S_00D630C0 .scope module, "R14" "reg_32b" 2 114, 2 39, S_00D63CF8;
 .timescale 0 0;
v00D9E960_0 .alias "CLK", 0 0, v00DA1598_0;
v00D9EDD8_0 .net "CLR", 0 0, L_00DA2A40; 1 drivers
v00D9E9B8_0 .alias "D", 31 0, v00DA1228_0;
v00D9EE88_0 .net "EN", 0 0, L_00DA29E8; 1 drivers
v00D9EA68_0 .var "Q", 31 0;
E_00D666B0/0 .event negedge, v00D9EDD8_0;
E_00D666B0/1 .event posedge, v00D9EC78_0;
E_00D666B0 .event/or E_00D666B0/0, E_00D666B0/1;
S_00D631D0 .scope module, "R15" "reg_32b" 2 115, 2 39, S_00D63CF8;
 .timescale 0 0;
v00D9EC78_0 .alias "CLK", 0 0, v00DA1598_0;
v00D9ED80_0 .net "CLR", 0 0, L_00DA2AF0; 1 drivers
v00D9E750_0 .alias "D", 31 0, v00DA1228_0;
v00D9EAC0_0 .net "EN", 0 0, L_00DA2A98; 1 drivers
v00D9E7A8_0 .var "Q", 31 0;
E_00D66510/0 .event negedge, v00D9ED80_0;
E_00D66510/1 .event posedge, v00D9EC78_0;
E_00D66510 .event/or E_00D66510/0, E_00D66510/1;
S_00D63038 .scope module, "M0" "mux8x1_32b" 2 117, 2 53, S_00D63CF8;
 .timescale 0 0;
v00D5F5A8_0 .alias "I0", 31 0, v00DA1018_0;
v00D5F600_0 .alias "I1", 31 0, v00DA1178_0;
v00D5F658_0 .alias "I10", 31 0, v00DA1330_0;
v00D5F6B0_0 .alias "I11", 31 0, v00DA1120_0;
v00D9F098_0 .alias "I12", 31 0, v00DA1490_0;
v00D9E908_0 .alias "I13", 31 0, v00DA17A8_0;
v00D9EFE8_0 .alias "I14", 31 0, v00DA18B0_0;
v00D9F0F0_0 .alias "I15", 31 0, v00DA0EB8_0;
v00D9F040_0 .alias "I2", 31 0, v00DA14E8_0;
v00D9F148_0 .alias "I3", 31 0, v00DA15F0_0;
v00D9EF38_0 .alias "I4", 31 0, v00DA1800_0;
v00D9E858_0 .alias "I5", 31 0, v00DA1858_0;
v00D9EF90_0 .alias "I6", 31 0, v00DA11D0_0;
v00D9E8B0_0 .alias "I7", 31 0, v00DA1B18_0;
v00D9EA10_0 .alias "I8", 31 0, v00DA19B8_0;
v00D9E6A0_0 .alias "I9", 31 0, v00DA1A10_0;
v00D9E6F8_0 .var "O", 31 0;
v00D9EBC8_0 .alias "SEL", 3 0, v00DA0F68_0;
E_00D66410/0 .event edge, v00D5F550_0, v00D5F918_0, v00D5F970_0, v00D5F398_0;
E_00D66410/1 .event edge, v00D5F340_0, v00D5F2E8_0, v00D5F760_0, v00D5F708_0;
E_00D66410/2 .event edge, v00D9EBC8_0;
E_00D66410 .event/or E_00D66410/0, E_00D66410/1, E_00D66410/2;
S_00D63D80 .scope module, "M1" "mux8x1_32b" 2 120, 2 53, S_00D63CF8;
 .timescale 0 0;
v00D5F708_0 .alias "I0", 31 0, v00DA1018_0;
v00D5F760_0 .alias "I1", 31 0, v00DA1178_0;
v00D5F7B8_0 .alias "I10", 31 0, v00DA1330_0;
v00D5F4A0_0 .alias "I11", 31 0, v00DA1120_0;
v00D5F448_0 .alias "I12", 31 0, v00DA1490_0;
v00D5F290_0 .alias "I13", 31 0, v00DA17A8_0;
v00D5F810_0 .alias "I14", 31 0, v00DA18B0_0;
v00D5F4F8_0 .alias "I15", 31 0, v00DA0EB8_0;
v00D5F2E8_0 .alias "I2", 31 0, v00DA14E8_0;
v00D5F340_0 .alias "I3", 31 0, v00DA15F0_0;
v00D5F398_0 .alias "I4", 31 0, v00DA1800_0;
v00D5F970_0 .alias "I5", 31 0, v00DA1858_0;
v00D5F918_0 .alias "I6", 31 0, v00DA11D0_0;
v00D5F550_0 .alias "I7", 31 0, v00DA1B18_0;
v00D5F868_0 .alias "I8", 31 0, v00DA19B8_0;
v00D5F3F0_0 .alias "I9", 31 0, v00DA1A10_0;
v00D5F8C0_0 .var "O", 31 0;
v00D5F9C8_0 .alias "SEL", 3 0, v00DA10C8_0;
E_00D663F0/0 .event edge, v00D5F550_0, v00D5F918_0, v00D5F970_0, v00D5F398_0;
E_00D663F0/1 .event edge, v00D5F340_0, v00D5F2E8_0, v00D5F760_0, v00D5F708_0;
E_00D663F0/2 .event edge, v00D5F9C8_0;
E_00D663F0 .event/or E_00D663F0/0, E_00D663F0/1, E_00D663F0/2;
    .scope S_00D63720;
T_0 ;
    %wait E_00D66870;
    %load/v 8, v00DA16A0_0, 1;
    %inv 8, 1;
    %jmp/0xz  T_0.0, 8;
    %load/v 8, v00DA1648_0, 4;
    %cmpi/u 8, 0, 4;
    %jmp/1 T_0.2, 6;
    %cmpi/u 8, 1, 4;
    %jmp/1 T_0.3, 6;
    %cmpi/u 8, 2, 4;
    %jmp/1 T_0.4, 6;
    %cmpi/u 8, 3, 4;
    %jmp/1 T_0.5, 6;
    %cmpi/u 8, 4, 4;
    %jmp/1 T_0.6, 6;
    %cmpi/u 8, 5, 4;
    %jmp/1 T_0.7, 6;
    %cmpi/u 8, 6, 4;
    %jmp/1 T_0.8, 6;
    %cmpi/u 8, 7, 4;
    %jmp/1 T_0.9, 6;
    %cmpi/u 8, 8, 4;
    %jmp/1 T_0.10, 6;
    %cmpi/u 8, 9, 4;
    %jmp/1 T_0.11, 6;
    %cmpi/u 8, 10, 4;
    %jmp/1 T_0.12, 6;
    %cmpi/u 8, 11, 4;
    %jmp/1 T_0.13, 6;
    %cmpi/u 8, 12, 4;
    %jmp/1 T_0.14, 6;
    %cmpi/u 8, 13, 4;
    %jmp/1 T_0.15, 6;
    %cmpi/u 8, 14, 4;
    %jmp/1 T_0.16, 6;
    %cmpi/u 8, 15, 4;
    %jmp/1 T_0.17, 6;
    %set/v v00DA1540_0, 1, 16;
    %jmp T_0.19;
T_0.2 ;
    %movi 8, 65534, 16;
    %set/v v00DA1540_0, 8, 16;
    %jmp T_0.19;
T_0.3 ;
    %movi 8, 65533, 16;
    %set/v v00DA1540_0, 8, 16;
    %jmp T_0.19;
T_0.4 ;
    %movi 8, 65531, 16;
    %set/v v00DA1540_0, 8, 16;
    %jmp T_0.19;
T_0.5 ;
    %movi 8, 65527, 16;
    %set/v v00DA1540_0, 8, 16;
    %jmp T_0.19;
T_0.6 ;
    %movi 8, 65519, 16;
    %set/v v00DA1540_0, 8, 16;
    %jmp T_0.19;
T_0.7 ;
    %movi 8, 65503, 16;
    %set/v v00DA1540_0, 8, 16;
    %jmp T_0.19;
T_0.8 ;
    %movi 8, 65471, 16;
    %set/v v00DA1540_0, 8, 16;
    %jmp T_0.19;
T_0.9 ;
    %movi 8, 65407, 16;
    %set/v v00DA1540_0, 8, 16;
    %jmp T_0.19;
T_0.10 ;
    %movi 8, 65279, 16;
    %set/v v00DA1540_0, 8, 16;
    %jmp T_0.19;
T_0.11 ;
    %movi 8, 65023, 16;
    %set/v v00DA1540_0, 8, 16;
    %jmp T_0.19;
T_0.12 ;
    %movi 8, 64511, 16;
    %set/v v00DA1540_0, 8, 16;
    %jmp T_0.19;
T_0.13 ;
    %movi 8, 63487, 16;
    %set/v v00DA1540_0, 8, 16;
    %jmp T_0.19;
T_0.14 ;
    %movi 8, 61439, 16;
    %set/v v00DA1540_0, 8, 16;
    %jmp T_0.19;
T_0.15 ;
    %movi 8, 57343, 16;
    %set/v v00DA1540_0, 8, 16;
    %jmp T_0.19;
T_0.16 ;
    %movi 8, 49151, 16;
    %set/v v00DA1540_0, 8, 16;
    %jmp T_0.19;
T_0.17 ;
    %movi 8, 32767, 16;
    %set/v v00DA1540_0, 8, 16;
    %jmp T_0.19;
T_0.19 ;
T_0.0 ;
    %jmp T_0;
    .thread T_0, $push;
    .scope S_00D63698;
T_1 ;
    %wait E_00D66430;
    %load/v 8, v00DA12D8_0, 1;
    %inv 8, 1;
    %jmp/0xz  T_1.0, 8;
    %load/v 8, v00DA1438_0, 4;
    %cmpi/u 8, 0, 4;
    %jmp/1 T_1.2, 6;
    %cmpi/u 8, 1, 4;
    %jmp/1 T_1.3, 6;
    %cmpi/u 8, 2, 4;
    %jmp/1 T_1.4, 6;
    %cmpi/u 8, 3, 4;
    %jmp/1 T_1.5, 6;
    %cmpi/u 8, 4, 4;
    %jmp/1 T_1.6, 6;
    %cmpi/u 8, 5, 4;
    %jmp/1 T_1.7, 6;
    %cmpi/u 8, 6, 4;
    %jmp/1 T_1.8, 6;
    %cmpi/u 8, 7, 4;
    %jmp/1 T_1.9, 6;
    %cmpi/u 8, 8, 4;
    %jmp/1 T_1.10, 6;
    %cmpi/u 8, 9, 4;
    %jmp/1 T_1.11, 6;
    %cmpi/u 8, 10, 4;
    %jmp/1 T_1.12, 6;
    %cmpi/u 8, 11, 4;
    %jmp/1 T_1.13, 6;
    %cmpi/u 8, 12, 4;
    %jmp/1 T_1.14, 6;
    %cmpi/u 8, 13, 4;
    %jmp/1 T_1.15, 6;
    %cmpi/u 8, 14, 4;
    %jmp/1 T_1.16, 6;
    %cmpi/u 8, 15, 4;
    %jmp/1 T_1.17, 6;
    %set/v v00DA0FC0_0, 1, 16;
    %jmp T_1.19;
T_1.2 ;
    %movi 8, 65534, 16;
    %set/v v00DA0FC0_0, 8, 16;
    %jmp T_1.19;
T_1.3 ;
    %movi 8, 65533, 16;
    %set/v v00DA0FC0_0, 8, 16;
    %jmp T_1.19;
T_1.4 ;
    %movi 8, 65531, 16;
    %set/v v00DA0FC0_0, 8, 16;
    %jmp T_1.19;
T_1.5 ;
    %movi 8, 65527, 16;
    %set/v v00DA0FC0_0, 8, 16;
    %jmp T_1.19;
T_1.6 ;
    %movi 8, 65519, 16;
    %set/v v00DA0FC0_0, 8, 16;
    %jmp T_1.19;
T_1.7 ;
    %movi 8, 65503, 16;
    %set/v v00DA0FC0_0, 8, 16;
    %jmp T_1.19;
T_1.8 ;
    %movi 8, 65471, 16;
    %set/v v00DA0FC0_0, 8, 16;
    %jmp T_1.19;
T_1.9 ;
    %movi 8, 65407, 16;
    %set/v v00DA0FC0_0, 8, 16;
    %jmp T_1.19;
T_1.10 ;
    %movi 8, 65279, 16;
    %set/v v00DA0FC0_0, 8, 16;
    %jmp T_1.19;
T_1.11 ;
    %movi 8, 65023, 16;
    %set/v v00DA0FC0_0, 8, 16;
    %jmp T_1.19;
T_1.12 ;
    %movi 8, 64511, 16;
    %set/v v00DA0FC0_0, 8, 16;
    %jmp T_1.19;
T_1.13 ;
    %movi 8, 63487, 16;
    %set/v v00DA0FC0_0, 8, 16;
    %jmp T_1.19;
T_1.14 ;
    %movi 8, 61439, 16;
    %set/v v00DA0FC0_0, 8, 16;
    %jmp T_1.19;
T_1.15 ;
    %movi 8, 57343, 16;
    %set/v v00DA0FC0_0, 8, 16;
    %jmp T_1.19;
T_1.16 ;
    %movi 8, 49151, 16;
    %set/v v00DA0FC0_0, 8, 16;
    %jmp T_1.19;
T_1.17 ;
    %movi 8, 32767, 16;
    %set/v v00DA0FC0_0, 8, 16;
    %jmp T_1.19;
T_1.19 ;
T_1.0 ;
    %jmp T_1;
    .thread T_1, $push;
    .scope S_00D63610;
T_2 ;
    %ix/load 0, 32, 0;
    %assign/v0 v00DA1070_0, 0, 0;
    %end;
    .thread T_2;
    .scope S_00D63610;
T_3 ;
    %wait E_00D664D0;
    %load/v 8, v00DA13E0_0, 1;
    %inv 8, 1;
    %jmp/0xz  T_3.0, 8;
    %load/v 8, v00DA0258_0, 32;
    %ix/load 0, 32, 0;
    %assign/v0 v00DA1070_0, 0, 8;
    %jmp T_3.1;
T_3.0 ;
    %load/v 8, v00DA0620_0, 1;
    %inv 8, 1;
    %jmp/0xz  T_3.2, 8;
    %ix/load 0, 32, 0;
    %assign/v0 v00DA1070_0, 0, 0;
    %jmp T_3.3;
T_3.2 ;
    %load/v 8, v00DA1070_0, 32;
    %ix/load 0, 32, 0;
    %assign/v0 v00DA1070_0, 0, 8;
T_3.3 ;
T_3.1 ;
    %jmp T_3;
    .thread T_3;
    .scope S_00D640B0;
T_4 ;
    %ix/load 0, 32, 0;
    %assign/v0 v00DA05C8_0, 0, 0;
    %end;
    .thread T_4;
    .scope S_00D640B0;
T_5 ;
    %wait E_00D664F0;
    %load/v 8, v00DA0308_0, 1;
    %inv 8, 1;
    %jmp/0xz  T_5.0, 8;
    %load/v 8, v00DA0518_0, 32;
    %ix/load 0, 32, 0;
    %assign/v0 v00DA05C8_0, 0, 8;
    %jmp T_5.1;
T_5.0 ;
    %load/v 8, v00DA0200_0, 1;
    %inv 8, 1;
    %jmp/0xz  T_5.2, 8;
    %ix/load 0, 32, 0;
    %assign/v0 v00DA05C8_0, 0, 0;
    %jmp T_5.3;
T_5.2 ;
    %load/v 8, v00DA05C8_0, 32;
    %ix/load 0, 32, 0;
    %assign/v0 v00DA05C8_0, 0, 8;
T_5.3 ;
T_5.1 ;
    %jmp T_5;
    .thread T_5;
    .scope S_00D63588;
T_6 ;
    %ix/load 0, 32, 0;
    %assign/v0 v00DA0410_0, 0, 0;
    %end;
    .thread T_6;
    .scope S_00D63588;
T_7 ;
    %wait E_00D66670;
    %load/v 8, v00DA0570_0, 1;
    %inv 8, 1;
    %jmp/0xz  T_7.0, 8;
    %load/v 8, v00DA03B8_0, 32;
    %ix/load 0, 32, 0;
    %assign/v0 v00DA0410_0, 0, 8;
    %jmp T_7.1;
T_7.0 ;
    %load/v 8, v00DA04C0_0, 1;
    %inv 8, 1;
    %jmp/0xz  T_7.2, 8;
    %ix/load 0, 32, 0;
    %assign/v0 v00DA0410_0, 0, 0;
    %jmp T_7.3;
T_7.2 ;
    %load/v 8, v00DA0410_0, 32;
    %ix/load 0, 32, 0;
    %assign/v0 v00DA0410_0, 0, 8;
T_7.3 ;
T_7.1 ;
    %jmp T_7;
    .thread T_7;
    .scope S_00D63500;
T_8 ;
    %ix/load 0, 32, 0;
    %assign/v0 v00DA02B0_0, 0, 0;
    %end;
    .thread T_8;
    .scope S_00D63500;
T_9 ;
    %wait E_00D66750;
    %load/v 8, v00D9FD30_0, 1;
    %inv 8, 1;
    %jmp/0xz  T_9.0, 8;
    %load/v 8, v00D9FA70_0, 32;
    %ix/load 0, 32, 0;
    %assign/v0 v00DA02B0_0, 0, 8;
    %jmp T_9.1;
T_9.0 ;
    %load/v 8, v00D9FA18_0, 1;
    %inv 8, 1;
    %jmp/0xz  T_9.2, 8;
    %ix/load 0, 32, 0;
    %assign/v0 v00DA02B0_0, 0, 0;
    %jmp T_9.3;
T_9.2 ;
    %load/v 8, v00DA02B0_0, 32;
    %ix/load 0, 32, 0;
    %assign/v0 v00DA02B0_0, 0, 8;
T_9.3 ;
T_9.1 ;
    %jmp T_9;
    .thread T_9;
    .scope S_00D63478;
T_10 ;
    %ix/load 0, 32, 0;
    %assign/v0 v00D9FD88_0, 0, 0;
    %end;
    .thread T_10;
    .scope S_00D63478;
T_11 ;
    %wait E_00D666F0;
    %load/v 8, v00D9F968_0, 1;
    %inv 8, 1;
    %jmp/0xz  T_11.0, 8;
    %load/v 8, v00D9FCD8_0, 32;
    %ix/load 0, 32, 0;
    %assign/v0 v00D9FD88_0, 0, 8;
    %jmp T_11.1;
T_11.0 ;
    %load/v 8, v00D9F7B0_0, 1;
    %inv 8, 1;
    %jmp/0xz  T_11.2, 8;
    %ix/load 0, 32, 0;
    %assign/v0 v00D9FD88_0, 0, 0;
    %jmp T_11.3;
T_11.2 ;
    %load/v 8, v00D9FD88_0, 32;
    %ix/load 0, 32, 0;
    %assign/v0 v00D9FD88_0, 0, 8;
T_11.3 ;
T_11.1 ;
    %jmp T_11;
    .thread T_11;
    .scope S_00D64028;
T_12 ;
    %ix/load 0, 32, 0;
    %assign/v0 v00DA0150_0, 0, 0;
    %end;
    .thread T_12;
    .scope S_00D64028;
T_13 ;
    %wait E_00D66810;
    %load/v 8, v00D9FC80_0, 1;
    %inv 8, 1;
    %jmp/0xz  T_13.0, 8;
    %load/v 8, v00DA00A0_0, 32;
    %ix/load 0, 32, 0;
    %assign/v0 v00DA0150_0, 0, 8;
    %jmp T_13.1;
T_13.0 ;
    %load/v 8, v00D9F758_0, 1;
    %inv 8, 1;
    %jmp/0xz  T_13.2, 8;
    %ix/load 0, 32, 0;
    %assign/v0 v00DA0150_0, 0, 0;
    %jmp T_13.3;
T_13.2 ;
    %load/v 8, v00DA0150_0, 32;
    %ix/load 0, 32, 0;
    %assign/v0 v00DA0150_0, 0, 8;
T_13.3 ;
T_13.1 ;
    %jmp T_13;
    .thread T_13;
    .scope S_00D63940;
T_14 ;
    %ix/load 0, 32, 0;
    %assign/v0 v00D9F808_0, 0, 0;
    %end;
    .thread T_14;
    .scope S_00D63940;
T_15 ;
    %wait E_00D665F0;
    %load/v 8, v00D9F910_0, 1;
    %inv 8, 1;
    %jmp/0xz  T_15.0, 8;
    %load/v 8, v00D9FAC8_0, 32;
    %ix/load 0, 32, 0;
    %assign/v0 v00D9F808_0, 0, 8;
    %jmp T_15.1;
T_15.0 ;
    %load/v 8, v00D9FF98_0, 1;
    %inv 8, 1;
    %jmp/0xz  T_15.2, 8;
    %ix/load 0, 32, 0;
    %assign/v0 v00D9F808_0, 0, 0;
    %jmp T_15.3;
T_15.2 ;
    %load/v 8, v00D9F808_0, 32;
    %ix/load 0, 32, 0;
    %assign/v0 v00D9F808_0, 0, 8;
T_15.3 ;
T_15.1 ;
    %jmp T_15;
    .thread T_15;
    .scope S_00D638B8;
T_16 ;
    %ix/load 0, 32, 0;
    %assign/v0 v00D9FF40_0, 0, 0;
    %end;
    .thread T_16;
    .scope S_00D638B8;
T_17 ;
    %wait E_00D66530;
    %load/v 8, v00D9FB20_0, 1;
    %inv 8, 1;
    %jmp/0xz  T_17.0, 8;
    %load/v 8, v00D9FE90_0, 32;
    %ix/load 0, 32, 0;
    %assign/v0 v00D9FF40_0, 0, 8;
    %jmp T_17.1;
T_17.0 ;
    %load/v 8, v00DA00F8_0, 1;
    %inv 8, 1;
    %jmp/0xz  T_17.2, 8;
    %ix/load 0, 32, 0;
    %assign/v0 v00D9FF40_0, 0, 0;
    %jmp T_17.3;
T_17.2 ;
    %load/v 8, v00D9FF40_0, 32;
    %ix/load 0, 32, 0;
    %assign/v0 v00D9FF40_0, 0, 8;
T_17.3 ;
T_17.1 ;
    %jmp T_17;
    .thread T_17;
    .scope S_00D63AD8;
T_18 ;
    %ix/load 0, 32, 0;
    %assign/v0 v00DA0048_0, 0, 0;
    %end;
    .thread T_18;
    .scope S_00D63AD8;
T_19 ;
    %wait E_00D665D0;
    %load/v 8, v00D9FE38_0, 1;
    %inv 8, 1;
    %jmp/0xz  T_19.0, 8;
    %load/v 8, v00D9FBD0_0, 32;
    %ix/load 0, 32, 0;
    %assign/v0 v00DA0048_0, 0, 8;
    %jmp T_19.1;
T_19.0 ;
    %load/v 8, v00D9F860_0, 1;
    %inv 8, 1;
    %jmp/0xz  T_19.2, 8;
    %ix/load 0, 32, 0;
    %assign/v0 v00DA0048_0, 0, 0;
    %jmp T_19.3;
T_19.2 ;
    %load/v 8, v00DA0048_0, 32;
    %ix/load 0, 32, 0;
    %assign/v0 v00DA0048_0, 0, 8;
T_19.3 ;
T_19.1 ;
    %jmp T_19;
    .thread T_19;
    .scope S_00D632E0;
T_20 ;
    %ix/load 0, 32, 0;
    %assign/v0 v00D9FEE8_0, 0, 0;
    %end;
    .thread T_20;
    .scope S_00D632E0;
T_21 ;
    %wait E_00D66130;
    %load/v 8, v00D9F8B8_0, 1;
    %inv 8, 1;
    %jmp/0xz  T_21.0, 8;
    %load/v 8, v00D9FB78_0, 32;
    %ix/load 0, 32, 0;
    %assign/v0 v00D9FEE8_0, 0, 8;
    %jmp T_21.1;
T_21.0 ;
    %load/v 8, v00D9F408_0, 1;
    %inv 8, 1;
    %jmp/0xz  T_21.2, 8;
    %ix/load 0, 32, 0;
    %assign/v0 v00D9FEE8_0, 0, 0;
    %jmp T_21.3;
T_21.2 ;
    %load/v 8, v00D9FEE8_0, 32;
    %ix/load 0, 32, 0;
    %assign/v0 v00D9FEE8_0, 0, 8;
T_21.3 ;
T_21.1 ;
    %jmp T_21;
    .thread T_21;
    .scope S_00D63FA0;
T_22 ;
    %ix/load 0, 32, 0;
    %assign/v0 v00D9F2A8_0, 0, 0;
    %end;
    .thread T_22;
    .scope S_00D63FA0;
T_23 ;
    %wait E_00D66150;
    %load/v 8, v00D9F618_0, 1;
    %inv 8, 1;
    %jmp/0xz  T_23.0, 8;
    %load/v 8, v00D9F250_0, 32;
    %ix/load 0, 32, 0;
    %assign/v0 v00D9F2A8_0, 0, 8;
    %jmp T_23.1;
T_23.0 ;
    %load/v 8, v00D9F4B8_0, 1;
    %inv 8, 1;
    %jmp/0xz  T_23.2, 8;
    %ix/load 0, 32, 0;
    %assign/v0 v00D9F2A8_0, 0, 0;
    %jmp T_23.3;
T_23.2 ;
    %load/v 8, v00D9F2A8_0, 32;
    %ix/load 0, 32, 0;
    %assign/v0 v00D9F2A8_0, 0, 8;
T_23.3 ;
T_23.1 ;
    %jmp T_23;
    .thread T_23;
    .scope S_00D63E08;
T_24 ;
    %ix/load 0, 32, 0;
    %assign/v0 v00D9F358_0, 0, 0;
    %end;
    .thread T_24;
    .scope S_00D63E08;
T_25 ;
    %wait E_00D666D0;
    %load/v 8, v00D9F1F8_0, 1;
    %inv 8, 1;
    %jmp/0xz  T_25.0, 8;
    %load/v 8, v00D9F568_0, 32;
    %ix/load 0, 32, 0;
    %assign/v0 v00D9F358_0, 0, 8;
    %jmp T_25.1;
T_25.0 ;
    %load/v 8, v00D9F510_0, 1;
    %inv 8, 1;
    %jmp/0xz  T_25.2, 8;
    %ix/load 0, 32, 0;
    %assign/v0 v00D9F358_0, 0, 0;
    %jmp T_25.3;
T_25.2 ;
    %load/v 8, v00D9F358_0, 32;
    %ix/load 0, 32, 0;
    %assign/v0 v00D9F358_0, 0, 8;
T_25.3 ;
T_25.1 ;
    %jmp T_25;
    .thread T_25;
    .scope S_00D633F0;
T_26 ;
    %ix/load 0, 32, 0;
    %assign/v0 v00D9F460_0, 0, 0;
    %end;
    .thread T_26;
    .scope S_00D633F0;
T_27 ;
    %wait E_00D66170;
    %load/v 8, v00D9F300_0, 1;
    %inv 8, 1;
    %jmp/0xz  T_27.0, 8;
    %load/v 8, v00D9ED28_0, 32;
    %ix/load 0, 32, 0;
    %assign/v0 v00D9F460_0, 0, 8;
    %jmp T_27.1;
T_27.0 ;
    %load/v 8, v00D9EEE0_0, 1;
    %inv 8, 1;
    %jmp/0xz  T_27.2, 8;
    %ix/load 0, 32, 0;
    %assign/v0 v00D9F460_0, 0, 0;
    %jmp T_27.3;
T_27.2 ;
    %load/v 8, v00D9F460_0, 32;
    %ix/load 0, 32, 0;
    %assign/v0 v00D9F460_0, 0, 8;
T_27.3 ;
T_27.1 ;
    %jmp T_27;
    .thread T_27;
    .scope S_00D63F18;
T_28 ;
    %ix/load 0, 32, 0;
    %assign/v0 v00D9EB18_0, 0, 0;
    %end;
    .thread T_28;
    .scope S_00D63F18;
T_29 ;
    %wait E_00D66590;
    %load/v 8, v00D9E800_0, 1;
    %inv 8, 1;
    %jmp/0xz  T_29.0, 8;
    %load/v 8, v00D9EE30_0, 32;
    %ix/load 0, 32, 0;
    %assign/v0 v00D9EB18_0, 0, 8;
    %jmp T_29.1;
T_29.0 ;
    %load/v 8, v00D9EC20_0, 1;
    %inv 8, 1;
    %jmp/0xz  T_29.2, 8;
    %ix/load 0, 32, 0;
    %assign/v0 v00D9EB18_0, 0, 0;
    %jmp T_29.3;
T_29.2 ;
    %load/v 8, v00D9EB18_0, 32;
    %ix/load 0, 32, 0;
    %assign/v0 v00D9EB18_0, 0, 8;
T_29.3 ;
T_29.1 ;
    %jmp T_29;
    .thread T_29;
    .scope S_00D630C0;
T_30 ;
    %ix/load 0, 32, 0;
    %assign/v0 v00D9EA68_0, 0, 0;
    %end;
    .thread T_30;
    .scope S_00D630C0;
T_31 ;
    %wait E_00D666B0;
    %load/v 8, v00D9EE88_0, 1;
    %inv 8, 1;
    %jmp/0xz  T_31.0, 8;
    %load/v 8, v00D9E9B8_0, 32;
    %ix/load 0, 32, 0;
    %assign/v0 v00D9EA68_0, 0, 8;
    %jmp T_31.1;
T_31.0 ;
    %load/v 8, v00D9EDD8_0, 1;
    %inv 8, 1;
    %jmp/0xz  T_31.2, 8;
    %ix/load 0, 32, 0;
    %assign/v0 v00D9EA68_0, 0, 0;
    %jmp T_31.3;
T_31.2 ;
    %load/v 8, v00D9EA68_0, 32;
    %ix/load 0, 32, 0;
    %assign/v0 v00D9EA68_0, 0, 8;
T_31.3 ;
T_31.1 ;
    %jmp T_31;
    .thread T_31;
    .scope S_00D631D0;
T_32 ;
    %ix/load 0, 32, 0;
    %assign/v0 v00D9E7A8_0, 0, 0;
    %end;
    .thread T_32;
    .scope S_00D631D0;
T_33 ;
    %wait E_00D66510;
    %load/v 8, v00D9EAC0_0, 1;
    %inv 8, 1;
    %jmp/0xz  T_33.0, 8;
    %load/v 8, v00D9E750_0, 32;
    %ix/load 0, 32, 0;
    %assign/v0 v00D9E7A8_0, 0, 8;
    %jmp T_33.1;
T_33.0 ;
    %load/v 8, v00D9ED80_0, 1;
    %inv 8, 1;
    %jmp/0xz  T_33.2, 8;
    %ix/load 0, 32, 0;
    %assign/v0 v00D9E7A8_0, 0, 0;
    %jmp T_33.3;
T_33.2 ;
    %load/v 8, v00D9E7A8_0, 32;
    %ix/load 0, 32, 0;
    %assign/v0 v00D9E7A8_0, 0, 8;
T_33.3 ;
T_33.1 ;
    %jmp T_33;
    .thread T_33;
    .scope S_00D63038;
T_34 ;
    %wait E_00D66410;
    %load/v 8, v00D9EBC8_0, 4;
    %cmpi/u 8, 0, 4;
    %jmp/1 T_34.0, 6;
    %cmpi/u 8, 1, 4;
    %jmp/1 T_34.1, 6;
    %cmpi/u 8, 2, 4;
    %jmp/1 T_34.2, 6;
    %cmpi/u 8, 3, 4;
    %jmp/1 T_34.3, 6;
    %cmpi/u 8, 4, 4;
    %jmp/1 T_34.4, 6;
    %cmpi/u 8, 5, 4;
    %jmp/1 T_34.5, 6;
    %cmpi/u 8, 6, 4;
    %jmp/1 T_34.6, 6;
    %cmpi/u 8, 7, 4;
    %jmp/1 T_34.7, 6;
    %cmpi/u 8, 8, 4;
    %jmp/1 T_34.8, 6;
    %cmpi/u 8, 9, 4;
    %jmp/1 T_34.9, 6;
    %cmpi/u 8, 10, 4;
    %jmp/1 T_34.10, 6;
    %cmpi/u 8, 11, 4;
    %jmp/1 T_34.11, 6;
    %cmpi/u 8, 12, 4;
    %jmp/1 T_34.12, 6;
    %cmpi/u 8, 13, 4;
    %jmp/1 T_34.13, 6;
    %cmpi/u 8, 14, 4;
    %jmp/1 T_34.14, 6;
    %cmpi/u 8, 15, 4;
    %jmp/1 T_34.15, 6;
    %load/v 8, v00D9E6F8_0, 32;
    %set/v v00D9E6F8_0, 8, 32;
    %jmp T_34.17;
T_34.0 ;
    %load/v 8, v00D5F5A8_0, 32;
    %set/v v00D9E6F8_0, 8, 32;
    %jmp T_34.17;
T_34.1 ;
    %load/v 8, v00D5F600_0, 32;
    %set/v v00D9E6F8_0, 8, 32;
    %jmp T_34.17;
T_34.2 ;
    %load/v 8, v00D9F040_0, 32;
    %set/v v00D9E6F8_0, 8, 32;
    %jmp T_34.17;
T_34.3 ;
    %load/v 8, v00D9F148_0, 32;
    %set/v v00D9E6F8_0, 8, 32;
    %jmp T_34.17;
T_34.4 ;
    %load/v 8, v00D9EF38_0, 32;
    %set/v v00D9E6F8_0, 8, 32;
    %jmp T_34.17;
T_34.5 ;
    %load/v 8, v00D9E858_0, 32;
    %set/v v00D9E6F8_0, 8, 32;
    %jmp T_34.17;
T_34.6 ;
    %load/v 8, v00D9EF90_0, 32;
    %set/v v00D9E6F8_0, 8, 32;
    %jmp T_34.17;
T_34.7 ;
    %load/v 8, v00D9E8B0_0, 32;
    %set/v v00D9E6F8_0, 8, 32;
    %jmp T_34.17;
T_34.8 ;
    %load/v 8, v00D9EA10_0, 32;
    %set/v v00D9E6F8_0, 8, 32;
    %jmp T_34.17;
T_34.9 ;
    %load/v 8, v00D9E6A0_0, 32;
    %set/v v00D9E6F8_0, 8, 32;
    %jmp T_34.17;
T_34.10 ;
    %load/v 8, v00D5F658_0, 32;
    %set/v v00D9E6F8_0, 8, 32;
    %jmp T_34.17;
T_34.11 ;
    %load/v 8, v00D5F6B0_0, 32;
    %set/v v00D9E6F8_0, 8, 32;
    %jmp T_34.17;
T_34.12 ;
    %load/v 8, v00D9F098_0, 32;
    %set/v v00D9E6F8_0, 8, 32;
    %jmp T_34.17;
T_34.13 ;
    %load/v 8, v00D9E908_0, 32;
    %set/v v00D9E6F8_0, 8, 32;
    %jmp T_34.17;
T_34.14 ;
    %load/v 8, v00D9EFE8_0, 32;
    %set/v v00D9E6F8_0, 8, 32;
    %jmp T_34.17;
T_34.15 ;
    %load/v 8, v00D9F0F0_0, 32;
    %set/v v00D9E6F8_0, 8, 32;
    %jmp T_34.17;
T_34.17 ;
    %jmp T_34;
    .thread T_34, $push;
    .scope S_00D63D80;
T_35 ;
    %wait E_00D663F0;
    %load/v 8, v00D5F9C8_0, 4;
    %cmpi/u 8, 0, 4;
    %jmp/1 T_35.0, 6;
    %cmpi/u 8, 1, 4;
    %jmp/1 T_35.1, 6;
    %cmpi/u 8, 2, 4;
    %jmp/1 T_35.2, 6;
    %cmpi/u 8, 3, 4;
    %jmp/1 T_35.3, 6;
    %cmpi/u 8, 4, 4;
    %jmp/1 T_35.4, 6;
    %cmpi/u 8, 5, 4;
    %jmp/1 T_35.5, 6;
    %cmpi/u 8, 6, 4;
    %jmp/1 T_35.6, 6;
    %cmpi/u 8, 7, 4;
    %jmp/1 T_35.7, 6;
    %cmpi/u 8, 8, 4;
    %jmp/1 T_35.8, 6;
    %cmpi/u 8, 9, 4;
    %jmp/1 T_35.9, 6;
    %cmpi/u 8, 10, 4;
    %jmp/1 T_35.10, 6;
    %cmpi/u 8, 11, 4;
    %jmp/1 T_35.11, 6;
    %cmpi/u 8, 12, 4;
    %jmp/1 T_35.12, 6;
    %cmpi/u 8, 13, 4;
    %jmp/1 T_35.13, 6;
    %cmpi/u 8, 14, 4;
    %jmp/1 T_35.14, 6;
    %cmpi/u 8, 15, 4;
    %jmp/1 T_35.15, 6;
    %load/v 8, v00D5F8C0_0, 32;
    %set/v v00D5F8C0_0, 8, 32;
    %jmp T_35.17;
T_35.0 ;
    %load/v 8, v00D5F708_0, 32;
    %set/v v00D5F8C0_0, 8, 32;
    %jmp T_35.17;
T_35.1 ;
    %load/v 8, v00D5F760_0, 32;
    %set/v v00D5F8C0_0, 8, 32;
    %jmp T_35.17;
T_35.2 ;
    %load/v 8, v00D5F2E8_0, 32;
    %set/v v00D5F8C0_0, 8, 32;
    %jmp T_35.17;
T_35.3 ;
    %load/v 8, v00D5F340_0, 32;
    %set/v v00D5F8C0_0, 8, 32;
    %jmp T_35.17;
T_35.4 ;
    %load/v 8, v00D5F398_0, 32;
    %set/v v00D5F8C0_0, 8, 32;
    %jmp T_35.17;
T_35.5 ;
    %load/v 8, v00D5F970_0, 32;
    %set/v v00D5F8C0_0, 8, 32;
    %jmp T_35.17;
T_35.6 ;
    %load/v 8, v00D5F918_0, 32;
    %set/v v00D5F8C0_0, 8, 32;
    %jmp T_35.17;
T_35.7 ;
    %load/v 8, v00D5F550_0, 32;
    %set/v v00D5F8C0_0, 8, 32;
    %jmp T_35.17;
T_35.8 ;
    %load/v 8, v00D5F868_0, 32;
    %set/v v00D5F8C0_0, 8, 32;
    %jmp T_35.17;
T_35.9 ;
    %load/v 8, v00D5F3F0_0, 32;
    %set/v v00D5F8C0_0, 8, 32;
    %jmp T_35.17;
T_35.10 ;
    %load/v 8, v00D5F7B8_0, 32;
    %set/v v00D5F8C0_0, 8, 32;
    %jmp T_35.17;
T_35.11 ;
    %load/v 8, v00D5F4A0_0, 32;
    %set/v v00D5F8C0_0, 8, 32;
    %jmp T_35.17;
T_35.12 ;
    %load/v 8, v00D5F448_0, 32;
    %set/v v00D5F8C0_0, 8, 32;
    %jmp T_35.17;
T_35.13 ;
    %load/v 8, v00D5F290_0, 32;
    %set/v v00D5F8C0_0, 8, 32;
    %jmp T_35.17;
T_35.14 ;
    %load/v 8, v00D5F810_0, 32;
    %set/v v00D5F8C0_0, 8, 32;
    %jmp T_35.17;
T_35.15 ;
    %load/v 8, v00D5F4F8_0, 32;
    %set/v v00D5F8C0_0, 8, 32;
    %jmp T_35.17;
T_35.17 ;
    %jmp T_35;
    .thread T_35, $push;
    .scope S_00D63258;
T_36 ;
    %set/v v00DA1B70_0, 1, 1;
    %set/v v00DA1BC8_0, 0, 32;
    %set/v v00DA1AC0_0, 0, 1;
    %set/v v00DA1C78_0, 0, 4;
    %end;
    .thread T_36;
    .scope S_00D63258;
T_37 ;
    %fork t_1, S_00D63258;
    %fork t_2, S_00D63258;
    %fork t_3, S_00D63258;
    %fork t_4, S_00D63258;
    %fork t_5, S_00D63258;
    %fork t_6, S_00D63258;
    %fork t_7, S_00D63258;
    %fork t_8, S_00D63258;
    %fork t_9, S_00D63258;
    %fork t_10, S_00D63258;
    %fork t_11, S_00D63258;
    %fork t_12, S_00D63258;
    %fork t_13, S_00D63258;
    %fork t_14, S_00D63258;
    %fork t_15, S_00D63258;
    %fork t_16, S_00D63258;
    %fork t_17, S_00D63258;
    %fork t_18, S_00D63258;
    %fork t_19, S_00D63258;
    %fork t_20, S_00D63258;
    %fork t_21, S_00D63258;
    %delay 23, 0;
    %set/v v00DA1D28_0, 0, 4;
    %join;
    %join;
    %join;
    %join;
    %join;
    %join;
    %join;
    %join;
    %join;
    %join;
    %join;
    %join;
    %join;
    %join;
    %join;
    %join;
    %join;
    %join;
    %join;
    %join;
    %join;
    %jmp t_0;
t_1 ;
    %movi 8, 24, 6;
T_37.0 %cmp/s 0, 8, 6;
    %jmp/0xz T_37.1, 5;
    %add 8, 1, 6;
    %delay 1, 0;
    %load/v 14, v00DA1B70_0, 1;
    %inv 14, 1;
    %set/v v00DA1B70_0, 14, 1;
    %load/v 14, v00DA1B70_0, 1;
    %jmp/0xz  T_37.2, 14;
    %load/v 14, v00DA1BC8_0, 32;
    %mov 46, 0, 1;
    %addi 14, 1, 33;
    %ix/load 0, 32, 0;
    %assign/v0 v00DA1BC8_0, 0, 14;
    %load/v 14, v00DA1C78_0, 4;
    %mov 18, 0, 28;
    %addi 14, 1, 32;
    %ix/load 0, 4, 0;
    %assign/v0 v00DA1C78_0, 0, 14;
    %vpi_call 2 160 "$display", "TEST  A         \011\011\011\011\011\011\011B         \011\011\011\011\011\011\011PC         \011\011\011\011\011\011\011CLK \011RFE  \011RA\011\011RB\011\011RC \011\011RD  \011TIME";
    %vpi_call 2 161 "$display", "%d    %b   \011%b   \011%b   \011%b   \011%b   \011%b   \011%b   \011%b   \011%b   \011%0d", v00DA1C78_0, v00DA1DD8_0, v00DA1A68_0, v00DA1BC8_0, v00DA1B70_0, v00DA1AC0_0, v00DA1C20_0, v00DA1E30_0, v00DA1CD0_0, v00DA1D28_0, $time;
    %vpi_call 2 162 "$display", "\000", " ";
T_37.2 ;
    %jmp T_37.0;
T_37.1 ;
    %end;
t_2 ;
    %delay 1, 0;
    %set/v v00DA1CD0_0, 0, 4;
    %end;
t_3 ;
    %delay 1, 0;
    %set/v v00DA1C20_0, 0, 4;
    %end;
t_4 ;
    %delay 3, 0;
    %end;
t_5 ;
    %delay 5, 0;
    %end;
t_6 ;
    %delay 7, 0;
    %movi 8, 1, 4;
    %set/v v00DA1CD0_0, 8, 4;
    %end;
t_7 ;
    %delay 7, 0;
    %movi 8, 1, 4;
    %set/v v00DA1C20_0, 8, 4;
    %end;
t_8 ;
    %delay 9, 0;
    %end;
t_9 ;
    %delay 11, 0;
    %set/v v00DA1C20_0, 2, 4;
    %end;
t_10 ;
    %delay 11, 0;
    %movi 8, 1, 4;
    %set/v v00DA1E30_0, 8, 4;
    %end;
t_11 ;
    %delay 13, 0;
    %end;
t_12 ;
    %delay 15, 0;
    %movi 8, 3, 4;
    %set/v v00DA1CD0_0, 8, 4;
    %end;
t_13 ;
    %delay 15, 0;
    %movi 8, 3, 4;
    %set/v v00DA1C20_0, 8, 4;
    %end;
t_14 ;
    %delay 15, 0;
    %set/v v00DA1E30_0, 2, 4;
    %end;
t_15 ;
    %delay 17, 0;
    %end;
t_16 ;
    %delay 19, 0;
    %movi 8, 3, 4;
    %set/v v00DA1C20_0, 8, 4;
    %end;
t_17 ;
    %delay 19, 0;
    %movi 8, 3, 4;
    %set/v v00DA1E30_0, 8, 4;
    %end;
t_18 ;
    %delay 21, 0;
    %set/v v00DA1CD0_0, 2, 4;
    %end;
t_19 ;
    %delay 21, 0;
    %set/v v00DA1E30_0, 0, 4;
    %end;
t_20 ;
    %delay 21, 0;
    %set/v v00DA1D28_0, 0, 4;
    %end;
t_21 ;
    %delay 23, 0;
    %set/v v00DA1C20_0, 0, 4;
    %end;
t_0 ;
    %end;
    .thread T_37;
# The file index is used to find the file name in the following table.
:file_names 3;
    "N/A";
    "<interactive>";
    "C:\Users\hecto\OneDrive\verilogWorkspace/registerFile2CycleEnableChange.v";
