#! /usr/local/Cellar/icarus-verilog/0.9.7/bin/vvp
:ivl_version "0.9.7 " "(v0_9_7)";
:vpi_time_precision + 0;
:vpi_module "system";
:vpi_module "v2005_math";
:vpi_module "va_math";
S_0x7fa10bd08a90 .scope module, "test_alu" "test_alu" 2 1;
 .timescale 0 0;
P_0x7fa10bd03028 .param/l "sim_time" 2 9, +C4<010100000>;
v0x7fa10bd18d20_0 .net "ALUOUT", 31 0, v0x7fa10bd02d10_0; 1 drivers
v0x7fa10bd18dc0_0 .var "CIN", 0 0;
v0x7fa10bd18e40_0 .net "COUT", 0 0, v0x7fa10bd189e0_0; 1 drivers
v0x7fa10bd18f00_0 .var "IF", 3 0;
v0x7fa10bd18fa0_0 .var "IL", 31 0;
v0x7fa10bd19050_0 .var "IR", 31 0;
v0x7fa10bd190f0_0 .net "V", 0 0, v0x7fa10bd18c60_0; 1 drivers
S_0x7fa10bd08b70 .scope module, "alu1" "ALU" 2 10, 3 1, S_0x7fa10bd08a90;
 .timescale 0 0;
v0x7fa10bd02d10_0 .var "ALU_OUTPUT", 31 0;
v0x7fa10bd18950_0 .net "CIN", 0 0, v0x7fa10bd18dc0_0; 1 drivers
v0x7fa10bd189e0_0 .var "COUT", 0 0;
v0x7fa10bd18a80_0 .net "FN", 3 0, v0x7fa10bd18f00_0; 1 drivers
v0x7fa10bd18b10_0 .net "LEFT_OP", 31 0, v0x7fa10bd18fa0_0; 1 drivers
v0x7fa10bd18bd0_0 .net "RIGHT_OP", 31 0, v0x7fa10bd19050_0; 1 drivers
v0x7fa10bd18c60_0 .var "V", 0 0;
E_0x7fa10bd03100 .event edge, v0x7fa10bd18950_0, v0x7fa10bd18a80_0, v0x7fa10bd18bd0_0, v0x7fa10bd18b10_0;
    .scope S_0x7fa10bd08b70;
T_0 ;
    %wait E_0x7fa10bd03100;
    %load/v 8, v0x7fa10bd18a80_0, 4;
    %cmpi/u 8, 0, 4;
    %jmp/1 T_0.0, 6;
    %cmpi/u 8, 1, 4;
    %jmp/1 T_0.1, 6;
    %cmpi/u 8, 2, 4;
    %jmp/1 T_0.2, 6;
    %cmpi/u 8, 3, 4;
    %jmp/1 T_0.3, 6;
    %cmpi/u 8, 4, 4;
    %jmp/1 T_0.4, 6;
    %jmp T_0.5;
T_0.0 ;
    %load/v 40, v0x7fa10bd18b10_0, 32;
    %cmpi/u 40, 0, 32;
    %inv 4, 1;
    %mov 40, 4, 1;
    %load/v 41, v0x7fa10bd18bd0_0, 32;
    %cmpi/u 41, 0, 32;
    %inv 4, 1;
    %mov 41, 4, 1;
    %and 40, 41, 1;
    %mov 8, 40, 1;
    %mov 9, 0, 31;
    %set/v v0x7fa10bd02d10_0, 8, 32;
    %jmp T_0.5;
T_0.1 ;
    %load/v 8, v0x7fa10bd18b10_0, 32;
    %load/v 40, v0x7fa10bd18bd0_0, 32;
    %xor 8, 40, 32;
    %set/v v0x7fa10bd02d10_0, 8, 32;
    %jmp T_0.5;
T_0.2 ;
    %load/v 8, v0x7fa10bd18b10_0, 32;
    %load/v 40, v0x7fa10bd18bd0_0, 32;
    %sub 8, 40, 32;
    %set/v v0x7fa10bd02d10_0, 8, 32;
    %jmp T_0.5;
T_0.3 ;
    %load/v 8, v0x7fa10bd18bd0_0, 32;
    %load/v 40, v0x7fa10bd18b10_0, 32;
    %sub 8, 40, 32;
    %set/v v0x7fa10bd02d10_0, 8, 32;
    %jmp T_0.5;
T_0.4 ;
    %load/v 8, v0x7fa10bd18b10_0, 32;
    %load/v 40, v0x7fa10bd18bd0_0, 32;
    %add 8, 40, 32;
    %set/v v0x7fa10bd02d10_0, 8, 32;
    %jmp T_0.5;
T_0.5 ;
    %jmp T_0;
    .thread T_0, $push;
    .scope S_0x7fa10bd08a90;
T_1 ;
    %delay 160, 0;
    %vpi_call 2 12 "$finish";
    %end;
    .thread T_1;
    .scope S_0x7fa10bd08a90;
T_2 ;
    %set/v v0x7fa10bd18f00_0, 0, 4;
    %movi 8, 15, 32;
    %set/v v0x7fa10bd18fa0_0, 8, 32;
    %movi 8, 15, 32;
    %set/v v0x7fa10bd19050_0, 8, 32;
    %set/v v0x7fa10bd18dc0_0, 0, 1;
    %movi 8, 15, 5;
T_2.0 %cmp/s 0, 8, 5;
    %jmp/0xz T_2.1, 5;
    %add 8, 1, 5;
    %delay 10, 0;
    %ix/load 0, 1, 0;
    %load/vp0 13, v0x7fa10bd18f00_0, 4;
    %set/v v0x7fa10bd18f00_0, 13, 4;
    %jmp T_2.0;
T_2.1 ;
    %end;
    .thread T_2;
    .scope S_0x7fa10bd08a90;
T_3 ;
    %vpi_call 2 24 "$display", " IF \011\011\011IL \011\011\011IL \011\011\011ALUOUT";
    %vpi_call 2 25 "$monitor", "   %b%b%b%b        %h %h %h", &PV<v0x7fa10bd18f00_0, 3, 1>, &PV<v0x7fa10bd18f00_0, 2, 1>, &PV<v0x7fa10bd18f00_0, 1, 1>, &PV<v0x7fa10bd18f00_0, 0, 1>, v0x7fa10bd18fa0_0, v0x7fa10bd19050_0, v0x7fa10bd18d20_0;
    %end;
    .thread T_3;
# The file index is used to find the file name in the following table.
:file_names 4;
    "N/A";
    "<interactive>";
    "/Users/pedro/Desktop/ArquiProjecto/module test_alu.v";
    "/Users/pedro/Desktop/ArquiProjecto/alu.v";
