#! /c/iverilog/bin/vvp
:ivl_version "0.9.7 " "(v0_9_7)";
:vpi_time_precision + 0;
:vpi_module "system";
:vpi_module "v2005_math";
:vpi_module "va_math";
S_00752BC0 .scope module, "registerFileTestBench" "registerFileTestBench" 2 124;
 .timescale 0 0;
v007906C0_0 .net "A", 31 0, v0078D1F8_0; 1 drivers
v00790718_0 .net "B", 31 0, v00622B70_0; 1 drivers
v00790820_0 .var "CLK", 0 0;
v00790878_0 .var "PC", 31 0;
v00790B90_0 .var "RA", 3 0;
v007909D8_0 .var "RB", 3 0;
v00790928_0 .var "RC", 3 0;
v00790CF0_0 .var "RD", 3 0;
v00790A30_0 .var "RFE", 0 0;
v00790BE8_0 .var "TEST", 3 0;
S_00753440 .scope module, "registerFile" "registerFile" 2 137, 2 76, S_00752BC0;
 .timescale 0 0;
v0078F718_0 .alias "A", 31 0, v007906C0_0;
v0078F198_0 .alias "B", 31 0, v00790718_0;
v0078F350_0 .net "M0SEL", 3 0, v00790B90_0; 1 drivers
v0078F458_0 .net "M1SEL", 3 0, v007909D8_0; 1 drivers
v0078F508_0 .net "PC", 31 0, v00790878_0; 1 drivers
v0078F5B8_0 .net "REGCLK", 0 0, v00790820_0; 1 drivers
v0078F6C0_0 .net "REGCLR", 3 0, v00790CF0_0; 1 drivers
v0078F770_0 .net "REGEN", 3 0, v00790928_0; 1 drivers
v0078F7C8_0 .net "RFE", 0 0, v00790A30_0; 1 drivers
v007903A8_0 .net "decoder2RegClear", 15 0, v0078F2F8_0; 1 drivers
v00790C98_0 .net "decoder2RegEnable", 15 0, v0078F090_0; 1 drivers
v007902F8_0 .net "reg0ToMux", 31 0, v0078F3A8_0; 1 drivers
v007904B0_0 .net "reg10ToMux", 31 0, v0078DC18_0; 1 drivers
v00790610_0 .net "reg11ToMux", 31 0, v0078DA60_0; 1 drivers
v00790AE0_0 .net "reg12ToMux", 31 0, v0078DA08_0; 1 drivers
v00790400_0 .net "reg13ToMux", 31 0, v0078DD78_0; 1 drivers
v00790B38_0 .net "reg14ToMux", 31 0, v0078D900_0; 1 drivers
v007908D0_0 .net "reg15ToMux", 31 0, v0078DF88_0; 1 drivers
v00790508_0 .net "reg1ToMux", 31 0, v0078F140_0; 1 drivers
v00790560_0 .net "reg2ToMux", 31 0, v0078F878_0; 1 drivers
v00790C40_0 .net "reg3ToMux", 31 0, v0078F248_0; 1 drivers
v00790458_0 .net "reg4ToMux", 31 0, v0078FB38_0; 1 drivers
v007905B8_0 .net "reg5ToMux", 31 0, v0078FF00_0; 1 drivers
v00790668_0 .net "reg6ToMux", 31 0, v0078FEA8_0; 1 drivers
v00790770_0 .net "reg7ToMux", 31 0, v0078E198_0; 1 drivers
v00790980_0 .net "reg8ToMux", 31 0, v0078E140_0; 1 drivers
v007907C8_0 .net "reg9ToMux", 31 0, v0078DE80_0; 1 drivers
L_00790A88 .part v0078F090_0, 0, 1;
L_00790D48 .part v0078F2F8_0, 0, 1;
L_007902A0 .part v0078F090_0, 1, 1;
L_00790350 .part v0078F2F8_0, 1, 1;
L_00790FB0 .part v0078F090_0, 2, 1;
L_007911C0 .part v0078F2F8_0, 2, 1;
L_00790F00 .part v0078F090_0, 3, 1;
L_00790DA0 .part v0078F2F8_0, 3, 1;
L_00790DF8 .part v0078F090_0, 4, 1;
L_00790E50 .part v0078F2F8_0, 4, 1;
L_00791218 .part v0078F090_0, 5, 1;
L_00791168 .part v0078F2F8_0, 5, 1;
L_00791008 .part v0078F090_0, 6, 1;
L_00790F58 .part v0078F2F8_0, 6, 1;
L_00790EA8 .part v0078F090_0, 7, 1;
L_00791060 .part v0078F2F8_0, 7, 1;
L_007910B8 .part v0078F090_0, 8, 1;
L_00791110 .part v0078F2F8_0, 8, 1;
L_00791790 .part v0078F090_0, 9, 1;
L_00791840 .part v0078F2F8_0, 9, 1;
L_00791DC0 .part v0078F090_0, 10, 1;
L_007919A0 .part v0078F2F8_0, 10, 1;
L_00791898 .part v0078F090_0, 11, 1;
L_007917E8 .part v0078F2F8_0, 11, 1;
L_00791630 .part v0078F090_0, 12, 1;
L_00791A50 .part v0078F2F8_0, 12, 1;
L_007918F0 .part v0078F090_0, 13, 1;
L_00791948 .part v0078F2F8_0, 13, 1;
L_00791738 .part v0078F090_0, 14, 1;
L_00791688 .part v0078F2F8_0, 14, 1;
L_00791C60 .part v0078F090_0, 15, 1;
L_007919F8 .part v0078F2F8_0, 15, 1;
S_00752890 .scope module, "D0" "dec4x16_32b" 2 97, 2 11, S_00753440;
 .timescale 0 0;
v0078F0E8_0 .alias "A", 3 0, v0078F770_0;
v0078F090_0 .var "D", 15 0;
v0078F1F0_0 .alias "EN", 0 0, v0078F7C8_0;
E_007568E0 .event edge, v0078F0E8_0, v0078F560_0;
S_007537F8 .scope module, "D1" "dec4x16_32b" 2 98, 2 11, S_00753440;
 .timescale 0 0;
v0078EFE0_0 .alias "A", 3 0, v0078F6C0_0;
v0078F2F8_0 .var "D", 15 0;
v0078F560_0 .alias "EN", 0 0, v0078F7C8_0;
E_00756640 .event edge, v0078EFE0_0, v0078F560_0;
S_00752D58 .scope module, "R0" "reg_32b" 2 100, 2 39, S_00753440;
 .timescale 0 0;
v0078F9D8_0 .alias "CLK", 0 0, v0078F5B8_0;
v0078F980_0 .net "CLR", 0 0, L_00790D48; 1 drivers
v0078FA30_0 .alias "D", 31 0, v0078F508_0;
v0078F038_0 .net "EN", 0 0, L_00790A88; 1 drivers
v0078F3A8_0 .var "Q", 31 0;
E_00756700/0 .event negedge, v0078F980_0;
E_00756700/1 .event posedge, v0078D4B8_0;
E_00756700 .event/or E_00756700/0, E_00756700/1;
S_00752DE0 .scope module, "R1" "reg_32b" 2 101, 2 39, S_00753440;
 .timescale 0 0;
v0078F2A0_0 .alias "CLK", 0 0, v0078F5B8_0;
v0078F4B0_0 .net "CLR", 0 0, L_00790350; 1 drivers
v0078F928_0 .alias "D", 31 0, v0078F508_0;
v0078F400_0 .net "EN", 0 0, L_007902A0; 1 drivers
v0078F140_0 .var "Q", 31 0;
E_00756C80/0 .event negedge, v0078F4B0_0;
E_00756C80/1 .event posedge, v0078D4B8_0;
E_00756C80 .event/or E_00756C80/0, E_00756C80/1;
S_00752F78 .scope module, "R2" "reg_32b" 2 102, 2 39, S_00753440;
 .timescale 0 0;
v0078F8D0_0 .alias "CLK", 0 0, v0078F5B8_0;
v0078F610_0 .net "CLR", 0 0, L_007911C0; 1 drivers
v0078EF88_0 .alias "D", 31 0, v0078F508_0;
v0078F668_0 .net "EN", 0 0, L_00790FB0; 1 drivers
v0078F878_0 .var "Q", 31 0;
E_007569E0/0 .event negedge, v0078F610_0;
E_007569E0/1 .event posedge, v0078D4B8_0;
E_007569E0 .event/or E_007569E0/0, E_007569E0/1;
S_00753770 .scope module, "R3" "reg_32b" 2 103, 2 39, S_00753440;
 .timescale 0 0;
v0078FC98_0 .alias "CLK", 0 0, v0078F5B8_0;
v0078FB90_0 .net "CLR", 0 0, L_00790DA0; 1 drivers
v0078FC40_0 .alias "D", 31 0, v0078F508_0;
v0078F820_0 .net "EN", 0 0, L_00790F00; 1 drivers
v0078F248_0 .var "Q", 31 0;
E_00756940/0 .event negedge, v0078FB90_0;
E_00756940/1 .event posedge, v0078D4B8_0;
E_00756940 .event/or E_00756940/0, E_00756940/1;
S_007533B8 .scope module, "R4" "reg_32b" 2 104, 2 39, S_00753440;
 .timescale 0 0;
v0078FDF8_0 .alias "CLK", 0 0, v0078F5B8_0;
v0078FCF0_0 .net "CLR", 0 0, L_00790E50; 1 drivers
v0078FE50_0 .alias "D", 31 0, v0078F508_0;
v0078FBE8_0 .net "EN", 0 0, L_00790DF8; 1 drivers
v0078FB38_0 .var "Q", 31 0;
E_00756AA0/0 .event negedge, v0078FCF0_0;
E_00756AA0/1 .event posedge, v0078D4B8_0;
E_00756AA0 .event/or E_00756AA0/0, E_00756AA0/1;
S_007536E8 .scope module, "R5" "reg_32b" 2 105, 2 39, S_00753440;
 .timescale 0 0;
v0078FA88_0 .alias "CLK", 0 0, v0078F5B8_0;
v0078FAE0_0 .net "CLR", 0 0, L_00791168; 1 drivers
v0078FDA0_0 .alias "D", 31 0, v0078F508_0;
v0078FD48_0 .net "EN", 0 0, L_00791218; 1 drivers
v0078FF00_0 .var "Q", 31 0;
E_00756A20/0 .event negedge, v0078FAE0_0;
E_00756A20/1 .event posedge, v0078D4B8_0;
E_00756A20 .event/or E_00756A20/0, E_00756A20/1;
S_007532A8 .scope module, "R6" "reg_32b" 2 106, 2 39, S_00753440;
 .timescale 0 0;
v0078E4B0_0 .alias "CLK", 0 0, v0078F5B8_0;
v0078E1F0_0 .net "CLR", 0 0, L_00790F58; 1 drivers
v0078E3A8_0 .alias "D", 31 0, v0078F508_0;
v0078E458_0 .net "EN", 0 0, L_00791008; 1 drivers
v0078FEA8_0 .var "Q", 31 0;
E_007569A0/0 .event negedge, v0078E1F0_0;
E_007569A0/1 .event posedge, v0078D4B8_0;
E_007569A0 .event/or E_007569A0/0, E_007569A0/1;
S_00753088 .scope module, "R7" "reg_32b" 2 107, 2 39, S_00753440;
 .timescale 0 0;
v0078E248_0 .alias "CLK", 0 0, v0078F5B8_0;
v0078E350_0 .net "CLR", 0 0, L_00791060; 1 drivers
v0078E2F8_0 .alias "D", 31 0, v0078F508_0;
v0078E400_0 .net "EN", 0 0, L_00790EA8; 1 drivers
v0078E198_0 .var "Q", 31 0;
E_00756980/0 .event negedge, v0078E350_0;
E_00756980/1 .event posedge, v0078D4B8_0;
E_00756980 .event/or E_00756980/0, E_00756980/1;
S_00752A28 .scope module, "R8" "reg_32b" 2 108, 2 39, S_00753440;
 .timescale 0 0;
v0078E508_0 .alias "CLK", 0 0, v0078F5B8_0;
v0078E560_0 .net "CLR", 0 0, L_00791110; 1 drivers
v0078E0E8_0 .alias "D", 31 0, v0078F508_0;
v0078E2A0_0 .net "EN", 0 0, L_007910B8; 1 drivers
v0078E140_0 .var "Q", 31 0;
E_00756AC0/0 .event negedge, v0078E560_0;
E_00756AC0/1 .event posedge, v0078D4B8_0;
E_00756AC0 .event/or E_00756AC0/0, E_00756AC0/1;
S_00753000 .scope module, "R9" "reg_32b" 2 109, 2 39, S_00753440;
 .timescale 0 0;
v0078DF30_0 .alias "CLK", 0 0, v0078F5B8_0;
v0078DC70_0 .net "CLR", 0 0, L_00791840; 1 drivers
v0078D7A0_0 .alias "D", 31 0, v0078F508_0;
v0078DDD0_0 .net "EN", 0 0, L_00791790; 1 drivers
v0078DE80_0 .var "Q", 31 0;
E_00756880/0 .event negedge, v0078DC70_0;
E_00756880/1 .event posedge, v0078D4B8_0;
E_00756880 .event/or E_00756880/0, E_00756880/1;
S_007535D8 .scope module, "R10" "reg_32b" 2 110, 2 39, S_00753440;
 .timescale 0 0;
v0078D6F0_0 .alias "CLK", 0 0, v0078F5B8_0;
v0078D7F8_0 .net "CLR", 0 0, L_007919A0; 1 drivers
v0078DCC8_0 .alias "D", 31 0, v0078F508_0;
v0078DB10_0 .net "EN", 0 0, L_00791DC0; 1 drivers
v0078DC18_0 .var "Q", 31 0;
E_00756620/0 .event negedge, v0078D7F8_0;
E_00756620/1 .event posedge, v0078D4B8_0;
E_00756620 .event/or E_00756620/0, E_00756620/1;
S_00753330 .scope module, "R11" "reg_32b" 2 111, 2 39, S_00753440;
 .timescale 0 0;
v0078DE28_0 .alias "CLK", 0 0, v0078F5B8_0;
v0078DAB8_0 .net "CLR", 0 0, L_007917E8; 1 drivers
v0078D640_0 .alias "D", 31 0, v0078F508_0;
v0078D698_0 .net "EN", 0 0, L_00791898; 1 drivers
v0078DA60_0 .var "Q", 31 0;
E_007564E0/0 .event negedge, v0078DAB8_0;
E_007564E0/1 .event posedge, v0078D4B8_0;
E_007564E0 .event/or E_007564E0/0, E_007564E0/1;
S_00752808 .scope module, "R12" "reg_32b" 2 112, 2 39, S_00753440;
 .timescale 0 0;
v0078DBC0_0 .alias "CLK", 0 0, v0078F5B8_0;
v0078D958_0 .net "CLR", 0 0, L_00791A50; 1 drivers
v0078E090_0 .alias "D", 31 0, v0078F508_0;
v0078D9B0_0 .net "EN", 0 0, L_00791630; 1 drivers
v0078DA08_0 .var "Q", 31 0;
E_007564C0/0 .event negedge, v0078D958_0;
E_007564C0/1 .event posedge, v0078D4B8_0;
E_007564C0 .event/or E_007564C0/0, E_007564C0/1;
S_00753110 .scope module, "R13" "reg_32b" 2 113, 2 39, S_00753440;
 .timescale 0 0;
v0078DFE0_0 .alias "CLK", 0 0, v0078F5B8_0;
v0078D748_0 .net "CLR", 0 0, L_00791948; 1 drivers
v0078E038_0 .alias "D", 31 0, v0078F508_0;
v0078D850_0 .net "EN", 0 0, L_007918F0; 1 drivers
v0078DD78_0 .var "Q", 31 0;
E_00756500/0 .event negedge, v0078D748_0;
E_00756500/1 .event posedge, v0078D4B8_0;
E_00756500 .event/or E_00756500/0, E_00756500/1;
S_007529A0 .scope module, "R14" "reg_32b" 2 114, 2 39, S_00753440;
 .timescale 0 0;
v0078DED8_0 .alias "CLK", 0 0, v0078F5B8_0;
v0078DB68_0 .net "CLR", 0 0, L_00791688; 1 drivers
v0078DD20_0 .alias "D", 31 0, v0078F508_0;
v0078D5E8_0 .net "EN", 0 0, L_00791738; 1 drivers
v0078D900_0 .var "Q", 31 0;
E_00756C40/0 .event negedge, v0078DB68_0;
E_00756C40/1 .event posedge, v0078D4B8_0;
E_00756C40 .event/or E_00756C40/0, E_00756C40/1;
S_00752CD0 .scope module, "R15" "reg_32b" 2 115, 2 39, S_00753440;
 .timescale 0 0;
v0078D4B8_0 .alias "CLK", 0 0, v0078F5B8_0;
v0078CEE0_0 .net "CLR", 0 0, L_007919F8; 1 drivers
v0078CF38_0 .alias "D", 31 0, v0078F508_0;
v0078D8A8_0 .net "EN", 0 0, L_00791C60; 1 drivers
v0078DF88_0 .var "Q", 31 0;
E_00756900/0 .event negedge, v0078CEE0_0;
E_00756900/1 .event posedge, v0078D4B8_0;
E_00756900 .event/or E_00756900/0, E_00756900/1;
S_00752AB0 .scope module, "M0" "mux8x1_32b" 2 117, 2 53, S_00753440;
 .timescale 0 0;
v0078D040_0 .alias "I0", 31 0, v007902F8_0;
v0078D408_0 .alias "I1", 31 0, v00790508_0;
v0078CE88_0 .alias "I10", 31 0, v007904B0_0;
v0078CFE8_0 .alias "I11", 31 0, v00790610_0;
v0078D510_0 .alias "I12", 31 0, v00790AE0_0;
v0078D300_0 .alias "I13", 31 0, v00790400_0;
v0078D2A8_0 .alias "I14", 31 0, v00790B38_0;
v0078D3B0_0 .alias "I15", 31 0, v007908D0_0;
v0078CF90_0 .alias "I2", 31 0, v00790560_0;
v0078D148_0 .alias "I3", 31 0, v00790C40_0;
v0078D098_0 .alias "I4", 31 0, v00790458_0;
v0078D250_0 .alias "I5", 31 0, v007905B8_0;
v0078CDD8_0 .alias "I6", 31 0, v00790668_0;
v0078D358_0 .alias "I7", 31 0, v00790770_0;
v0078D1A0_0 .alias "I8", 31 0, v00790980_0;
v0078D460_0 .alias "I9", 31 0, v007907C8_0;
v0078D1F8_0 .var "O", 31 0;
v0078CE30_0 .alias "SEL", 3 0, v0078F350_0;
E_007566C0/0 .event edge, v00743CB8_0, v00743C60_0, v00743C08_0, v00742A68_0;
E_007566C0/1 .event edge, v00742A10_0, v007429B8_0, v00741BD8_0, v0062C3F8_0;
E_007566C0/2 .event edge, v0078CE30_0;
E_007566C0 .event/or E_007566C0/0, E_007566C0/1, E_007566C0/2;
S_00753220 .scope module, "M1" "mux8x1_32b" 2 120, 2 53, S_00753440;
 .timescale 0 0;
v0062C3F8_0 .alias "I0", 31 0, v007902F8_0;
v00741BD8_0 .alias "I1", 31 0, v00790508_0;
v0074B7B8_0 .alias "I10", 31 0, v007904B0_0;
v0074B810_0 .alias "I11", 31 0, v00790610_0;
v0074B868_0 .alias "I12", 31 0, v00790AE0_0;
v0062E960_0 .alias "I13", 31 0, v00790400_0;
v0062E9B8_0 .alias "I14", 31 0, v00790B38_0;
v0062EA10_0 .alias "I15", 31 0, v007908D0_0;
v007429B8_0 .alias "I2", 31 0, v00790560_0;
v00742A10_0 .alias "I3", 31 0, v00790C40_0;
v00742A68_0 .alias "I4", 31 0, v00790458_0;
v00743C08_0 .alias "I5", 31 0, v007905B8_0;
v00743C60_0 .alias "I6", 31 0, v00790668_0;
v00743CB8_0 .alias "I7", 31 0, v00790770_0;
v00622AC0_0 .alias "I8", 31 0, v00790980_0;
v00622B18_0 .alias "I9", 31 0, v007907C8_0;
v00622B70_0 .var "O", 31 0;
v0078D0F0_0 .alias "SEL", 3 0, v0078F458_0;
E_00756860/0 .event edge, v00743CB8_0, v00743C60_0, v00743C08_0, v00742A68_0;
E_00756860/1 .event edge, v00742A10_0, v007429B8_0, v00741BD8_0, v0062C3F8_0;
E_00756860/2 .event edge, v0078D0F0_0;
E_00756860 .event/or E_00756860/0, E_00756860/1, E_00756860/2;
    .scope S_00752890;
T_0 ;
    %wait E_007568E0;
    %load/v 8, v0078F1F0_0, 1;
    %inv 8, 1;
    %jmp/0xz  T_0.0, 8;
    %load/v 8, v0078F0E8_0, 4;
    %cmpi/u 8, 0, 4;
    %jmp/1 T_0.2, 6;
    %cmpi/u 8, 1, 4;
    %jmp/1 T_0.3, 6;
    %cmpi/u 8, 2, 4;
    %jmp/1 T_0.4, 6;
    %cmpi/u 8, 3, 4;
    %jmp/1 T_0.5, 6;
    %cmpi/u 8, 4, 4;
    %jmp/1 T_0.6, 6;
    %cmpi/u 8, 5, 4;
    %jmp/1 T_0.7, 6;
    %cmpi/u 8, 6, 4;
    %jmp/1 T_0.8, 6;
    %cmpi/u 8, 7, 4;
    %jmp/1 T_0.9, 6;
    %cmpi/u 8, 8, 4;
    %jmp/1 T_0.10, 6;
    %cmpi/u 8, 9, 4;
    %jmp/1 T_0.11, 6;
    %cmpi/u 8, 10, 4;
    %jmp/1 T_0.12, 6;
    %cmpi/u 8, 11, 4;
    %jmp/1 T_0.13, 6;
    %cmpi/u 8, 12, 4;
    %jmp/1 T_0.14, 6;
    %cmpi/u 8, 13, 4;
    %jmp/1 T_0.15, 6;
    %cmpi/u 8, 14, 4;
    %jmp/1 T_0.16, 6;
    %cmpi/u 8, 15, 4;
    %jmp/1 T_0.17, 6;
    %set/v v0078F090_0, 1, 16;
    %jmp T_0.19;
T_0.2 ;
    %movi 8, 65534, 16;
    %set/v v0078F090_0, 8, 16;
    %jmp T_0.19;
T_0.3 ;
    %movi 8, 65533, 16;
    %set/v v0078F090_0, 8, 16;
    %jmp T_0.19;
T_0.4 ;
    %movi 8, 65531, 16;
    %set/v v0078F090_0, 8, 16;
    %jmp T_0.19;
T_0.5 ;
    %movi 8, 65527, 16;
    %set/v v0078F090_0, 8, 16;
    %jmp T_0.19;
T_0.6 ;
    %movi 8, 65519, 16;
    %set/v v0078F090_0, 8, 16;
    %jmp T_0.19;
T_0.7 ;
    %movi 8, 65503, 16;
    %set/v v0078F090_0, 8, 16;
    %jmp T_0.19;
T_0.8 ;
    %movi 8, 65471, 16;
    %set/v v0078F090_0, 8, 16;
    %jmp T_0.19;
T_0.9 ;
    %movi 8, 65407, 16;
    %set/v v0078F090_0, 8, 16;
    %jmp T_0.19;
T_0.10 ;
    %movi 8, 65279, 16;
    %set/v v0078F090_0, 8, 16;
    %jmp T_0.19;
T_0.11 ;
    %movi 8, 65023, 16;
    %set/v v0078F090_0, 8, 16;
    %jmp T_0.19;
T_0.12 ;
    %movi 8, 64511, 16;
    %set/v v0078F090_0, 8, 16;
    %jmp T_0.19;
T_0.13 ;
    %movi 8, 63487, 16;
    %set/v v0078F090_0, 8, 16;
    %jmp T_0.19;
T_0.14 ;
    %movi 8, 61439, 16;
    %set/v v0078F090_0, 8, 16;
    %jmp T_0.19;
T_0.15 ;
    %movi 8, 57343, 16;
    %set/v v0078F090_0, 8, 16;
    %jmp T_0.19;
T_0.16 ;
    %movi 8, 49151, 16;
    %set/v v0078F090_0, 8, 16;
    %jmp T_0.19;
T_0.17 ;
    %movi 8, 32767, 16;
    %set/v v0078F090_0, 8, 16;
    %jmp T_0.19;
T_0.19 ;
T_0.0 ;
    %jmp T_0;
    .thread T_0, $push;
    .scope S_007537F8;
T_1 ;
    %wait E_00756640;
    %load/v 8, v0078F560_0, 1;
    %inv 8, 1;
    %jmp/0xz  T_1.0, 8;
    %load/v 8, v0078EFE0_0, 4;
    %cmpi/u 8, 0, 4;
    %jmp/1 T_1.2, 6;
    %cmpi/u 8, 1, 4;
    %jmp/1 T_1.3, 6;
    %cmpi/u 8, 2, 4;
    %jmp/1 T_1.4, 6;
    %cmpi/u 8, 3, 4;
    %jmp/1 T_1.5, 6;
    %cmpi/u 8, 4, 4;
    %jmp/1 T_1.6, 6;
    %cmpi/u 8, 5, 4;
    %jmp/1 T_1.7, 6;
    %cmpi/u 8, 6, 4;
    %jmp/1 T_1.8, 6;
    %cmpi/u 8, 7, 4;
    %jmp/1 T_1.9, 6;
    %cmpi/u 8, 8, 4;
    %jmp/1 T_1.10, 6;
    %cmpi/u 8, 9, 4;
    %jmp/1 T_1.11, 6;
    %cmpi/u 8, 10, 4;
    %jmp/1 T_1.12, 6;
    %cmpi/u 8, 11, 4;
    %jmp/1 T_1.13, 6;
    %cmpi/u 8, 12, 4;
    %jmp/1 T_1.14, 6;
    %cmpi/u 8, 13, 4;
    %jmp/1 T_1.15, 6;
    %cmpi/u 8, 14, 4;
    %jmp/1 T_1.16, 6;
    %cmpi/u 8, 15, 4;
    %jmp/1 T_1.17, 6;
    %set/v v0078F2F8_0, 1, 16;
    %jmp T_1.19;
T_1.2 ;
    %movi 8, 65534, 16;
    %set/v v0078F2F8_0, 8, 16;
    %jmp T_1.19;
T_1.3 ;
    %movi 8, 65533, 16;
    %set/v v0078F2F8_0, 8, 16;
    %jmp T_1.19;
T_1.4 ;
    %movi 8, 65531, 16;
    %set/v v0078F2F8_0, 8, 16;
    %jmp T_1.19;
T_1.5 ;
    %movi 8, 65527, 16;
    %set/v v0078F2F8_0, 8, 16;
    %jmp T_1.19;
T_1.6 ;
    %movi 8, 65519, 16;
    %set/v v0078F2F8_0, 8, 16;
    %jmp T_1.19;
T_1.7 ;
    %movi 8, 65503, 16;
    %set/v v0078F2F8_0, 8, 16;
    %jmp T_1.19;
T_1.8 ;
    %movi 8, 65471, 16;
    %set/v v0078F2F8_0, 8, 16;
    %jmp T_1.19;
T_1.9 ;
    %movi 8, 65407, 16;
    %set/v v0078F2F8_0, 8, 16;
    %jmp T_1.19;
T_1.10 ;
    %movi 8, 65279, 16;
    %set/v v0078F2F8_0, 8, 16;
    %jmp T_1.19;
T_1.11 ;
    %movi 8, 65023, 16;
    %set/v v0078F2F8_0, 8, 16;
    %jmp T_1.19;
T_1.12 ;
    %movi 8, 64511, 16;
    %set/v v0078F2F8_0, 8, 16;
    %jmp T_1.19;
T_1.13 ;
    %movi 8, 63487, 16;
    %set/v v0078F2F8_0, 8, 16;
    %jmp T_1.19;
T_1.14 ;
    %movi 8, 61439, 16;
    %set/v v0078F2F8_0, 8, 16;
    %jmp T_1.19;
T_1.15 ;
    %movi 8, 57343, 16;
    %set/v v0078F2F8_0, 8, 16;
    %jmp T_1.19;
T_1.16 ;
    %movi 8, 49151, 16;
    %set/v v0078F2F8_0, 8, 16;
    %jmp T_1.19;
T_1.17 ;
    %movi 8, 32767, 16;
    %set/v v0078F2F8_0, 8, 16;
    %jmp T_1.19;
T_1.19 ;
T_1.0 ;
    %jmp T_1;
    .thread T_1, $push;
    .scope S_00752D58;
T_2 ;
    %ix/load 0, 32, 0;
    %assign/v0 v0078F3A8_0, 0, 0;
    %end;
    .thread T_2;
    .scope S_00752D58;
T_3 ;
    %wait E_00756700;
    %load/v 8, v0078F038_0, 1;
    %inv 8, 1;
    %jmp/0xz  T_3.0, 8;
    %load/v 8, v0078FA30_0, 32;
    %ix/load 0, 32, 0;
    %assign/v0 v0078F3A8_0, 0, 8;
    %jmp T_3.1;
T_3.0 ;
    %load/v 8, v0078F980_0, 1;
    %inv 8, 1;
    %jmp/0xz  T_3.2, 8;
    %ix/load 0, 32, 0;
    %assign/v0 v0078F3A8_0, 0, 0;
    %jmp T_3.3;
T_3.2 ;
    %load/v 8, v0078F3A8_0, 32;
    %ix/load 0, 32, 0;
    %assign/v0 v0078F3A8_0, 0, 8;
T_3.3 ;
T_3.1 ;
    %jmp T_3;
    .thread T_3;
    .scope S_00752DE0;
T_4 ;
    %ix/load 0, 32, 0;
    %assign/v0 v0078F140_0, 0, 0;
    %end;
    .thread T_4;
    .scope S_00752DE0;
T_5 ;
    %wait E_00756C80;
    %load/v 8, v0078F400_0, 1;
    %inv 8, 1;
    %jmp/0xz  T_5.0, 8;
    %load/v 8, v0078F928_0, 32;
    %ix/load 0, 32, 0;
    %assign/v0 v0078F140_0, 0, 8;
    %jmp T_5.1;
T_5.0 ;
    %load/v 8, v0078F4B0_0, 1;
    %inv 8, 1;
    %jmp/0xz  T_5.2, 8;
    %ix/load 0, 32, 0;
    %assign/v0 v0078F140_0, 0, 0;
    %jmp T_5.3;
T_5.2 ;
    %load/v 8, v0078F140_0, 32;
    %ix/load 0, 32, 0;
    %assign/v0 v0078F140_0, 0, 8;
T_5.3 ;
T_5.1 ;
    %jmp T_5;
    .thread T_5;
    .scope S_00752F78;
T_6 ;
    %ix/load 0, 32, 0;
    %assign/v0 v0078F878_0, 0, 0;
    %end;
    .thread T_6;
    .scope S_00752F78;
T_7 ;
    %wait E_007569E0;
    %load/v 8, v0078F668_0, 1;
    %inv 8, 1;
    %jmp/0xz  T_7.0, 8;
    %load/v 8, v0078EF88_0, 32;
    %ix/load 0, 32, 0;
    %assign/v0 v0078F878_0, 0, 8;
    %jmp T_7.1;
T_7.0 ;
    %load/v 8, v0078F610_0, 1;
    %inv 8, 1;
    %jmp/0xz  T_7.2, 8;
    %ix/load 0, 32, 0;
    %assign/v0 v0078F878_0, 0, 0;
    %jmp T_7.3;
T_7.2 ;
    %load/v 8, v0078F878_0, 32;
    %ix/load 0, 32, 0;
    %assign/v0 v0078F878_0, 0, 8;
T_7.3 ;
T_7.1 ;
    %jmp T_7;
    .thread T_7;
    .scope S_00753770;
T_8 ;
    %ix/load 0, 32, 0;
    %assign/v0 v0078F248_0, 0, 0;
    %end;
    .thread T_8;
    .scope S_00753770;
T_9 ;
    %wait E_00756940;
    %load/v 8, v0078F820_0, 1;
    %inv 8, 1;
    %jmp/0xz  T_9.0, 8;
    %load/v 8, v0078FC40_0, 32;
    %ix/load 0, 32, 0;
    %assign/v0 v0078F248_0, 0, 8;
    %jmp T_9.1;
T_9.0 ;
    %load/v 8, v0078FB90_0, 1;
    %inv 8, 1;
    %jmp/0xz  T_9.2, 8;
    %ix/load 0, 32, 0;
    %assign/v0 v0078F248_0, 0, 0;
    %jmp T_9.3;
T_9.2 ;
    %load/v 8, v0078F248_0, 32;
    %ix/load 0, 32, 0;
    %assign/v0 v0078F248_0, 0, 8;
T_9.3 ;
T_9.1 ;
    %jmp T_9;
    .thread T_9;
    .scope S_007533B8;
T_10 ;
    %ix/load 0, 32, 0;
    %assign/v0 v0078FB38_0, 0, 0;
    %end;
    .thread T_10;
    .scope S_007533B8;
T_11 ;
    %wait E_00756AA0;
    %load/v 8, v0078FBE8_0, 1;
    %inv 8, 1;
    %jmp/0xz  T_11.0, 8;
    %load/v 8, v0078FE50_0, 32;
    %ix/load 0, 32, 0;
    %assign/v0 v0078FB38_0, 0, 8;
    %jmp T_11.1;
T_11.0 ;
    %load/v 8, v0078FCF0_0, 1;
    %inv 8, 1;
    %jmp/0xz  T_11.2, 8;
    %ix/load 0, 32, 0;
    %assign/v0 v0078FB38_0, 0, 0;
    %jmp T_11.3;
T_11.2 ;
    %load/v 8, v0078FB38_0, 32;
    %ix/load 0, 32, 0;
    %assign/v0 v0078FB38_0, 0, 8;
T_11.3 ;
T_11.1 ;
    %jmp T_11;
    .thread T_11;
    .scope S_007536E8;
T_12 ;
    %ix/load 0, 32, 0;
    %assign/v0 v0078FF00_0, 0, 0;
    %end;
    .thread T_12;
    .scope S_007536E8;
T_13 ;
    %wait E_00756A20;
    %load/v 8, v0078FD48_0, 1;
    %inv 8, 1;
    %jmp/0xz  T_13.0, 8;
    %load/v 8, v0078FDA0_0, 32;
    %ix/load 0, 32, 0;
    %assign/v0 v0078FF00_0, 0, 8;
    %jmp T_13.1;
T_13.0 ;
    %load/v 8, v0078FAE0_0, 1;
    %inv 8, 1;
    %jmp/0xz  T_13.2, 8;
    %ix/load 0, 32, 0;
    %assign/v0 v0078FF00_0, 0, 0;
    %jmp T_13.3;
T_13.2 ;
    %load/v 8, v0078FF00_0, 32;
    %ix/load 0, 32, 0;
    %assign/v0 v0078FF00_0, 0, 8;
T_13.3 ;
T_13.1 ;
    %jmp T_13;
    .thread T_13;
    .scope S_007532A8;
T_14 ;
    %ix/load 0, 32, 0;
    %assign/v0 v0078FEA8_0, 0, 0;
    %end;
    .thread T_14;
    .scope S_007532A8;
T_15 ;
    %wait E_007569A0;
    %load/v 8, v0078E458_0, 1;
    %inv 8, 1;
    %jmp/0xz  T_15.0, 8;
    %load/v 8, v0078E3A8_0, 32;
    %ix/load 0, 32, 0;
    %assign/v0 v0078FEA8_0, 0, 8;
    %jmp T_15.1;
T_15.0 ;
    %load/v 8, v0078E1F0_0, 1;
    %inv 8, 1;
    %jmp/0xz  T_15.2, 8;
    %ix/load 0, 32, 0;
    %assign/v0 v0078FEA8_0, 0, 0;
    %jmp T_15.3;
T_15.2 ;
    %load/v 8, v0078FEA8_0, 32;
    %ix/load 0, 32, 0;
    %assign/v0 v0078FEA8_0, 0, 8;
T_15.3 ;
T_15.1 ;
    %jmp T_15;
    .thread T_15;
    .scope S_00753088;
T_16 ;
    %ix/load 0, 32, 0;
    %assign/v0 v0078E198_0, 0, 0;
    %end;
    .thread T_16;
    .scope S_00753088;
T_17 ;
    %wait E_00756980;
    %load/v 8, v0078E400_0, 1;
    %inv 8, 1;
    %jmp/0xz  T_17.0, 8;
    %load/v 8, v0078E2F8_0, 32;
    %ix/load 0, 32, 0;
    %assign/v0 v0078E198_0, 0, 8;
    %jmp T_17.1;
T_17.0 ;
    %load/v 8, v0078E350_0, 1;
    %inv 8, 1;
    %jmp/0xz  T_17.2, 8;
    %ix/load 0, 32, 0;
    %assign/v0 v0078E198_0, 0, 0;
    %jmp T_17.3;
T_17.2 ;
    %load/v 8, v0078E198_0, 32;
    %ix/load 0, 32, 0;
    %assign/v0 v0078E198_0, 0, 8;
T_17.3 ;
T_17.1 ;
    %jmp T_17;
    .thread T_17;
    .scope S_00752A28;
T_18 ;
    %ix/load 0, 32, 0;
    %assign/v0 v0078E140_0, 0, 0;
    %end;
    .thread T_18;
    .scope S_00752A28;
T_19 ;
    %wait E_00756AC0;
    %load/v 8, v0078E2A0_0, 1;
    %inv 8, 1;
    %jmp/0xz  T_19.0, 8;
    %load/v 8, v0078E0E8_0, 32;
    %ix/load 0, 32, 0;
    %assign/v0 v0078E140_0, 0, 8;
    %jmp T_19.1;
T_19.0 ;
    %load/v 8, v0078E560_0, 1;
    %inv 8, 1;
    %jmp/0xz  T_19.2, 8;
    %ix/load 0, 32, 0;
    %assign/v0 v0078E140_0, 0, 0;
    %jmp T_19.3;
T_19.2 ;
    %load/v 8, v0078E140_0, 32;
    %ix/load 0, 32, 0;
    %assign/v0 v0078E140_0, 0, 8;
T_19.3 ;
T_19.1 ;
    %jmp T_19;
    .thread T_19;
    .scope S_00753000;
T_20 ;
    %ix/load 0, 32, 0;
    %assign/v0 v0078DE80_0, 0, 0;
    %end;
    .thread T_20;
    .scope S_00753000;
T_21 ;
    %wait E_00756880;
    %load/v 8, v0078DDD0_0, 1;
    %inv 8, 1;
    %jmp/0xz  T_21.0, 8;
    %load/v 8, v0078D7A0_0, 32;
    %ix/load 0, 32, 0;
    %assign/v0 v0078DE80_0, 0, 8;
    %jmp T_21.1;
T_21.0 ;
    %load/v 8, v0078DC70_0, 1;
    %inv 8, 1;
    %jmp/0xz  T_21.2, 8;
    %ix/load 0, 32, 0;
    %assign/v0 v0078DE80_0, 0, 0;
    %jmp T_21.3;
T_21.2 ;
    %load/v 8, v0078DE80_0, 32;
    %ix/load 0, 32, 0;
    %assign/v0 v0078DE80_0, 0, 8;
T_21.3 ;
T_21.1 ;
    %jmp T_21;
    .thread T_21;
    .scope S_007535D8;
T_22 ;
    %ix/load 0, 32, 0;
    %assign/v0 v0078DC18_0, 0, 0;
    %end;
    .thread T_22;
    .scope S_007535D8;
T_23 ;
    %wait E_00756620;
    %load/v 8, v0078DB10_0, 1;
    %inv 8, 1;
    %jmp/0xz  T_23.0, 8;
    %load/v 8, v0078DCC8_0, 32;
    %ix/load 0, 32, 0;
    %assign/v0 v0078DC18_0, 0, 8;
    %jmp T_23.1;
T_23.0 ;
    %load/v 8, v0078D7F8_0, 1;
    %inv 8, 1;
    %jmp/0xz  T_23.2, 8;
    %ix/load 0, 32, 0;
    %assign/v0 v0078DC18_0, 0, 0;
    %jmp T_23.3;
T_23.2 ;
    %load/v 8, v0078DC18_0, 32;
    %ix/load 0, 32, 0;
    %assign/v0 v0078DC18_0, 0, 8;
T_23.3 ;
T_23.1 ;
    %jmp T_23;
    .thread T_23;
    .scope S_00753330;
T_24 ;
    %ix/load 0, 32, 0;
    %assign/v0 v0078DA60_0, 0, 0;
    %end;
    .thread T_24;
    .scope S_00753330;
T_25 ;
    %wait E_007564E0;
    %load/v 8, v0078D698_0, 1;
    %inv 8, 1;
    %jmp/0xz  T_25.0, 8;
    %load/v 8, v0078D640_0, 32;
    %ix/load 0, 32, 0;
    %assign/v0 v0078DA60_0, 0, 8;
    %jmp T_25.1;
T_25.0 ;
    %load/v 8, v0078DAB8_0, 1;
    %inv 8, 1;
    %jmp/0xz  T_25.2, 8;
    %ix/load 0, 32, 0;
    %assign/v0 v0078DA60_0, 0, 0;
    %jmp T_25.3;
T_25.2 ;
    %load/v 8, v0078DA60_0, 32;
    %ix/load 0, 32, 0;
    %assign/v0 v0078DA60_0, 0, 8;
T_25.3 ;
T_25.1 ;
    %jmp T_25;
    .thread T_25;
    .scope S_00752808;
T_26 ;
    %ix/load 0, 32, 0;
    %assign/v0 v0078DA08_0, 0, 0;
    %end;
    .thread T_26;
    .scope S_00752808;
T_27 ;
    %wait E_007564C0;
    %load/v 8, v0078D9B0_0, 1;
    %inv 8, 1;
    %jmp/0xz  T_27.0, 8;
    %load/v 8, v0078E090_0, 32;
    %ix/load 0, 32, 0;
    %assign/v0 v0078DA08_0, 0, 8;
    %jmp T_27.1;
T_27.0 ;
    %load/v 8, v0078D958_0, 1;
    %inv 8, 1;
    %jmp/0xz  T_27.2, 8;
    %ix/load 0, 32, 0;
    %assign/v0 v0078DA08_0, 0, 0;
    %jmp T_27.3;
T_27.2 ;
    %load/v 8, v0078DA08_0, 32;
    %ix/load 0, 32, 0;
    %assign/v0 v0078DA08_0, 0, 8;
T_27.3 ;
T_27.1 ;
    %jmp T_27;
    .thread T_27;
    .scope S_00753110;
T_28 ;
    %ix/load 0, 32, 0;
    %assign/v0 v0078DD78_0, 0, 0;
    %end;
    .thread T_28;
    .scope S_00753110;
T_29 ;
    %wait E_00756500;
    %load/v 8, v0078D850_0, 1;
    %inv 8, 1;
    %jmp/0xz  T_29.0, 8;
    %load/v 8, v0078E038_0, 32;
    %ix/load 0, 32, 0;
    %assign/v0 v0078DD78_0, 0, 8;
    %jmp T_29.1;
T_29.0 ;
    %load/v 8, v0078D748_0, 1;
    %inv 8, 1;
    %jmp/0xz  T_29.2, 8;
    %ix/load 0, 32, 0;
    %assign/v0 v0078DD78_0, 0, 0;
    %jmp T_29.3;
T_29.2 ;
    %load/v 8, v0078DD78_0, 32;
    %ix/load 0, 32, 0;
    %assign/v0 v0078DD78_0, 0, 8;
T_29.3 ;
T_29.1 ;
    %jmp T_29;
    .thread T_29;
    .scope S_007529A0;
T_30 ;
    %ix/load 0, 32, 0;
    %assign/v0 v0078D900_0, 0, 0;
    %end;
    .thread T_30;
    .scope S_007529A0;
T_31 ;
    %wait E_00756C40;
    %load/v 8, v0078D5E8_0, 1;
    %inv 8, 1;
    %jmp/0xz  T_31.0, 8;
    %load/v 8, v0078DD20_0, 32;
    %ix/load 0, 32, 0;
    %assign/v0 v0078D900_0, 0, 8;
    %jmp T_31.1;
T_31.0 ;
    %load/v 8, v0078DB68_0, 1;
    %inv 8, 1;
    %jmp/0xz  T_31.2, 8;
    %ix/load 0, 32, 0;
    %assign/v0 v0078D900_0, 0, 0;
    %jmp T_31.3;
T_31.2 ;
    %load/v 8, v0078D900_0, 32;
    %ix/load 0, 32, 0;
    %assign/v0 v0078D900_0, 0, 8;
T_31.3 ;
T_31.1 ;
    %jmp T_31;
    .thread T_31;
    .scope S_00752CD0;
T_32 ;
    %ix/load 0, 32, 0;
    %assign/v0 v0078DF88_0, 0, 0;
    %end;
    .thread T_32;
    .scope S_00752CD0;
T_33 ;
    %wait E_00756900;
    %load/v 8, v0078D8A8_0, 1;
    %inv 8, 1;
    %jmp/0xz  T_33.0, 8;
    %load/v 8, v0078CF38_0, 32;
    %ix/load 0, 32, 0;
    %assign/v0 v0078DF88_0, 0, 8;
    %jmp T_33.1;
T_33.0 ;
    %load/v 8, v0078CEE0_0, 1;
    %inv 8, 1;
    %jmp/0xz  T_33.2, 8;
    %ix/load 0, 32, 0;
    %assign/v0 v0078DF88_0, 0, 0;
    %jmp T_33.3;
T_33.2 ;
    %load/v 8, v0078DF88_0, 32;
    %ix/load 0, 32, 0;
    %assign/v0 v0078DF88_0, 0, 8;
T_33.3 ;
T_33.1 ;
    %jmp T_33;
    .thread T_33;
    .scope S_00752AB0;
T_34 ;
    %wait E_007566C0;
    %load/v 8, v0078CE30_0, 4;
    %cmpi/u 8, 0, 4;
    %jmp/1 T_34.0, 6;
    %cmpi/u 8, 1, 4;
    %jmp/1 T_34.1, 6;
    %cmpi/u 8, 2, 4;
    %jmp/1 T_34.2, 6;
    %cmpi/u 8, 3, 4;
    %jmp/1 T_34.3, 6;
    %cmpi/u 8, 4, 4;
    %jmp/1 T_34.4, 6;
    %cmpi/u 8, 5, 4;
    %jmp/1 T_34.5, 6;
    %cmpi/u 8, 6, 4;
    %jmp/1 T_34.6, 6;
    %cmpi/u 8, 7, 4;
    %jmp/1 T_34.7, 6;
    %cmpi/u 8, 8, 4;
    %jmp/1 T_34.8, 6;
    %cmpi/u 8, 9, 4;
    %jmp/1 T_34.9, 6;
    %cmpi/u 8, 10, 4;
    %jmp/1 T_34.10, 6;
    %cmpi/u 8, 11, 4;
    %jmp/1 T_34.11, 6;
    %cmpi/u 8, 12, 4;
    %jmp/1 T_34.12, 6;
    %cmpi/u 8, 13, 4;
    %jmp/1 T_34.13, 6;
    %cmpi/u 8, 14, 4;
    %jmp/1 T_34.14, 6;
    %cmpi/u 8, 15, 4;
    %jmp/1 T_34.15, 6;
    %load/v 8, v0078D1F8_0, 32;
    %set/v v0078D1F8_0, 8, 32;
    %jmp T_34.17;
T_34.0 ;
    %load/v 8, v0078D040_0, 32;
    %set/v v0078D1F8_0, 8, 32;
    %jmp T_34.17;
T_34.1 ;
    %load/v 8, v0078D408_0, 32;
    %set/v v0078D1F8_0, 8, 32;
    %jmp T_34.17;
T_34.2 ;
    %load/v 8, v0078CF90_0, 32;
    %set/v v0078D1F8_0, 8, 32;
    %jmp T_34.17;
T_34.3 ;
    %load/v 8, v0078D148_0, 32;
    %set/v v0078D1F8_0, 8, 32;
    %jmp T_34.17;
T_34.4 ;
    %load/v 8, v0078D098_0, 32;
    %set/v v0078D1F8_0, 8, 32;
    %jmp T_34.17;
T_34.5 ;
    %load/v 8, v0078D250_0, 32;
    %set/v v0078D1F8_0, 8, 32;
    %jmp T_34.17;
T_34.6 ;
    %load/v 8, v0078CDD8_0, 32;
    %set/v v0078D1F8_0, 8, 32;
    %jmp T_34.17;
T_34.7 ;
    %load/v 8, v0078D358_0, 32;
    %set/v v0078D1F8_0, 8, 32;
    %jmp T_34.17;
T_34.8 ;
    %load/v 8, v0078D1A0_0, 32;
    %set/v v0078D1F8_0, 8, 32;
    %jmp T_34.17;
T_34.9 ;
    %load/v 8, v0078D460_0, 32;
    %set/v v0078D1F8_0, 8, 32;
    %jmp T_34.17;
T_34.10 ;
    %load/v 8, v0078CE88_0, 32;
    %set/v v0078D1F8_0, 8, 32;
    %jmp T_34.17;
T_34.11 ;
    %load/v 8, v0078CFE8_0, 32;
    %set/v v0078D1F8_0, 8, 32;
    %jmp T_34.17;
T_34.12 ;
    %load/v 8, v0078D510_0, 32;
    %set/v v0078D1F8_0, 8, 32;
    %jmp T_34.17;
T_34.13 ;
    %load/v 8, v0078D300_0, 32;
    %set/v v0078D1F8_0, 8, 32;
    %jmp T_34.17;
T_34.14 ;
    %load/v 8, v0078D2A8_0, 32;
    %set/v v0078D1F8_0, 8, 32;
    %jmp T_34.17;
T_34.15 ;
    %load/v 8, v0078D3B0_0, 32;
    %set/v v0078D1F8_0, 8, 32;
    %jmp T_34.17;
T_34.17 ;
    %jmp T_34;
    .thread T_34, $push;
    .scope S_00753220;
T_35 ;
    %wait E_00756860;
    %load/v 8, v0078D0F0_0, 4;
    %cmpi/u 8, 0, 4;
    %jmp/1 T_35.0, 6;
    %cmpi/u 8, 1, 4;
    %jmp/1 T_35.1, 6;
    %cmpi/u 8, 2, 4;
    %jmp/1 T_35.2, 6;
    %cmpi/u 8, 3, 4;
    %jmp/1 T_35.3, 6;
    %cmpi/u 8, 4, 4;
    %jmp/1 T_35.4, 6;
    %cmpi/u 8, 5, 4;
    %jmp/1 T_35.5, 6;
    %cmpi/u 8, 6, 4;
    %jmp/1 T_35.6, 6;
    %cmpi/u 8, 7, 4;
    %jmp/1 T_35.7, 6;
    %cmpi/u 8, 8, 4;
    %jmp/1 T_35.8, 6;
    %cmpi/u 8, 9, 4;
    %jmp/1 T_35.9, 6;
    %cmpi/u 8, 10, 4;
    %jmp/1 T_35.10, 6;
    %cmpi/u 8, 11, 4;
    %jmp/1 T_35.11, 6;
    %cmpi/u 8, 12, 4;
    %jmp/1 T_35.12, 6;
    %cmpi/u 8, 13, 4;
    %jmp/1 T_35.13, 6;
    %cmpi/u 8, 14, 4;
    %jmp/1 T_35.14, 6;
    %cmpi/u 8, 15, 4;
    %jmp/1 T_35.15, 6;
    %load/v 8, v00622B70_0, 32;
    %set/v v00622B70_0, 8, 32;
    %jmp T_35.17;
T_35.0 ;
    %load/v 8, v0062C3F8_0, 32;
    %set/v v00622B70_0, 8, 32;
    %jmp T_35.17;
T_35.1 ;
    %load/v 8, v00741BD8_0, 32;
    %set/v v00622B70_0, 8, 32;
    %jmp T_35.17;
T_35.2 ;
    %load/v 8, v007429B8_0, 32;
    %set/v v00622B70_0, 8, 32;
    %jmp T_35.17;
T_35.3 ;
    %load/v 8, v00742A10_0, 32;
    %set/v v00622B70_0, 8, 32;
    %jmp T_35.17;
T_35.4 ;
    %load/v 8, v00742A68_0, 32;
    %set/v v00622B70_0, 8, 32;
    %jmp T_35.17;
T_35.5 ;
    %load/v 8, v00743C08_0, 32;
    %set/v v00622B70_0, 8, 32;
    %jmp T_35.17;
T_35.6 ;
    %load/v 8, v00743C60_0, 32;
    %set/v v00622B70_0, 8, 32;
    %jmp T_35.17;
T_35.7 ;
    %load/v 8, v00743CB8_0, 32;
    %set/v v00622B70_0, 8, 32;
    %jmp T_35.17;
T_35.8 ;
    %load/v 8, v00622AC0_0, 32;
    %set/v v00622B70_0, 8, 32;
    %jmp T_35.17;
T_35.9 ;
    %load/v 8, v00622B18_0, 32;
    %set/v v00622B70_0, 8, 32;
    %jmp T_35.17;
T_35.10 ;
    %load/v 8, v0074B7B8_0, 32;
    %set/v v00622B70_0, 8, 32;
    %jmp T_35.17;
T_35.11 ;
    %load/v 8, v0074B810_0, 32;
    %set/v v00622B70_0, 8, 32;
    %jmp T_35.17;
T_35.12 ;
    %load/v 8, v0074B868_0, 32;
    %set/v v00622B70_0, 8, 32;
    %jmp T_35.17;
T_35.13 ;
    %load/v 8, v0062E960_0, 32;
    %set/v v00622B70_0, 8, 32;
    %jmp T_35.17;
T_35.14 ;
    %load/v 8, v0062E9B8_0, 32;
    %set/v v00622B70_0, 8, 32;
    %jmp T_35.17;
T_35.15 ;
    %load/v 8, v0062EA10_0, 32;
    %set/v v00622B70_0, 8, 32;
    %jmp T_35.17;
T_35.17 ;
    %jmp T_35;
    .thread T_35, $push;
    .scope S_00752BC0;
T_36 ;
    %set/v v00790820_0, 1, 1;
    %set/v v00790878_0, 0, 32;
    %set/v v00790A30_0, 0, 1;
    %set/v v00790BE8_0, 0, 4;
    %end;
    .thread T_36;
    .scope S_00752BC0;
T_37 ;
    %fork t_1, S_00752BC0;
    %fork t_2, S_00752BC0;
    %fork t_3, S_00752BC0;
    %fork t_4, S_00752BC0;
    %fork t_5, S_00752BC0;
    %fork t_6, S_00752BC0;
    %fork t_7, S_00752BC0;
    %fork t_8, S_00752BC0;
    %fork t_9, S_00752BC0;
    %fork t_10, S_00752BC0;
    %fork t_11, S_00752BC0;
    %fork t_12, S_00752BC0;
    %fork t_13, S_00752BC0;
    %fork t_14, S_00752BC0;
    %fork t_15, S_00752BC0;
    %fork t_16, S_00752BC0;
    %fork t_17, S_00752BC0;
    %fork t_18, S_00752BC0;
    %fork t_19, S_00752BC0;
    %fork t_20, S_00752BC0;
    %fork t_21, S_00752BC0;
    %delay 23, 0;
    %set/v v00790CF0_0, 0, 4;
    %join;
    %join;
    %join;
    %join;
    %join;
    %join;
    %join;
    %join;
    %join;
    %join;
    %join;
    %join;
    %join;
    %join;
    %join;
    %join;
    %join;
    %join;
    %join;
    %join;
    %join;
    %jmp t_0;
t_1 ;
    %movi 8, 24, 6;
T_37.0 %cmp/s 0, 8, 6;
    %jmp/0xz T_37.1, 5;
    %add 8, 1, 6;
    %delay 1, 0;
    %load/v 14, v00790820_0, 1;
    %inv 14, 1;
    %set/v v00790820_0, 14, 1;
    %load/v 14, v00790820_0, 1;
    %jmp/0xz  T_37.2, 14;
    %load/v 14, v00790878_0, 32;
    %mov 46, 0, 1;
    %addi 14, 1, 33;
    %ix/load 0, 32, 0;
    %assign/v0 v00790878_0, 0, 14;
    %load/v 14, v00790BE8_0, 4;
    %mov 18, 0, 28;
    %addi 14, 1, 32;
    %ix/load 0, 4, 0;
    %assign/v0 v00790BE8_0, 0, 14;
    %vpi_call 2 160 "$display", "TEST  A         \011\011\011\011\011\011\011B         \011\011\011\011\011\011\011PC         \011\011\011\011\011\011\011CLK \011RFE  \011RA\011\011RB\011\011RC \011\011RD  \011TIME";
    %vpi_call 2 161 "$display", "%d    %b   \011%b   \011%b   \011%b   \011%b   \011%b   \011%b   \011%b   \011%b   \011%0d", v00790BE8_0, v007906C0_0, v00790718_0, v00790878_0, v00790820_0, v00790A30_0, v00790B90_0, v007909D8_0, v00790928_0, v00790CF0_0, $time;
    %vpi_call 2 162 "$display", "\000", " ";
T_37.2 ;
    %jmp T_37.0;
T_37.1 ;
    %end;
t_2 ;
    %delay 1, 0;
    %set/v v00790928_0, 0, 4;
    %end;
t_3 ;
    %delay 1, 0;
    %set/v v00790B90_0, 0, 4;
    %end;
t_4 ;
    %delay 3, 0;
    %end;
t_5 ;
    %delay 5, 0;
    %end;
t_6 ;
    %delay 7, 0;
    %movi 8, 1, 4;
    %set/v v00790928_0, 8, 4;
    %end;
t_7 ;
    %delay 7, 0;
    %movi 8, 1, 4;
    %set/v v00790B90_0, 8, 4;
    %end;
t_8 ;
    %delay 9, 0;
    %end;
t_9 ;
    %delay 11, 0;
    %set/v v00790B90_0, 2, 4;
    %end;
t_10 ;
    %delay 11, 0;
    %movi 8, 1, 4;
    %set/v v007909D8_0, 8, 4;
    %end;
t_11 ;
    %delay 13, 0;
    %end;
t_12 ;
    %delay 15, 0;
    %movi 8, 3, 4;
    %set/v v00790928_0, 8, 4;
    %end;
t_13 ;
    %delay 15, 0;
    %movi 8, 3, 4;
    %set/v v00790B90_0, 8, 4;
    %end;
t_14 ;
    %delay 15, 0;
    %set/v v007909D8_0, 2, 4;
    %end;
t_15 ;
    %delay 17, 0;
    %end;
t_16 ;
    %delay 19, 0;
    %movi 8, 3, 4;
    %set/v v00790B90_0, 8, 4;
    %end;
t_17 ;
    %delay 19, 0;
    %movi 8, 3, 4;
    %set/v v007909D8_0, 8, 4;
    %end;
t_18 ;
    %delay 21, 0;
    %set/v v00790928_0, 2, 4;
    %end;
t_19 ;
    %delay 21, 0;
    %set/v v007909D8_0, 0, 4;
    %end;
t_20 ;
    %delay 21, 0;
    %set/v v00790CF0_0, 0, 4;
    %end;
t_21 ;
    %delay 23, 0;
    %set/v v00790B90_0, 0, 4;
    %end;
t_0 ;
    %end;
    .thread T_37;
# The file index is used to find the file name in the following table.
:file_names 3;
    "N/A";
    "<interactive>";
    "C:\Users\hecto\OneDrive\verilogWorkspace\registerFile2CycleEnableChange.v";
