#! /usr/local/Cellar/icarus-verilog/0.9.7/bin/vvp
:ivl_version "0.9.7 " "(v0_9_7)";
:vpi_time_precision + 0;
:vpi_module "system";
:vpi_module "v2005_math";
:vpi_module "va_math";
S_0x7fc9806002e0 .scope module, "internal_shifter_tester" "internal_shifter_tester" 2 31;
 .timescale 0 0;
P_0x7fc9806003c8 .param/l "simtime" 2 37, +C4<010111011100>;
v0x7fc9806107b0_0 .var "amount", 31 0;
v0x7fc980610860_0 .net "out", 31 0, v0x7fc9806105f0_0; 1 drivers
v0x7fc980610900_0 .var "typeof", 3 0;
v0x7fc9806109c0_0 .var "value", 31 0;
S_0x7fc980600470 .scope module, "intsh" "internal_shifter" 2 36, 2 1, S_0x7fc9806002e0;
 .timescale 0 0;
v0x7fc980600550_0 .net "amount", 31 0, v0x7fc9806107b0_0; 1 drivers
v0x7fc9806105f0_0 .var "shift_out", 31 0;
v0x7fc980610680_0 .net "shift_type", 3 0, v0x7fc980610900_0; 1 drivers
v0x7fc980610720_0 .net "value", 31 0, v0x7fc9806109c0_0; 1 drivers
E_0x7fc980600430 .event edge, v0x7fc980610680_0, v0x7fc980610720_0, v0x7fc980600550_0;
    .scope S_0x7fc980600470;
T_0 ;
    %wait E_0x7fc980600430;
    %load/v 8, v0x7fc980610680_0, 4;
    %cmpi/u 8, 0, 4;
    %jmp/1 T_0.0, 6;
    %cmpi/u 8, 1, 4;
    %jmp/1 T_0.1, 6;
    %cmpi/u 8, 2, 4;
    %jmp/1 T_0.2, 6;
    %cmpi/u 8, 3, 4;
    %jmp/1 T_0.3, 6;
    %jmp T_0.4;
T_0.0 ;
    %load/v 8, v0x7fc980610720_0, 32;
    %load/v 40, v0x7fc980600550_0, 32;
    %ix/get 0, 40, 32;
    %shiftl/i0  8, 32;
    %set/v v0x7fc9806105f0_0, 8, 32;
    %jmp T_0.4;
T_0.1 ;
    %load/v 8, v0x7fc980610720_0, 32;
    %load/v 40, v0x7fc980600550_0, 32;
    %ix/get 0, 40, 32;
    %shiftr/i0  8, 32;
    %set/v v0x7fc9806105f0_0, 8, 32;
    %jmp T_0.4;
T_0.2 ;
    %load/v 8, v0x7fc980610720_0, 32;
    %load/v 40, v0x7fc980600550_0, 32;
    %ix/get 0, 40, 32;
    %shiftl/i0  8, 32;
    %set/v v0x7fc9806105f0_0, 8, 32;
    %jmp T_0.4;
T_0.3 ;
    %load/v 8, v0x7fc980610720_0, 32;
    %load/v 40, v0x7fc980600550_0, 32;
    %ix/get 0, 40, 32;
    %shiftr/i0  8, 32;
    %set/v v0x7fc9806105f0_0, 8, 32;
    %jmp T_0.4;
T_0.4 ;
    %jmp T_0;
    .thread T_0, $push;
    .scope S_0x7fc9806002e0;
T_1 ;
    %delay 1500, 0;
    %vpi_call 2 38 "$finish";
    %end;
    .thread T_1;
    .scope S_0x7fc9806002e0;
T_2 ;
    %movi 8, 2, 32;
    %set/v v0x7fc9806107b0_0, 8, 32;
    %movi 8, 4294967294, 32;
    %set/v v0x7fc9806109c0_0, 8, 32;
    %set/v v0x7fc980610900_0, 0, 4;
    %movi 40, 3, 3;
T_2.0 %cmp/s 0, 40, 3;
    %jmp/0xz T_2.1, 5;
    %add 40, 1, 3;
    %delay 10, 0;
    %load/v 8, v0x7fc980610900_0, 4;
    %mov 12, 0, 28;
    %addi 8, 1, 32;
    %set/v v0x7fc980610900_0, 8, 4;
    %jmp T_2.0;
T_2.1 ;
    %end;
    .thread T_2;
    .scope S_0x7fc9806002e0;
T_3 ;
    %vpi_call 2 48 "$monitor", "%d %d", v0x7fc9806109c0_0, v0x7fc980610860_0;
    %end;
    .thread T_3;
# The file index is used to find the file name in the following table.
:file_names 3;
    "N/A";
    "<interactive>";
    "/Users/pedro/Documents/git/armverilogimplementation/ArquiProjecto/Phase2/shifter.v";
