#! c:/iverilog-x86/bin/vvp
:ivl_version "10.0 (stable)" "(v10_0)";
:ivl_delay_selection "TYPICAL";
:vpi_time_precision + 0;
:vpi_module "system";
:vpi_module "vhdl_sys";
:vpi_module "v2005_math";
:vpi_module "va_math";
S_00e62d40 .scope module, "test_alu" "test_alu" 2 1;
 .timescale 0 0;
P_00e4b008 .param/l "sim_time" 0 2 9, +C4<00000000000000000000000010100000>;
v00e51690_0 .net "ALUOUT", 31 0, v00f73398_0;  1 drivers
v00e516e8_0 .var "CIN", 0 0;
v00e9c250_0 .net "COUT", 0 0, v00e66be0_0;  1 drivers
v00e9c2a8_0 .var "IF", 3 0;
v00e9c148_0 .var "IL", 31 0;
v00e9c670_0 .var "IR", 31 0;
v00e9c510_0 .net "N", 0 0, v00f734a0_0;  1 drivers
v00e9c5c0_0 .net "V", 0 0, v00e515e0_0;  1 drivers
v00e9c6c8_0 .net "ZERO", 0 0, v00e51638_0;  1 drivers
S_00e62e10 .scope module, "alu1" "ALU" 2 10, 3 1 0, S_00e62d40;
 .timescale 0 0;
    .port_info 0 /OUTPUT 32 "ALU_OUTPUT"
    .port_info 1 /OUTPUT 1 "Z"
    .port_info 2 /OUTPUT 1 "N"
    .port_info 3 /OUTPUT 1 "C"
    .port_info 4 /OUTPUT 1 "V"
    .port_info 5 /INPUT 32 "LEFT_OP"
    .port_info 6 /INPUT 32 "RIGHT_OP"
    .port_info 7 /INPUT 4 "FN"
    .port_info 8 /INPUT 1 "CIN"
v00f73398_0 .var "ALU_OUTPUT", 31 0;
v00e66be0_0 .var "C", 0 0;
v00e66c38_0 .net "CIN", 0 0, v00e516e8_0;  1 drivers
v00f733f0_0 .net "FN", 3 0, v00e9c2a8_0;  1 drivers
v00f73448_0 .net "LEFT_OP", 31 0, v00e9c148_0;  1 drivers
v00f734a0_0 .var "N", 0 0;
v00e51530_0 .net "RIGHT_OP", 31 0, v00e9c670_0;  1 drivers
v00e51588_0 .var "TEMP", 31 0;
v00e515e0_0 .var "V", 0 0;
v00e51638_0 .var "Z", 0 0;
E_00e4b120 .event edge, v00e66c38_0, v00f733f0_0, v00e51530_0, v00f73448_0;
    .scope S_00e62e10;
T_0 ;
    %wait E_00e4b120;
    %load/vec4 v00f733f0_0;
    %dup/vec4;
    %pushi/vec4 0, 0, 4;
    %cmp/u;
    %jmp/1 T_0.0, 6;
    %dup/vec4;
    %pushi/vec4 1, 0, 4;
    %cmp/u;
    %jmp/1 T_0.1, 6;
    %dup/vec4;
    %pushi/vec4 2, 0, 4;
    %cmp/u;
    %jmp/1 T_0.2, 6;
    %dup/vec4;
    %pushi/vec4 3, 0, 4;
    %cmp/u;
    %jmp/1 T_0.3, 6;
    %dup/vec4;
    %pushi/vec4 4, 0, 4;
    %cmp/u;
    %jmp/1 T_0.4, 6;
    %dup/vec4;
    %pushi/vec4 5, 0, 4;
    %cmp/u;
    %jmp/1 T_0.5, 6;
    %dup/vec4;
    %pushi/vec4 6, 0, 4;
    %cmp/u;
    %jmp/1 T_0.6, 6;
    %dup/vec4;
    %pushi/vec4 7, 0, 4;
    %cmp/u;
    %jmp/1 T_0.7, 6;
    %dup/vec4;
    %pushi/vec4 8, 0, 4;
    %cmp/u;
    %jmp/1 T_0.8, 6;
    %dup/vec4;
    %pushi/vec4 9, 0, 4;
    %cmp/u;
    %jmp/1 T_0.9, 6;
    %dup/vec4;
    %pushi/vec4 10, 0, 4;
    %cmp/u;
    %jmp/1 T_0.10, 6;
    %dup/vec4;
    %pushi/vec4 11, 0, 4;
    %cmp/u;
    %jmp/1 T_0.11, 6;
    %dup/vec4;
    %pushi/vec4 12, 0, 4;
    %cmp/u;
    %jmp/1 T_0.12, 6;
    %dup/vec4;
    %pushi/vec4 13, 0, 4;
    %cmp/u;
    %jmp/1 T_0.13, 6;
    %dup/vec4;
    %pushi/vec4 14, 0, 4;
    %cmp/u;
    %jmp/1 T_0.14, 6;
    %dup/vec4;
    %pushi/vec4 15, 0, 4;
    %cmp/u;
    %jmp/1 T_0.15, 6;
    %jmp T_0.16;
T_0.0 ;
    %load/vec4 v00f73448_0;
    %pushi/vec4 0, 0, 32;
    %cmp/e;
    %flag_get/vec4 4;
    %inv;
    %load/vec4 v00e51530_0;
    %pushi/vec4 0, 0, 32;
    %cmp/e;
    %flag_get/vec4 4;
    %inv;
    %and;
    %pad/u 33;
    %split/vec4 32;
    %store/vec4 v00f73398_0, 0, 32;
    %store/vec4 v00e66be0_0, 0, 1;
    %load/vec4 v00f73398_0;
    %parti/s 1, 31, 6;
    %store/vec4 v00f734a0_0, 0, 1;
    %load/vec4 v00f73398_0;
    %cmpi/e 0, 0, 32;
    %jmp/0xz  T_0.17, 4;
    %pushi/vec4 1, 0, 1;
    %store/vec4 v00e51638_0, 0, 1;
    %jmp T_0.18;
T_0.17 ;
    %pushi/vec4 0, 0, 1;
    %store/vec4 v00e51638_0, 0, 1;
T_0.18 ;
    %load/vec4 v00f73448_0;
    %parti/s 1, 31, 6;
    %load/vec4 v00e51530_0;
    %parti/s 1, 31, 6;
    %cmp/e;
    %jmp/0xz  T_0.19, 4;
    %load/vec4 v00f73448_0;
    %parti/s 1, 31, 6;
    %load/vec4 v00f73398_0;
    %parti/s 1, 31, 6;
    %cmp/ne;
    %jmp/0xz  T_0.21, 4;
    %pushi/vec4 1, 0, 1;
    %store/vec4 v00e515e0_0, 0, 1;
    %jmp T_0.22;
T_0.21 ;
    %pushi/vec4 0, 0, 1;
    %store/vec4 v00e515e0_0, 0, 1;
T_0.22 ;
    %jmp T_0.20;
T_0.19 ;
    %pushi/vec4 0, 0, 1;
    %store/vec4 v00e515e0_0, 0, 1;
T_0.20 ;
    %jmp T_0.16;
T_0.1 ;
    %load/vec4 v00f73448_0;
    %pushi/vec4 0, 0, 32;
    %cmp/e;
    %flag_get/vec4 4;
    %inv;
    %load/vec4 v00e51530_0;
    %pushi/vec4 0, 0, 32;
    %cmp/e;
    %flag_get/vec4 4;
    %inv;
    %or;
    %load/vec4 v00f73448_0;
    %pushi/vec4 0, 0, 32;
    %cmp/e;
    %flag_get/vec4 4;
    %inv;
    %load/vec4 v00e51530_0;
    %pushi/vec4 0, 0, 32;
    %cmp/e;
    %flag_get/vec4 4;
    %inv;
    %and;
    %nor/r;
    %and;
    %pad/u 33;
    %split/vec4 32;
    %store/vec4 v00f73398_0, 0, 32;
    %store/vec4 v00e66be0_0, 0, 1;
    %load/vec4 v00f73398_0;
    %parti/s 1, 31, 6;
    %store/vec4 v00f734a0_0, 0, 1;
    %load/vec4 v00f73398_0;
    %cmpi/e 0, 0, 32;
    %jmp/0xz  T_0.23, 4;
    %pushi/vec4 1, 0, 1;
    %store/vec4 v00e51638_0, 0, 1;
    %jmp T_0.24;
T_0.23 ;
    %pushi/vec4 0, 0, 1;
    %store/vec4 v00e51638_0, 0, 1;
T_0.24 ;
    %load/vec4 v00f73448_0;
    %parti/s 1, 31, 6;
    %load/vec4 v00e51530_0;
    %parti/s 1, 31, 6;
    %cmp/e;
    %jmp/0xz  T_0.25, 4;
    %load/vec4 v00f73448_0;
    %parti/s 1, 31, 6;
    %load/vec4 v00f73398_0;
    %parti/s 1, 31, 6;
    %cmp/ne;
    %jmp/0xz  T_0.27, 4;
    %pushi/vec4 1, 0, 1;
    %store/vec4 v00e515e0_0, 0, 1;
    %jmp T_0.28;
T_0.27 ;
    %pushi/vec4 0, 0, 1;
    %store/vec4 v00e515e0_0, 0, 1;
T_0.28 ;
    %jmp T_0.26;
T_0.25 ;
    %pushi/vec4 0, 0, 1;
    %store/vec4 v00e515e0_0, 0, 1;
T_0.26 ;
    %jmp T_0.16;
T_0.2 ;
    %load/vec4 v00f73448_0;
    %pad/u 33;
    %load/vec4 v00e51530_0;
    %pad/u 33;
    %sub;
    %split/vec4 32;
    %store/vec4 v00f73398_0, 0, 32;
    %store/vec4 v00e66be0_0, 0, 1;
    %load/vec4 v00f73398_0;
    %parti/s 1, 31, 6;
    %store/vec4 v00f734a0_0, 0, 1;
    %load/vec4 v00f73398_0;
    %cmpi/e 0, 0, 32;
    %jmp/0xz  T_0.29, 4;
    %pushi/vec4 1, 0, 1;
    %store/vec4 v00e51638_0, 0, 1;
    %jmp T_0.30;
T_0.29 ;
    %pushi/vec4 0, 0, 1;
    %store/vec4 v00e51638_0, 0, 1;
T_0.30 ;
    %load/vec4 v00f73448_0;
    %parti/s 1, 31, 6;
    %load/vec4 v00e51530_0;
    %parti/s 1, 31, 6;
    %cmp/e;
    %jmp/0xz  T_0.31, 4;
    %load/vec4 v00f73448_0;
    %parti/s 1, 31, 6;
    %load/vec4 v00f73398_0;
    %parti/s 1, 31, 6;
    %cmp/ne;
    %jmp/0xz  T_0.33, 4;
    %pushi/vec4 1, 0, 1;
    %store/vec4 v00e515e0_0, 0, 1;
    %jmp T_0.34;
T_0.33 ;
    %pushi/vec4 0, 0, 1;
    %store/vec4 v00e515e0_0, 0, 1;
T_0.34 ;
    %jmp T_0.32;
T_0.31 ;
    %pushi/vec4 0, 0, 1;
    %store/vec4 v00e515e0_0, 0, 1;
T_0.32 ;
    %jmp T_0.16;
T_0.3 ;
    %load/vec4 v00e51530_0;
    %pad/u 33;
    %load/vec4 v00f73448_0;
    %pad/u 33;
    %sub;
    %split/vec4 32;
    %store/vec4 v00f73398_0, 0, 32;
    %store/vec4 v00e66be0_0, 0, 1;
    %load/vec4 v00f73398_0;
    %parti/s 1, 31, 6;
    %store/vec4 v00f734a0_0, 0, 1;
    %load/vec4 v00f73398_0;
    %cmpi/e 0, 0, 32;
    %jmp/0xz  T_0.35, 4;
    %pushi/vec4 1, 0, 1;
    %store/vec4 v00e51638_0, 0, 1;
    %jmp T_0.36;
T_0.35 ;
    %pushi/vec4 0, 0, 1;
    %store/vec4 v00e51638_0, 0, 1;
T_0.36 ;
    %load/vec4 v00f73448_0;
    %parti/s 1, 31, 6;
    %load/vec4 v00e51530_0;
    %parti/s 1, 31, 6;
    %cmp/e;
    %jmp/0xz  T_0.37, 4;
    %load/vec4 v00f73448_0;
    %parti/s 1, 31, 6;
    %load/vec4 v00f73398_0;
    %parti/s 1, 31, 6;
    %cmp/ne;
    %jmp/0xz  T_0.39, 4;
    %pushi/vec4 1, 0, 1;
    %store/vec4 v00e515e0_0, 0, 1;
    %jmp T_0.40;
T_0.39 ;
    %pushi/vec4 0, 0, 1;
    %store/vec4 v00e515e0_0, 0, 1;
T_0.40 ;
    %jmp T_0.38;
T_0.37 ;
    %pushi/vec4 0, 0, 1;
    %store/vec4 v00e515e0_0, 0, 1;
T_0.38 ;
    %jmp T_0.16;
T_0.4 ;
    %load/vec4 v00f73448_0;
    %pad/u 33;
    %load/vec4 v00e51530_0;
    %pad/u 33;
    %add;
    %split/vec4 32;
    %store/vec4 v00f73398_0, 0, 32;
    %store/vec4 v00e66be0_0, 0, 1;
    %load/vec4 v00f73398_0;
    %parti/s 1, 31, 6;
    %store/vec4 v00f734a0_0, 0, 1;
    %load/vec4 v00f73398_0;
    %cmpi/e 0, 0, 32;
    %jmp/0xz  T_0.41, 4;
    %pushi/vec4 1, 0, 1;
    %store/vec4 v00e51638_0, 0, 1;
    %jmp T_0.42;
T_0.41 ;
    %pushi/vec4 0, 0, 1;
    %store/vec4 v00e51638_0, 0, 1;
T_0.42 ;
    %load/vec4 v00f73448_0;
    %parti/s 1, 31, 6;
    %load/vec4 v00e51530_0;
    %parti/s 1, 31, 6;
    %cmp/e;
    %jmp/0xz  T_0.43, 4;
    %load/vec4 v00f73448_0;
    %parti/s 1, 31, 6;
    %load/vec4 v00f73398_0;
    %parti/s 1, 31, 6;
    %cmp/ne;
    %jmp/0xz  T_0.45, 4;
    %pushi/vec4 1, 0, 1;
    %store/vec4 v00e515e0_0, 0, 1;
    %jmp T_0.46;
T_0.45 ;
    %pushi/vec4 0, 0, 1;
    %store/vec4 v00e515e0_0, 0, 1;
T_0.46 ;
    %jmp T_0.44;
T_0.43 ;
    %pushi/vec4 0, 0, 1;
    %store/vec4 v00e515e0_0, 0, 1;
T_0.44 ;
    %jmp T_0.16;
T_0.5 ;
    %load/vec4 v00f73448_0;
    %pad/u 33;
    %load/vec4 v00e51530_0;
    %pad/u 33;
    %add;
    %load/vec4 v00e66c38_0;
    %pad/u 33;
    %add;
    %split/vec4 32;
    %store/vec4 v00f73398_0, 0, 32;
    %store/vec4 v00e66be0_0, 0, 1;
    %load/vec4 v00f73398_0;
    %cmpi/e 0, 0, 32;
    %jmp/0xz  T_0.47, 4;
    %pushi/vec4 1, 0, 1;
    %store/vec4 v00e51638_0, 0, 1;
    %jmp T_0.48;
T_0.47 ;
    %pushi/vec4 0, 0, 1;
    %store/vec4 v00e51638_0, 0, 1;
T_0.48 ;
    %load/vec4 v00f73448_0;
    %parti/s 1, 31, 6;
    %load/vec4 v00e51530_0;
    %parti/s 1, 31, 6;
    %cmp/e;
    %jmp/0xz  T_0.49, 4;
    %load/vec4 v00f73448_0;
    %parti/s 1, 31, 6;
    %load/vec4 v00f73398_0;
    %parti/s 1, 31, 6;
    %cmp/ne;
    %jmp/0xz  T_0.51, 4;
    %pushi/vec4 1, 0, 1;
    %store/vec4 v00e515e0_0, 0, 1;
    %jmp T_0.52;
T_0.51 ;
    %pushi/vec4 0, 0, 1;
    %store/vec4 v00e515e0_0, 0, 1;
T_0.52 ;
    %jmp T_0.50;
T_0.49 ;
    %pushi/vec4 0, 0, 1;
    %store/vec4 v00e515e0_0, 0, 1;
T_0.50 ;
    %jmp T_0.16;
T_0.6 ;
    %load/vec4 v00f73448_0;
    %pad/u 33;
    %load/vec4 v00e51530_0;
    %pad/u 33;
    %sub;
    %load/vec4 v00e66c38_0;
    %nor/r;
    %pad/u 33;
    %sub;
    %split/vec4 32;
    %store/vec4 v00f73398_0, 0, 32;
    %store/vec4 v00e66be0_0, 0, 1;
    %load/vec4 v00f73398_0;
    %cmpi/e 0, 0, 32;
    %jmp/0xz  T_0.53, 4;
    %pushi/vec4 1, 0, 1;
    %store/vec4 v00e51638_0, 0, 1;
    %jmp T_0.54;
T_0.53 ;
    %pushi/vec4 0, 0, 1;
    %store/vec4 v00e51638_0, 0, 1;
T_0.54 ;
    %load/vec4 v00f73448_0;
    %parti/s 1, 31, 6;
    %load/vec4 v00e51530_0;
    %parti/s 1, 31, 6;
    %cmp/e;
    %jmp/0xz  T_0.55, 4;
    %load/vec4 v00f73448_0;
    %parti/s 1, 31, 6;
    %load/vec4 v00f73398_0;
    %parti/s 1, 31, 6;
    %cmp/ne;
    %jmp/0xz  T_0.57, 4;
    %pushi/vec4 1, 0, 1;
    %store/vec4 v00e515e0_0, 0, 1;
    %jmp T_0.58;
T_0.57 ;
    %pushi/vec4 0, 0, 1;
    %store/vec4 v00e515e0_0, 0, 1;
T_0.58 ;
    %jmp T_0.56;
T_0.55 ;
    %pushi/vec4 0, 0, 1;
    %store/vec4 v00e515e0_0, 0, 1;
T_0.56 ;
    %jmp T_0.16;
T_0.7 ;
    %load/vec4 v00e51530_0;
    %pad/u 33;
    %load/vec4 v00f73448_0;
    %pad/u 33;
    %sub;
    %load/vec4 v00e66c38_0;
    %nor/r;
    %pad/u 33;
    %sub;
    %split/vec4 32;
    %store/vec4 v00f73398_0, 0, 32;
    %store/vec4 v00e66be0_0, 0, 1;
    %load/vec4 v00f73398_0;
    %cmpi/e 0, 0, 32;
    %jmp/0xz  T_0.59, 4;
    %pushi/vec4 1, 0, 1;
    %store/vec4 v00e51638_0, 0, 1;
    %jmp T_0.60;
T_0.59 ;
    %pushi/vec4 0, 0, 1;
    %store/vec4 v00e51638_0, 0, 1;
T_0.60 ;
    %load/vec4 v00f73448_0;
    %parti/s 1, 31, 6;
    %load/vec4 v00e51530_0;
    %parti/s 1, 31, 6;
    %cmp/e;
    %jmp/0xz  T_0.61, 4;
    %load/vec4 v00f73448_0;
    %parti/s 1, 31, 6;
    %load/vec4 v00f73398_0;
    %parti/s 1, 31, 6;
    %cmp/ne;
    %jmp/0xz  T_0.63, 4;
    %pushi/vec4 1, 0, 1;
    %store/vec4 v00e515e0_0, 0, 1;
    %jmp T_0.64;
T_0.63 ;
    %pushi/vec4 0, 0, 1;
    %store/vec4 v00e515e0_0, 0, 1;
T_0.64 ;
    %jmp T_0.62;
T_0.61 ;
    %pushi/vec4 0, 0, 1;
    %store/vec4 v00e515e0_0, 0, 1;
T_0.62 ;
    %jmp T_0.16;
T_0.8 ;
    %load/vec4 v00f73448_0;
    %pushi/vec4 0, 0, 32;
    %cmp/e;
    %flag_get/vec4 4;
    %inv;
    %load/vec4 v00e51530_0;
    %pushi/vec4 0, 0, 32;
    %cmp/e;
    %flag_get/vec4 4;
    %inv;
    %and;
    %pad/u 33;
    %split/vec4 32;
    %store/vec4 v00e51588_0, 0, 32;
    %store/vec4 v00e66be0_0, 0, 1;
    %load/vec4 v00e51588_0;
    %parti/s 1, 31, 6;
    %store/vec4 v00f734a0_0, 0, 1;
    %load/vec4 v00e51588_0;
    %cmpi/e 0, 0, 32;
    %jmp/0xz  T_0.65, 4;
    %pushi/vec4 1, 0, 1;
    %store/vec4 v00e51638_0, 0, 1;
    %jmp T_0.66;
T_0.65 ;
    %pushi/vec4 0, 0, 1;
    %store/vec4 v00e51638_0, 0, 1;
T_0.66 ;
    %load/vec4 v00f73448_0;
    %parti/s 1, 31, 6;
    %load/vec4 v00e51530_0;
    %parti/s 1, 31, 6;
    %cmp/e;
    %jmp/0xz  T_0.67, 4;
    %load/vec4 v00f73448_0;
    %parti/s 1, 31, 6;
    %load/vec4 v00e51588_0;
    %parti/s 1, 31, 6;
    %cmp/ne;
    %jmp/0xz  T_0.69, 4;
    %pushi/vec4 1, 0, 1;
    %store/vec4 v00e515e0_0, 0, 1;
    %jmp T_0.70;
T_0.69 ;
    %pushi/vec4 0, 0, 1;
    %store/vec4 v00e515e0_0, 0, 1;
T_0.70 ;
    %jmp T_0.68;
T_0.67 ;
    %pushi/vec4 0, 0, 1;
    %store/vec4 v00e515e0_0, 0, 1;
T_0.68 ;
    %jmp T_0.16;
T_0.9 ;
    %load/vec4 v00f73448_0;
    %pushi/vec4 0, 0, 32;
    %cmp/e;
    %flag_get/vec4 4;
    %inv;
    %load/vec4 v00e51530_0;
    %pushi/vec4 0, 0, 32;
    %cmp/e;
    %flag_get/vec4 4;
    %inv;
    %or;
    %load/vec4 v00f73448_0;
    %pushi/vec4 0, 0, 32;
    %cmp/e;
    %flag_get/vec4 4;
    %inv;
    %load/vec4 v00e51530_0;
    %pushi/vec4 0, 0, 32;
    %cmp/e;
    %flag_get/vec4 4;
    %inv;
    %and;
    %nor/r;
    %and;
    %pad/u 33;
    %split/vec4 32;
    %store/vec4 v00e51588_0, 0, 32;
    %store/vec4 v00e66be0_0, 0, 1;
    %load/vec4 v00e51588_0;
    %parti/s 1, 31, 6;
    %store/vec4 v00f734a0_0, 0, 1;
    %load/vec4 v00e51588_0;
    %cmpi/e 0, 0, 32;
    %jmp/0xz  T_0.71, 4;
    %pushi/vec4 1, 0, 1;
    %store/vec4 v00e51638_0, 0, 1;
    %jmp T_0.72;
T_0.71 ;
    %pushi/vec4 0, 0, 1;
    %store/vec4 v00e51638_0, 0, 1;
T_0.72 ;
    %load/vec4 v00f73448_0;
    %parti/s 1, 31, 6;
    %load/vec4 v00e51530_0;
    %parti/s 1, 31, 6;
    %cmp/e;
    %jmp/0xz  T_0.73, 4;
    %load/vec4 v00f73448_0;
    %parti/s 1, 31, 6;
    %load/vec4 v00e51588_0;
    %parti/s 1, 31, 6;
    %cmp/ne;
    %jmp/0xz  T_0.75, 4;
    %pushi/vec4 1, 0, 1;
    %store/vec4 v00e515e0_0, 0, 1;
    %jmp T_0.76;
T_0.75 ;
    %pushi/vec4 0, 0, 1;
    %store/vec4 v00e515e0_0, 0, 1;
T_0.76 ;
    %jmp T_0.74;
T_0.73 ;
    %pushi/vec4 0, 0, 1;
    %store/vec4 v00e515e0_0, 0, 1;
T_0.74 ;
    %jmp T_0.16;
T_0.10 ;
    %load/vec4 v00f73448_0;
    %pad/u 33;
    %load/vec4 v00e51530_0;
    %pad/u 33;
    %sub;
    %split/vec4 32;
    %store/vec4 v00e51588_0, 0, 32;
    %store/vec4 v00e66be0_0, 0, 1;
    %load/vec4 v00e51588_0;
    %parti/s 1, 31, 6;
    %store/vec4 v00f734a0_0, 0, 1;
    %load/vec4 v00e51588_0;
    %cmpi/e 0, 0, 32;
    %jmp/0xz  T_0.77, 4;
    %pushi/vec4 1, 0, 1;
    %store/vec4 v00e51638_0, 0, 1;
    %jmp T_0.78;
T_0.77 ;
    %pushi/vec4 0, 0, 1;
    %store/vec4 v00e51638_0, 0, 1;
T_0.78 ;
    %load/vec4 v00f73448_0;
    %parti/s 1, 31, 6;
    %load/vec4 v00e51530_0;
    %parti/s 1, 31, 6;
    %cmp/e;
    %jmp/0xz  T_0.79, 4;
    %load/vec4 v00f73448_0;
    %parti/s 1, 31, 6;
    %load/vec4 v00e51588_0;
    %parti/s 1, 31, 6;
    %cmp/ne;
    %jmp/0xz  T_0.81, 4;
    %pushi/vec4 1, 0, 1;
    %store/vec4 v00e515e0_0, 0, 1;
    %jmp T_0.82;
T_0.81 ;
    %pushi/vec4 0, 0, 1;
    %store/vec4 v00e515e0_0, 0, 1;
T_0.82 ;
    %jmp T_0.80;
T_0.79 ;
    %pushi/vec4 0, 0, 1;
    %store/vec4 v00e515e0_0, 0, 1;
T_0.80 ;
    %jmp T_0.16;
T_0.11 ;
    %load/vec4 v00f73448_0;
    %pad/u 33;
    %load/vec4 v00e51530_0;
    %pad/u 33;
    %add;
    %split/vec4 32;
    %store/vec4 v00e51588_0, 0, 32;
    %store/vec4 v00e66be0_0, 0, 1;
    %load/vec4 v00e51588_0;
    %parti/s 1, 31, 6;
    %store/vec4 v00f734a0_0, 0, 1;
    %load/vec4 v00e51588_0;
    %cmpi/e 0, 0, 32;
    %jmp/0xz  T_0.83, 4;
    %pushi/vec4 1, 0, 1;
    %store/vec4 v00e51638_0, 0, 1;
    %jmp T_0.84;
T_0.83 ;
    %pushi/vec4 0, 0, 1;
    %store/vec4 v00e51638_0, 0, 1;
T_0.84 ;
    %load/vec4 v00f73448_0;
    %parti/s 1, 31, 6;
    %load/vec4 v00e51530_0;
    %parti/s 1, 31, 6;
    %cmp/e;
    %jmp/0xz  T_0.85, 4;
    %load/vec4 v00f73448_0;
    %parti/s 1, 31, 6;
    %load/vec4 v00e51588_0;
    %parti/s 1, 31, 6;
    %cmp/ne;
    %jmp/0xz  T_0.87, 4;
    %pushi/vec4 1, 0, 1;
    %store/vec4 v00e515e0_0, 0, 1;
    %jmp T_0.88;
T_0.87 ;
    %pushi/vec4 0, 0, 1;
    %store/vec4 v00e515e0_0, 0, 1;
T_0.88 ;
    %jmp T_0.86;
T_0.85 ;
    %pushi/vec4 0, 0, 1;
    %store/vec4 v00e515e0_0, 0, 1;
T_0.86 ;
    %jmp T_0.16;
T_0.12 ;
    %load/vec4 v00f73448_0;
    %pushi/vec4 0, 0, 32;
    %cmp/e;
    %flag_get/vec4 4;
    %inv;
    %load/vec4 v00e51530_0;
    %pushi/vec4 0, 0, 32;
    %cmp/e;
    %flag_get/vec4 4;
    %inv;
    %or;
    %pad/u 32;
    %store/vec4 v00f73398_0, 0, 32;
    %load/vec4 v00f73398_0;
    %parti/s 1, 31, 6;
    %store/vec4 v00f734a0_0, 0, 1;
    %load/vec4 v00f73398_0;
    %cmpi/e 0, 0, 32;
    %jmp/0xz  T_0.89, 4;
    %pushi/vec4 1, 0, 1;
    %store/vec4 v00e51638_0, 0, 1;
    %jmp T_0.90;
T_0.89 ;
    %pushi/vec4 0, 0, 1;
    %store/vec4 v00e51638_0, 0, 1;
T_0.90 ;
    %load/vec4 v00f73448_0;
    %parti/s 1, 31, 6;
    %load/vec4 v00e51530_0;
    %parti/s 1, 31, 6;
    %cmp/e;
    %jmp/0xz  T_0.91, 4;
    %load/vec4 v00f73448_0;
    %parti/s 1, 31, 6;
    %load/vec4 v00f73398_0;
    %parti/s 1, 31, 6;
    %cmp/ne;
    %jmp/0xz  T_0.93, 4;
    %pushi/vec4 1, 0, 1;
    %store/vec4 v00e515e0_0, 0, 1;
    %jmp T_0.94;
T_0.93 ;
    %pushi/vec4 0, 0, 1;
    %store/vec4 v00e515e0_0, 0, 1;
T_0.94 ;
    %jmp T_0.92;
T_0.91 ;
    %pushi/vec4 0, 0, 1;
    %store/vec4 v00e515e0_0, 0, 1;
T_0.92 ;
    %jmp T_0.16;
T_0.13 ;
    %load/vec4 v00e51530_0;
    %store/vec4 v00f73398_0, 0, 32;
    %load/vec4 v00f73398_0;
    %parti/s 1, 31, 6;
    %store/vec4 v00f734a0_0, 0, 1;
    %load/vec4 v00f73398_0;
    %cmpi/e 0, 0, 32;
    %jmp/0xz  T_0.95, 4;
    %pushi/vec4 1, 0, 1;
    %store/vec4 v00e51638_0, 0, 1;
    %jmp T_0.96;
T_0.95 ;
    %pushi/vec4 0, 0, 1;
    %store/vec4 v00e51638_0, 0, 1;
T_0.96 ;
    %load/vec4 v00f73448_0;
    %parti/s 1, 31, 6;
    %load/vec4 v00e51530_0;
    %parti/s 1, 31, 6;
    %cmp/e;
    %jmp/0xz  T_0.97, 4;
    %load/vec4 v00f73448_0;
    %parti/s 1, 31, 6;
    %load/vec4 v00f73398_0;
    %parti/s 1, 31, 6;
    %cmp/ne;
    %jmp/0xz  T_0.99, 4;
    %pushi/vec4 1, 0, 1;
    %store/vec4 v00e515e0_0, 0, 1;
    %jmp T_0.100;
T_0.99 ;
    %pushi/vec4 0, 0, 1;
    %store/vec4 v00e515e0_0, 0, 1;
T_0.100 ;
    %jmp T_0.98;
T_0.97 ;
    %pushi/vec4 0, 0, 1;
    %store/vec4 v00e515e0_0, 0, 1;
T_0.98 ;
    %jmp T_0.16;
T_0.14 ;
    %load/vec4 v00f73448_0;
    %load/vec4 v00e51530_0;
    %nor/r;
    %pad/u 32;
    %and;
    %store/vec4 v00f73398_0, 0, 32;
    %load/vec4 v00f73398_0;
    %parti/s 1, 31, 6;
    %store/vec4 v00f734a0_0, 0, 1;
    %load/vec4 v00f73398_0;
    %cmpi/e 0, 0, 32;
    %jmp/0xz  T_0.101, 4;
    %pushi/vec4 1, 0, 1;
    %store/vec4 v00e51638_0, 0, 1;
    %jmp T_0.102;
T_0.101 ;
    %pushi/vec4 0, 0, 1;
    %store/vec4 v00e51638_0, 0, 1;
T_0.102 ;
    %load/vec4 v00f73448_0;
    %parti/s 1, 31, 6;
    %load/vec4 v00e51530_0;
    %parti/s 1, 31, 6;
    %cmp/e;
    %jmp/0xz  T_0.103, 4;
    %load/vec4 v00f73448_0;
    %parti/s 1, 31, 6;
    %load/vec4 v00f73398_0;
    %parti/s 1, 31, 6;
    %cmp/ne;
    %jmp/0xz  T_0.105, 4;
    %pushi/vec4 1, 0, 1;
    %store/vec4 v00e515e0_0, 0, 1;
    %jmp T_0.106;
T_0.105 ;
    %pushi/vec4 0, 0, 1;
    %store/vec4 v00e515e0_0, 0, 1;
T_0.106 ;
    %jmp T_0.104;
T_0.103 ;
    %pushi/vec4 0, 0, 1;
    %store/vec4 v00e515e0_0, 0, 1;
T_0.104 ;
    %jmp T_0.16;
T_0.15 ;
    %load/vec4 v00e51530_0;
    %nor/r;
    %pad/u 32;
    %store/vec4 v00f73398_0, 0, 32;
    %load/vec4 v00f73398_0;
    %parti/s 1, 31, 6;
    %store/vec4 v00f734a0_0, 0, 1;
    %load/vec4 v00f73398_0;
    %cmpi/e 0, 0, 32;
    %jmp/0xz  T_0.107, 4;
    %pushi/vec4 1, 0, 1;
    %store/vec4 v00e51638_0, 0, 1;
    %jmp T_0.108;
T_0.107 ;
    %pushi/vec4 0, 0, 1;
    %store/vec4 v00e51638_0, 0, 1;
T_0.108 ;
    %load/vec4 v00f73448_0;
    %parti/s 1, 31, 6;
    %load/vec4 v00e51530_0;
    %parti/s 1, 31, 6;
    %cmp/e;
    %jmp/0xz  T_0.109, 4;
    %load/vec4 v00f73448_0;
    %parti/s 1, 31, 6;
    %load/vec4 v00f73398_0;
    %parti/s 1, 31, 6;
    %cmp/ne;
    %jmp/0xz  T_0.111, 4;
    %pushi/vec4 1, 0, 1;
    %store/vec4 v00e515e0_0, 0, 1;
    %jmp T_0.112;
T_0.111 ;
    %pushi/vec4 0, 0, 1;
    %store/vec4 v00e515e0_0, 0, 1;
T_0.112 ;
    %jmp T_0.110;
T_0.109 ;
    %pushi/vec4 0, 0, 1;
    %store/vec4 v00e515e0_0, 0, 1;
T_0.110 ;
    %jmp T_0.16;
T_0.16 ;
    %pop/vec4 1;
    %jmp T_0;
    .thread T_0, $push;
    .scope S_00e62d40;
T_1 ;
    %delay 160, 0;
    %vpi_call 2 12 "$finish" {0 0 0};
    %end;
    .thread T_1;
    .scope S_00e62d40;
T_2 ;
    %pushi/vec4 0, 0, 4;
    %store/vec4 v00e9c2a8_0, 0, 4;
    %pushi/vec4 25, 0, 32;
    %store/vec4 v00e9c148_0, 0, 32;
    %pushi/vec4 20, 0, 32;
    %store/vec4 v00e9c670_0, 0, 32;
    %pushi/vec4 1, 0, 1;
    %store/vec4 v00e516e8_0, 0, 1;
    %pushi/vec4 15, 0, 32;
T_2.0 %dup/vec4;
    %pushi/vec4 0, 0, 32;
    %cmp/s;
    %jmp/1xz T_2.1, 5;
    %jmp/1 T_2.1, 4;
    %pushi/vec4 1, 0, 32;
    %sub;
    %delay 10, 0;
    %load/vec4 v00e9c2a8_0;
    %addi 1, 0, 4;
    %store/vec4 v00e9c2a8_0, 0, 4;
    %jmp T_2.0;
T_2.1 ;
    %pop/vec4 1;
    %end;
    .thread T_2;
    .scope S_00e62d40;
T_3 ;
    %vpi_call 2 24 "$display", " IF \011  C N V Z \011\011   IL \011  IL \011  ALUOUT" {0 0 0};
    %vpi_call 2 25 "$monitor", "   %b%b%b%b  %b %b %b %b         %d %d %d", &PV<v00e9c2a8_0, 3, 1>, &PV<v00e9c2a8_0, 2, 1>, &PV<v00e9c2a8_0, 1, 1>, &PV<v00e9c2a8_0, 0, 1>, v00e9c250_0, v00e9c510_0, v00e9c5c0_0, v00e9c6c8_0, v00e9c148_0, v00e9c670_0, v00e51690_0 {0 0 0};
    %end;
    .thread T_3;
# The file index is used to find the file name in the following table.
:file_names 4;
    "N/A";
    "<interactive>";
    "module test_alu.v";
    "alu.v";
