#! /usr/local/Cellar/icarus-verilog/0.9.7/bin/vvp
:ivl_version "0.9.7 " "(v0_9_7)";
:vpi_time_precision + 0;
:vpi_module "system";
:vpi_module "v2005_math";
:vpi_module "va_math";
S_0x7fe392c03ae0 .scope module, "test_alu" "test_alu" 2 1;
 .timescale 0 0;
P_0x7fe392c163a8 .param/l "sim_time" 2 10, +C4<010100000>;
v0x7fe392c35110_0 .net "ALUOUT", 31 0, v0x7fe392c04ba0_0; 1 drivers
v0x7fe392c35190_0 .var "CIN", 0 0;
v0x7fe392c35210_0 .net "COUT", 0 0, v0x7fe392c34a90_0; 1 drivers
v0x7fe392c352b0_0 .var "IF", 3 0;
v0x7fe392c35350_0 .var "IL", 31 0;
v0x7fe392c353f0_0 .var "IR", 31 0;
v0x7fe392c35490_0 .net "N", 0 0, v0x7fe392c34da0_0; 1 drivers
v0x7fe392c35570_0 .net "V", 0 0, v0x7fe392c34fb0_0; 1 drivers
v0x7fe392c355f0_0 .net "ZERO", 0 0, v0x7fe392c35030_0; 1 drivers
S_0x7fe392c03bc0 .scope module, "alu1" "ALU" 2 11, 3 20, S_0x7fe392c03ae0;
 .timescale 0 0;
v0x7fe392c04ba0_0 .var "ALU_OUTPUT", 31 0;
v0x7fe392c34a90_0 .var "C", 0 0;
v0x7fe392c34b20_0 .net "CIN", 0 0, v0x7fe392c35190_0; 1 drivers
v0x7fe392c34bc0_0 .var "CTEMP", 0 0;
v0x7fe392c34c50_0 .net "FN", 3 0, v0x7fe392c352b0_0; 1 drivers
v0x7fe392c34d10_0 .net "LEFT_OP", 31 0, v0x7fe392c35350_0; 1 drivers
v0x7fe392c34da0_0 .var "N", 0 0;
v0x7fe392c34e60_0 .net "RIGHT_OP", 31 0, v0x7fe392c353f0_0; 1 drivers
v0x7fe392c34ee0_0 .var "TEMP", 31 0;
v0x7fe392c34fb0_0 .var "V", 0 0;
v0x7fe392c35030_0 .var "Z", 0 0;
E_0x7fe392c16460 .event edge, v0x7fe392c34b20_0, v0x7fe392c34c50_0, v0x7fe392c34e60_0, v0x7fe392c34d10_0;
    .scope S_0x7fe392c03bc0;
T_0 ;
    %wait E_0x7fe392c16460;
    %load/v 8, v0x7fe392c34c50_0, 4;
    %cmpi/u 8, 0, 4;
    %jmp/1 T_0.0, 6;
    %cmpi/u 8, 1, 4;
    %jmp/1 T_0.1, 6;
    %cmpi/u 8, 2, 4;
    %jmp/1 T_0.2, 6;
    %cmpi/u 8, 3, 4;
    %jmp/1 T_0.3, 6;
    %cmpi/u 8, 4, 4;
    %jmp/1 T_0.4, 6;
    %cmpi/u 8, 5, 4;
    %jmp/1 T_0.5, 6;
    %cmpi/u 8, 6, 4;
    %jmp/1 T_0.6, 6;
    %cmpi/u 8, 7, 4;
    %jmp/1 T_0.7, 6;
    %cmpi/u 8, 8, 4;
    %jmp/1 T_0.8, 6;
    %cmpi/u 8, 9, 4;
    %jmp/1 T_0.9, 6;
    %cmpi/u 8, 10, 4;
    %jmp/1 T_0.10, 6;
    %cmpi/u 8, 11, 4;
    %jmp/1 T_0.11, 6;
    %cmpi/u 8, 12, 4;
    %jmp/1 T_0.12, 6;
    %cmpi/u 8, 13, 4;
    %jmp/1 T_0.13, 6;
    %cmpi/u 8, 14, 4;
    %jmp/1 T_0.14, 6;
    %cmpi/u 8, 15, 4;
    %jmp/1 T_0.15, 6;
    %jmp T_0.16;
T_0.0 ;
    %load/v 8, v0x7fe392c34d10_0, 32;
    %load/v 40, v0x7fe392c34e60_0, 32;
    %and 8, 40, 32;
    %set/v v0x7fe392c04ba0_0, 8, 32;
    %load/v 8, v0x7fe392c34b20_0, 1;
    %set/v v0x7fe392c34a90_0, 8, 1;
    %ix/load 1, 31, 0;
    %mov 4, 0, 1;
    %jmp/1 T_0.17, 4;
    %load/x1p 8, v0x7fe392c04ba0_0, 1;
    %jmp T_0.18;
T_0.17 ;
    %mov 8, 2, 1;
T_0.18 ;
; Save base=8 wid=1 in lookaside.
    %set/v v0x7fe392c34da0_0, 8, 1;
    %load/v 8, v0x7fe392c04ba0_0, 32;
    %cmpi/u 8, 0, 32;
    %jmp/0xz  T_0.19, 4;
    %set/v v0x7fe392c35030_0, 1, 1;
    %jmp T_0.20;
T_0.19 ;
    %set/v v0x7fe392c35030_0, 0, 1;
T_0.20 ;
    %jmp T_0.16;
T_0.1 ;
    %load/v 8, v0x7fe392c34d10_0, 32;
    %mov 40, 0, 1;
    %load/v 41, v0x7fe392c34e60_0, 32;
    %mov 73, 0, 1;
    %xor 8, 41, 33;
    %set/v v0x7fe392c04ba0_0, 8, 32;
    %set/v v0x7fe392c34a90_0, 40, 1;
    %ix/load 1, 31, 0;
    %mov 4, 0, 1;
    %jmp/1 T_0.21, 4;
    %load/x1p 8, v0x7fe392c04ba0_0, 1;
    %jmp T_0.22;
T_0.21 ;
    %mov 8, 2, 1;
T_0.22 ;
; Save base=8 wid=1 in lookaside.
    %set/v v0x7fe392c34da0_0, 8, 1;
    %load/v 8, v0x7fe392c04ba0_0, 32;
    %cmpi/u 8, 0, 32;
    %jmp/0xz  T_0.23, 4;
    %set/v v0x7fe392c35030_0, 1, 1;
    %jmp T_0.24;
T_0.23 ;
    %set/v v0x7fe392c35030_0, 0, 1;
T_0.24 ;
    %jmp T_0.16;
T_0.2 ;
    %load/v 8, v0x7fe392c34d10_0, 32;
    %mov 40, 0, 1;
    %load/v 41, v0x7fe392c34e60_0, 32;
    %mov 73, 0, 1;
    %sub 8, 41, 33;
    %set/v v0x7fe392c04ba0_0, 8, 32;
    %set/v v0x7fe392c34bc0_0, 40, 1;
    %load/v 8, v0x7fe392c34bc0_0, 1;
    %inv 8, 1;
    %set/v v0x7fe392c34a90_0, 8, 1;
    %ix/load 1, 31, 0;
    %mov 4, 0, 1;
    %jmp/1 T_0.25, 4;
    %load/x1p 8, v0x7fe392c04ba0_0, 1;
    %jmp T_0.26;
T_0.25 ;
    %mov 8, 2, 1;
T_0.26 ;
; Save base=8 wid=1 in lookaside.
    %set/v v0x7fe392c34da0_0, 8, 1;
    %load/v 8, v0x7fe392c04ba0_0, 32;
    %cmpi/u 8, 0, 32;
    %jmp/0xz  T_0.27, 4;
    %set/v v0x7fe392c35030_0, 1, 1;
    %jmp T_0.28;
T_0.27 ;
    %set/v v0x7fe392c35030_0, 0, 1;
T_0.28 ;
    %ix/load 1, 31, 0;
    %mov 4, 0, 1;
    %jmp/1 T_0.29, 4;
    %load/x1p 8, v0x7fe392c34d10_0, 1;
    %jmp T_0.30;
T_0.29 ;
    %mov 8, 2, 1;
T_0.30 ;
; Save base=8 wid=1 in lookaside.
    %ix/load 1, 31, 0;
    %mov 4, 0, 1;
    %jmp/1 T_0.31, 4;
    %load/x1p 9, v0x7fe392c34e60_0, 1;
    %jmp T_0.32;
T_0.31 ;
    %mov 9, 2, 1;
T_0.32 ;
; Save base=9 wid=1 in lookaside.
    %cmp/u 8, 9, 1;
    %jmp/0xz  T_0.33, 4;
    %ix/load 1, 31, 0;
    %mov 4, 0, 1;
    %jmp/1 T_0.35, 4;
    %load/x1p 8, v0x7fe392c34d10_0, 1;
    %jmp T_0.36;
T_0.35 ;
    %mov 8, 2, 1;
T_0.36 ;
; Save base=8 wid=1 in lookaside.
    %ix/load 1, 31, 0;
    %mov 4, 0, 1;
    %jmp/1 T_0.37, 4;
    %load/x1p 9, v0x7fe392c04ba0_0, 1;
    %jmp T_0.38;
T_0.37 ;
    %mov 9, 2, 1;
T_0.38 ;
; Save base=9 wid=1 in lookaside.
    %cmp/u 8, 9, 1;
    %inv 4, 1;
    %jmp/0xz  T_0.39, 4;
    %set/v v0x7fe392c34fb0_0, 1, 1;
    %jmp T_0.40;
T_0.39 ;
    %set/v v0x7fe392c34fb0_0, 0, 1;
T_0.40 ;
    %jmp T_0.34;
T_0.33 ;
    %set/v v0x7fe392c34fb0_0, 0, 1;
T_0.34 ;
    %jmp T_0.16;
T_0.3 ;
    %load/v 8, v0x7fe392c34e60_0, 32;
    %mov 40, 0, 1;
    %load/v 41, v0x7fe392c34d10_0, 32;
    %mov 73, 0, 1;
    %sub 8, 41, 33;
    %set/v v0x7fe392c04ba0_0, 8, 32;
    %set/v v0x7fe392c34bc0_0, 40, 1;
    %load/v 8, v0x7fe392c34bc0_0, 1;
    %inv 8, 1;
    %set/v v0x7fe392c34a90_0, 8, 1;
    %ix/load 1, 31, 0;
    %mov 4, 0, 1;
    %jmp/1 T_0.41, 4;
    %load/x1p 8, v0x7fe392c04ba0_0, 1;
    %jmp T_0.42;
T_0.41 ;
    %mov 8, 2, 1;
T_0.42 ;
; Save base=8 wid=1 in lookaside.
    %set/v v0x7fe392c34da0_0, 8, 1;
    %load/v 8, v0x7fe392c04ba0_0, 32;
    %cmpi/u 8, 0, 32;
    %jmp/0xz  T_0.43, 4;
    %set/v v0x7fe392c35030_0, 1, 1;
    %jmp T_0.44;
T_0.43 ;
    %set/v v0x7fe392c35030_0, 0, 1;
T_0.44 ;
    %ix/load 1, 31, 0;
    %mov 4, 0, 1;
    %jmp/1 T_0.45, 4;
    %load/x1p 8, v0x7fe392c34d10_0, 1;
    %jmp T_0.46;
T_0.45 ;
    %mov 8, 2, 1;
T_0.46 ;
; Save base=8 wid=1 in lookaside.
    %ix/load 1, 31, 0;
    %mov 4, 0, 1;
    %jmp/1 T_0.47, 4;
    %load/x1p 9, v0x7fe392c34e60_0, 1;
    %jmp T_0.48;
T_0.47 ;
    %mov 9, 2, 1;
T_0.48 ;
; Save base=9 wid=1 in lookaside.
    %cmp/u 8, 9, 1;
    %jmp/0xz  T_0.49, 4;
    %ix/load 1, 31, 0;
    %mov 4, 0, 1;
    %jmp/1 T_0.51, 4;
    %load/x1p 8, v0x7fe392c34d10_0, 1;
    %jmp T_0.52;
T_0.51 ;
    %mov 8, 2, 1;
T_0.52 ;
; Save base=8 wid=1 in lookaside.
    %ix/load 1, 31, 0;
    %mov 4, 0, 1;
    %jmp/1 T_0.53, 4;
    %load/x1p 9, v0x7fe392c04ba0_0, 1;
    %jmp T_0.54;
T_0.53 ;
    %mov 9, 2, 1;
T_0.54 ;
; Save base=9 wid=1 in lookaside.
    %cmp/u 8, 9, 1;
    %inv 4, 1;
    %jmp/0xz  T_0.55, 4;
    %set/v v0x7fe392c34fb0_0, 1, 1;
    %jmp T_0.56;
T_0.55 ;
    %set/v v0x7fe392c34fb0_0, 0, 1;
T_0.56 ;
    %jmp T_0.50;
T_0.49 ;
    %set/v v0x7fe392c34fb0_0, 0, 1;
T_0.50 ;
    %jmp T_0.16;
T_0.4 ;
    %load/v 8, v0x7fe392c34d10_0, 32;
    %mov 40, 0, 1;
    %load/v 41, v0x7fe392c34e60_0, 32;
    %mov 73, 0, 1;
    %add 8, 41, 33;
    %set/v v0x7fe392c04ba0_0, 8, 32;
    %set/v v0x7fe392c34a90_0, 40, 1;
    %ix/load 1, 31, 0;
    %mov 4, 0, 1;
    %jmp/1 T_0.57, 4;
    %load/x1p 8, v0x7fe392c04ba0_0, 1;
    %jmp T_0.58;
T_0.57 ;
    %mov 8, 2, 1;
T_0.58 ;
; Save base=8 wid=1 in lookaside.
    %set/v v0x7fe392c34da0_0, 8, 1;
    %load/v 8, v0x7fe392c04ba0_0, 32;
    %cmpi/u 8, 0, 32;
    %jmp/0xz  T_0.59, 4;
    %set/v v0x7fe392c35030_0, 1, 1;
    %jmp T_0.60;
T_0.59 ;
    %set/v v0x7fe392c35030_0, 0, 1;
T_0.60 ;
    %ix/load 1, 31, 0;
    %mov 4, 0, 1;
    %jmp/1 T_0.61, 4;
    %load/x1p 8, v0x7fe392c34d10_0, 1;
    %jmp T_0.62;
T_0.61 ;
    %mov 8, 2, 1;
T_0.62 ;
; Save base=8 wid=1 in lookaside.
    %ix/load 1, 31, 0;
    %mov 4, 0, 1;
    %jmp/1 T_0.63, 4;
    %load/x1p 9, v0x7fe392c34e60_0, 1;
    %jmp T_0.64;
T_0.63 ;
    %mov 9, 2, 1;
T_0.64 ;
; Save base=9 wid=1 in lookaside.
    %cmp/u 8, 9, 1;
    %jmp/0xz  T_0.65, 4;
    %ix/load 1, 31, 0;
    %mov 4, 0, 1;
    %jmp/1 T_0.67, 4;
    %load/x1p 8, v0x7fe392c34d10_0, 1;
    %jmp T_0.68;
T_0.67 ;
    %mov 8, 2, 1;
T_0.68 ;
; Save base=8 wid=1 in lookaside.
    %ix/load 1, 31, 0;
    %mov 4, 0, 1;
    %jmp/1 T_0.69, 4;
    %load/x1p 9, v0x7fe392c04ba0_0, 1;
    %jmp T_0.70;
T_0.69 ;
    %mov 9, 2, 1;
T_0.70 ;
; Save base=9 wid=1 in lookaside.
    %cmp/u 8, 9, 1;
    %inv 4, 1;
    %jmp/0xz  T_0.71, 4;
    %set/v v0x7fe392c34fb0_0, 1, 1;
    %jmp T_0.72;
T_0.71 ;
    %set/v v0x7fe392c34fb0_0, 0, 1;
T_0.72 ;
    %jmp T_0.66;
T_0.65 ;
    %set/v v0x7fe392c34fb0_0, 0, 1;
T_0.66 ;
    %jmp T_0.16;
T_0.5 ;
    %load/v 8, v0x7fe392c34d10_0, 32;
    %mov 40, 0, 1;
    %load/v 41, v0x7fe392c34e60_0, 32;
    %mov 73, 0, 1;
    %add 8, 41, 33;
    %load/v 41, v0x7fe392c34b20_0, 1;
    %mov 42, 0, 32;
    %add 8, 41, 33;
    %set/v v0x7fe392c04ba0_0, 8, 32;
    %set/v v0x7fe392c34a90_0, 40, 1;
    %load/v 8, v0x7fe392c04ba0_0, 32;
    %cmpi/u 8, 0, 32;
    %jmp/0xz  T_0.73, 4;
    %set/v v0x7fe392c35030_0, 1, 1;
    %jmp T_0.74;
T_0.73 ;
    %set/v v0x7fe392c35030_0, 0, 1;
T_0.74 ;
    %ix/load 1, 31, 0;
    %mov 4, 0, 1;
    %jmp/1 T_0.75, 4;
    %load/x1p 8, v0x7fe392c34d10_0, 1;
    %jmp T_0.76;
T_0.75 ;
    %mov 8, 2, 1;
T_0.76 ;
; Save base=8 wid=1 in lookaside.
    %ix/load 1, 31, 0;
    %mov 4, 0, 1;
    %jmp/1 T_0.77, 4;
    %load/x1p 9, v0x7fe392c34e60_0, 1;
    %jmp T_0.78;
T_0.77 ;
    %mov 9, 2, 1;
T_0.78 ;
; Save base=9 wid=1 in lookaside.
    %cmp/u 8, 9, 1;
    %jmp/0xz  T_0.79, 4;
    %ix/load 1, 31, 0;
    %mov 4, 0, 1;
    %jmp/1 T_0.81, 4;
    %load/x1p 8, v0x7fe392c34d10_0, 1;
    %jmp T_0.82;
T_0.81 ;
    %mov 8, 2, 1;
T_0.82 ;
; Save base=8 wid=1 in lookaside.
    %ix/load 1, 31, 0;
    %mov 4, 0, 1;
    %jmp/1 T_0.83, 4;
    %load/x1p 9, v0x7fe392c04ba0_0, 1;
    %jmp T_0.84;
T_0.83 ;
    %mov 9, 2, 1;
T_0.84 ;
; Save base=9 wid=1 in lookaside.
    %cmp/u 8, 9, 1;
    %inv 4, 1;
    %jmp/0xz  T_0.85, 4;
    %set/v v0x7fe392c34fb0_0, 1, 1;
    %jmp T_0.86;
T_0.85 ;
    %set/v v0x7fe392c34fb0_0, 0, 1;
T_0.86 ;
    %jmp T_0.80;
T_0.79 ;
    %set/v v0x7fe392c34fb0_0, 0, 1;
T_0.80 ;
    %jmp T_0.16;
T_0.6 ;
    %load/v 8, v0x7fe392c34d10_0, 32;
    %mov 40, 0, 1;
    %load/v 41, v0x7fe392c34e60_0, 32;
    %mov 73, 0, 1;
    %sub 8, 41, 33;
    %load/v 41, v0x7fe392c34b20_0, 1;
    %mov 42, 0, 32;
    %inv 41, 33;
    %sub 8, 41, 33;
    %set/v v0x7fe392c04ba0_0, 8, 32;
    %set/v v0x7fe392c34bc0_0, 40, 1;
    %load/v 8, v0x7fe392c34bc0_0, 1;
    %inv 8, 1;
    %set/v v0x7fe392c34a90_0, 8, 1;
    %load/v 8, v0x7fe392c04ba0_0, 32;
    %cmpi/u 8, 0, 32;
    %jmp/0xz  T_0.87, 4;
    %set/v v0x7fe392c35030_0, 1, 1;
    %jmp T_0.88;
T_0.87 ;
    %set/v v0x7fe392c35030_0, 0, 1;
T_0.88 ;
    %ix/load 1, 31, 0;
    %mov 4, 0, 1;
    %jmp/1 T_0.89, 4;
    %load/x1p 8, v0x7fe392c34d10_0, 1;
    %jmp T_0.90;
T_0.89 ;
    %mov 8, 2, 1;
T_0.90 ;
; Save base=8 wid=1 in lookaside.
    %ix/load 1, 31, 0;
    %mov 4, 0, 1;
    %jmp/1 T_0.91, 4;
    %load/x1p 9, v0x7fe392c34e60_0, 1;
    %jmp T_0.92;
T_0.91 ;
    %mov 9, 2, 1;
T_0.92 ;
; Save base=9 wid=1 in lookaside.
    %cmp/u 8, 9, 1;
    %jmp/0xz  T_0.93, 4;
    %ix/load 1, 31, 0;
    %mov 4, 0, 1;
    %jmp/1 T_0.95, 4;
    %load/x1p 8, v0x7fe392c34d10_0, 1;
    %jmp T_0.96;
T_0.95 ;
    %mov 8, 2, 1;
T_0.96 ;
; Save base=8 wid=1 in lookaside.
    %ix/load 1, 31, 0;
    %mov 4, 0, 1;
    %jmp/1 T_0.97, 4;
    %load/x1p 9, v0x7fe392c04ba0_0, 1;
    %jmp T_0.98;
T_0.97 ;
    %mov 9, 2, 1;
T_0.98 ;
; Save base=9 wid=1 in lookaside.
    %cmp/u 8, 9, 1;
    %inv 4, 1;
    %jmp/0xz  T_0.99, 4;
    %set/v v0x7fe392c34fb0_0, 1, 1;
    %jmp T_0.100;
T_0.99 ;
    %set/v v0x7fe392c34fb0_0, 0, 1;
T_0.100 ;
    %jmp T_0.94;
T_0.93 ;
    %set/v v0x7fe392c34fb0_0, 0, 1;
T_0.94 ;
    %jmp T_0.16;
T_0.7 ;
    %load/v 8, v0x7fe392c34e60_0, 32;
    %mov 40, 0, 1;
    %load/v 41, v0x7fe392c34d10_0, 32;
    %mov 73, 0, 1;
    %sub 8, 41, 33;
    %load/v 41, v0x7fe392c34b20_0, 1;
    %mov 42, 0, 32;
    %inv 41, 33;
    %sub 8, 41, 33;
    %set/v v0x7fe392c04ba0_0, 8, 32;
    %set/v v0x7fe392c34bc0_0, 40, 1;
    %load/v 8, v0x7fe392c34bc0_0, 1;
    %inv 8, 1;
    %set/v v0x7fe392c34a90_0, 8, 1;
    %load/v 8, v0x7fe392c04ba0_0, 32;
    %cmpi/u 8, 0, 32;
    %jmp/0xz  T_0.101, 4;
    %set/v v0x7fe392c35030_0, 1, 1;
    %jmp T_0.102;
T_0.101 ;
    %set/v v0x7fe392c35030_0, 0, 1;
T_0.102 ;
    %ix/load 1, 31, 0;
    %mov 4, 0, 1;
    %jmp/1 T_0.103, 4;
    %load/x1p 8, v0x7fe392c34d10_0, 1;
    %jmp T_0.104;
T_0.103 ;
    %mov 8, 2, 1;
T_0.104 ;
; Save base=8 wid=1 in lookaside.
    %ix/load 1, 31, 0;
    %mov 4, 0, 1;
    %jmp/1 T_0.105, 4;
    %load/x1p 9, v0x7fe392c34e60_0, 1;
    %jmp T_0.106;
T_0.105 ;
    %mov 9, 2, 1;
T_0.106 ;
; Save base=9 wid=1 in lookaside.
    %cmp/u 8, 9, 1;
    %jmp/0xz  T_0.107, 4;
    %ix/load 1, 31, 0;
    %mov 4, 0, 1;
    %jmp/1 T_0.109, 4;
    %load/x1p 8, v0x7fe392c34d10_0, 1;
    %jmp T_0.110;
T_0.109 ;
    %mov 8, 2, 1;
T_0.110 ;
; Save base=8 wid=1 in lookaside.
    %ix/load 1, 31, 0;
    %mov 4, 0, 1;
    %jmp/1 T_0.111, 4;
    %load/x1p 9, v0x7fe392c04ba0_0, 1;
    %jmp T_0.112;
T_0.111 ;
    %mov 9, 2, 1;
T_0.112 ;
; Save base=9 wid=1 in lookaside.
    %cmp/u 8, 9, 1;
    %inv 4, 1;
    %jmp/0xz  T_0.113, 4;
    %set/v v0x7fe392c34fb0_0, 1, 1;
    %jmp T_0.114;
T_0.113 ;
    %set/v v0x7fe392c34fb0_0, 0, 1;
T_0.114 ;
    %jmp T_0.108;
T_0.107 ;
    %set/v v0x7fe392c34fb0_0, 0, 1;
T_0.108 ;
    %jmp T_0.16;
T_0.8 ;
    %load/v 8, v0x7fe392c34d10_0, 32;
    %load/v 40, v0x7fe392c34e60_0, 32;
    %and 8, 40, 32;
    %set/v v0x7fe392c34ee0_0, 8, 32;
    %ix/load 1, 31, 0;
    %mov 4, 0, 1;
    %jmp/1 T_0.115, 4;
    %load/x1p 8, v0x7fe392c34ee0_0, 1;
    %jmp T_0.116;
T_0.115 ;
    %mov 8, 2, 1;
T_0.116 ;
; Save base=8 wid=1 in lookaside.
    %set/v v0x7fe392c34da0_0, 8, 1;
    %load/v 8, v0x7fe392c34ee0_0, 32;
    %cmpi/u 8, 0, 32;
    %jmp/0xz  T_0.117, 4;
    %set/v v0x7fe392c35030_0, 1, 1;
    %jmp T_0.118;
T_0.117 ;
    %set/v v0x7fe392c35030_0, 0, 1;
T_0.118 ;
    %jmp T_0.16;
T_0.9 ;
    %load/v 8, v0x7fe392c34d10_0, 32;
    %load/v 40, v0x7fe392c34e60_0, 32;
    %xor 8, 40, 32;
    %set/v v0x7fe392c34ee0_0, 8, 32;
    %ix/load 1, 31, 0;
    %mov 4, 0, 1;
    %jmp/1 T_0.119, 4;
    %load/x1p 8, v0x7fe392c34ee0_0, 1;
    %jmp T_0.120;
T_0.119 ;
    %mov 8, 2, 1;
T_0.120 ;
; Save base=8 wid=1 in lookaside.
    %set/v v0x7fe392c34da0_0, 8, 1;
    %load/v 8, v0x7fe392c34ee0_0, 32;
    %cmpi/u 8, 0, 32;
    %jmp/0xz  T_0.121, 4;
    %set/v v0x7fe392c35030_0, 1, 1;
    %jmp T_0.122;
T_0.121 ;
    %set/v v0x7fe392c35030_0, 0, 1;
T_0.122 ;
    %jmp T_0.16;
T_0.10 ;
    %load/v 8, v0x7fe392c34d10_0, 32;
    %mov 40, 0, 1;
    %load/v 41, v0x7fe392c34e60_0, 32;
    %mov 73, 0, 1;
    %sub 8, 41, 33;
    %set/v v0x7fe392c34ee0_0, 8, 32;
    %set/v v0x7fe392c34bc0_0, 40, 1;
    %load/v 8, v0x7fe392c34bc0_0, 1;
    %inv 8, 1;
    %set/v v0x7fe392c34a90_0, 8, 1;
    %ix/load 1, 31, 0;
    %mov 4, 0, 1;
    %jmp/1 T_0.123, 4;
    %load/x1p 8, v0x7fe392c34ee0_0, 1;
    %jmp T_0.124;
T_0.123 ;
    %mov 8, 2, 1;
T_0.124 ;
; Save base=8 wid=1 in lookaside.
    %set/v v0x7fe392c34da0_0, 8, 1;
    %load/v 8, v0x7fe392c34ee0_0, 32;
    %cmpi/u 8, 0, 32;
    %jmp/0xz  T_0.125, 4;
    %set/v v0x7fe392c35030_0, 1, 1;
    %jmp T_0.126;
T_0.125 ;
    %set/v v0x7fe392c35030_0, 0, 1;
T_0.126 ;
    %ix/load 1, 31, 0;
    %mov 4, 0, 1;
    %jmp/1 T_0.127, 4;
    %load/x1p 8, v0x7fe392c34d10_0, 1;
    %jmp T_0.128;
T_0.127 ;
    %mov 8, 2, 1;
T_0.128 ;
; Save base=8 wid=1 in lookaside.
    %ix/load 1, 31, 0;
    %mov 4, 0, 1;
    %jmp/1 T_0.129, 4;
    %load/x1p 9, v0x7fe392c34e60_0, 1;
    %jmp T_0.130;
T_0.129 ;
    %mov 9, 2, 1;
T_0.130 ;
; Save base=9 wid=1 in lookaside.
    %cmp/u 8, 9, 1;
    %jmp/0xz  T_0.131, 4;
    %ix/load 1, 31, 0;
    %mov 4, 0, 1;
    %jmp/1 T_0.133, 4;
    %load/x1p 8, v0x7fe392c34d10_0, 1;
    %jmp T_0.134;
T_0.133 ;
    %mov 8, 2, 1;
T_0.134 ;
; Save base=8 wid=1 in lookaside.
    %ix/load 1, 31, 0;
    %mov 4, 0, 1;
    %jmp/1 T_0.135, 4;
    %load/x1p 9, v0x7fe392c34ee0_0, 1;
    %jmp T_0.136;
T_0.135 ;
    %mov 9, 2, 1;
T_0.136 ;
; Save base=9 wid=1 in lookaside.
    %cmp/u 8, 9, 1;
    %inv 4, 1;
    %jmp/0xz  T_0.137, 4;
    %set/v v0x7fe392c34fb0_0, 1, 1;
    %jmp T_0.138;
T_0.137 ;
    %set/v v0x7fe392c34fb0_0, 0, 1;
T_0.138 ;
    %jmp T_0.132;
T_0.131 ;
    %set/v v0x7fe392c34fb0_0, 0, 1;
T_0.132 ;
    %jmp T_0.16;
T_0.11 ;
    %load/v 8, v0x7fe392c34d10_0, 32;
    %mov 40, 0, 1;
    %load/v 41, v0x7fe392c34e60_0, 32;
    %mov 73, 0, 1;
    %add 8, 41, 33;
    %set/v v0x7fe392c34ee0_0, 8, 32;
    %set/v v0x7fe392c34a90_0, 40, 1;
    %ix/load 1, 31, 0;
    %mov 4, 0, 1;
    %jmp/1 T_0.139, 4;
    %load/x1p 8, v0x7fe392c34ee0_0, 1;
    %jmp T_0.140;
T_0.139 ;
    %mov 8, 2, 1;
T_0.140 ;
; Save base=8 wid=1 in lookaside.
    %set/v v0x7fe392c34da0_0, 8, 1;
    %load/v 8, v0x7fe392c34ee0_0, 32;
    %cmpi/u 8, 0, 32;
    %jmp/0xz  T_0.141, 4;
    %set/v v0x7fe392c35030_0, 1, 1;
    %jmp T_0.142;
T_0.141 ;
    %set/v v0x7fe392c35030_0, 0, 1;
T_0.142 ;
    %ix/load 1, 31, 0;
    %mov 4, 0, 1;
    %jmp/1 T_0.143, 4;
    %load/x1p 8, v0x7fe392c34d10_0, 1;
    %jmp T_0.144;
T_0.143 ;
    %mov 8, 2, 1;
T_0.144 ;
; Save base=8 wid=1 in lookaside.
    %ix/load 1, 31, 0;
    %mov 4, 0, 1;
    %jmp/1 T_0.145, 4;
    %load/x1p 9, v0x7fe392c34e60_0, 1;
    %jmp T_0.146;
T_0.145 ;
    %mov 9, 2, 1;
T_0.146 ;
; Save base=9 wid=1 in lookaside.
    %cmp/u 8, 9, 1;
    %jmp/0xz  T_0.147, 4;
    %ix/load 1, 31, 0;
    %mov 4, 0, 1;
    %jmp/1 T_0.149, 4;
    %load/x1p 8, v0x7fe392c34d10_0, 1;
    %jmp T_0.150;
T_0.149 ;
    %mov 8, 2, 1;
T_0.150 ;
; Save base=8 wid=1 in lookaside.
    %ix/load 1, 31, 0;
    %mov 4, 0, 1;
    %jmp/1 T_0.151, 4;
    %load/x1p 9, v0x7fe392c34ee0_0, 1;
    %jmp T_0.152;
T_0.151 ;
    %mov 9, 2, 1;
T_0.152 ;
; Save base=9 wid=1 in lookaside.
    %cmp/u 8, 9, 1;
    %inv 4, 1;
    %jmp/0xz  T_0.153, 4;
    %set/v v0x7fe392c34fb0_0, 1, 1;
    %jmp T_0.154;
T_0.153 ;
    %set/v v0x7fe392c34fb0_0, 0, 1;
T_0.154 ;
    %jmp T_0.148;
T_0.147 ;
    %set/v v0x7fe392c34fb0_0, 0, 1;
T_0.148 ;
    %jmp T_0.16;
T_0.12 ;
    %load/v 8, v0x7fe392c34d10_0, 32;
    %load/v 40, v0x7fe392c34e60_0, 32;
    %or 8, 40, 32;
    %set/v v0x7fe392c04ba0_0, 8, 32;
    %ix/load 1, 31, 0;
    %mov 4, 0, 1;
    %jmp/1 T_0.155, 4;
    %load/x1p 8, v0x7fe392c04ba0_0, 1;
    %jmp T_0.156;
T_0.155 ;
    %mov 8, 2, 1;
T_0.156 ;
; Save base=8 wid=1 in lookaside.
    %set/v v0x7fe392c34da0_0, 8, 1;
    %load/v 8, v0x7fe392c04ba0_0, 32;
    %cmpi/u 8, 0, 32;
    %jmp/0xz  T_0.157, 4;
    %set/v v0x7fe392c35030_0, 1, 1;
    %jmp T_0.158;
T_0.157 ;
    %set/v v0x7fe392c35030_0, 0, 1;
T_0.158 ;
    %jmp T_0.16;
T_0.13 ;
    %load/v 8, v0x7fe392c34e60_0, 32;
    %set/v v0x7fe392c04ba0_0, 8, 32;
    %ix/load 1, 31, 0;
    %mov 4, 0, 1;
    %jmp/1 T_0.159, 4;
    %load/x1p 8, v0x7fe392c04ba0_0, 1;
    %jmp T_0.160;
T_0.159 ;
    %mov 8, 2, 1;
T_0.160 ;
; Save base=8 wid=1 in lookaside.
    %set/v v0x7fe392c34da0_0, 8, 1;
    %load/v 8, v0x7fe392c04ba0_0, 32;
    %cmpi/u 8, 0, 32;
    %jmp/0xz  T_0.161, 4;
    %set/v v0x7fe392c35030_0, 1, 1;
    %jmp T_0.162;
T_0.161 ;
    %set/v v0x7fe392c35030_0, 0, 1;
T_0.162 ;
    %jmp T_0.16;
T_0.14 ;
    %load/v 8, v0x7fe392c34d10_0, 32;
    %load/v 40, v0x7fe392c34e60_0, 32;
    %inv 40, 32;
    %and 8, 40, 32;
    %set/v v0x7fe392c04ba0_0, 8, 32;
    %ix/load 1, 31, 0;
    %mov 4, 0, 1;
    %jmp/1 T_0.163, 4;
    %load/x1p 8, v0x7fe392c04ba0_0, 1;
    %jmp T_0.164;
T_0.163 ;
    %mov 8, 2, 1;
T_0.164 ;
; Save base=8 wid=1 in lookaside.
    %set/v v0x7fe392c34da0_0, 8, 1;
    %load/v 8, v0x7fe392c04ba0_0, 32;
    %cmpi/u 8, 0, 32;
    %jmp/0xz  T_0.165, 4;
    %set/v v0x7fe392c35030_0, 1, 1;
    %jmp T_0.166;
T_0.165 ;
    %set/v v0x7fe392c35030_0, 0, 1;
T_0.166 ;
    %jmp T_0.16;
T_0.15 ;
    %load/v 8, v0x7fe392c34e60_0, 32;
    %inv 8, 32;
    %set/v v0x7fe392c04ba0_0, 8, 32;
    %ix/load 1, 31, 0;
    %mov 4, 0, 1;
    %jmp/1 T_0.167, 4;
    %load/x1p 8, v0x7fe392c04ba0_0, 1;
    %jmp T_0.168;
T_0.167 ;
    %mov 8, 2, 1;
T_0.168 ;
; Save base=8 wid=1 in lookaside.
    %set/v v0x7fe392c34da0_0, 8, 1;
    %load/v 8, v0x7fe392c04ba0_0, 32;
    %cmpi/u 8, 0, 32;
    %jmp/0xz  T_0.169, 4;
    %set/v v0x7fe392c35030_0, 1, 1;
    %jmp T_0.170;
T_0.169 ;
    %set/v v0x7fe392c35030_0, 0, 1;
T_0.170 ;
    %jmp T_0.16;
T_0.16 ;
    %jmp T_0;
    .thread T_0, $push;
    .scope S_0x7fe392c03ae0;
T_1 ;
    %delay 160, 0;
    %vpi_call 2 13 "$finish";
    %end;
    .thread T_1;
    .scope S_0x7fe392c03ae0;
T_2 ;
    %set/v v0x7fe392c352b0_0, 0, 4;
    %movi 8, 1, 32;
    %set/v v0x7fe392c35350_0, 8, 32;
    %movi 8, 2, 32;
    %set/v v0x7fe392c353f0_0, 8, 32;
    %set/v v0x7fe392c35190_0, 0, 1;
    %movi 8, 15, 5;
T_2.0 %cmp/s 0, 8, 5;
    %jmp/0xz T_2.1, 5;
    %add 8, 1, 5;
    %delay 10, 0;
    %ix/load 0, 1, 0;
    %load/vp0 13, v0x7fe392c352b0_0, 4;
    %set/v v0x7fe392c352b0_0, 13, 4;
    %jmp T_2.0;
T_2.1 ;
    %end;
    .thread T_2;
    .scope S_0x7fe392c03ae0;
T_3 ;
    %vpi_call 2 24 "$display", "   IF \011 C N V Z \011\011    IL \011  IL \011  ALUOUT";
    %vpi_call 2 25 "$monitor", "   %b%b%b%b  %b %b %b %b         %d %d %d", &PV<v0x7fe392c352b0_0, 3, 1>, &PV<v0x7fe392c352b0_0, 2, 1>, &PV<v0x7fe392c352b0_0, 1, 1>, &PV<v0x7fe392c352b0_0, 0, 1>, v0x7fe392c35210_0, v0x7fe392c35490_0, v0x7fe392c35570_0, v0x7fe392c355f0_0, v0x7fe392c35350_0, v0x7fe392c353f0_0, v0x7fe392c35110_0;
    %end;
    .thread T_3;
# The file index is used to find the file name in the following table.
:file_names 4;
    "N/A";
    "<interactive>";
    "/Users/pedro/Documents/git/armverilogimplementation/ArquiProjecto/ALU/module test_alu.v";
    "/Users/pedro/Documents/git/armverilogimplementation/ArquiProjecto/ALU/alu.v";
