#! /usr/local/Cellar/icarus-verilog/0.9.7/bin/vvp
:ivl_version "0.9.7 " "(v0_9_7)";
:vpi_time_precision + 0;
:vpi_module "system";
:vpi_module "v2005_math";
:vpi_module "va_math";
S_0x7fe799c195a0 .scope module, "test_alu" "test_alu" 2 1;
 .timescale 0 0;
P_0x7fe799c05998 .param/l "sim_time" 2 9, +C4<010100000>;
v0x7fe799c29c60_0 .net "ALUOUT", 31 0, v0x7fe799c197a0_0; 1 drivers
v0x7fe799c29d00_0 .var "CIN", 0 0;
v0x7fe799c29d80_0 .net "COUT", 0 0, v0x7fe799c296c0_0; 1 drivers
v0x7fe799c29e20_0 .var "IF", 3 0;
v0x7fe799c29ec0_0 .var "IL", 31 0;
v0x7fe799c29f70_0 .var "IR", 31 0;
v0x7fe799c2a010_0 .net "N", 0 0, v0x7fe799c29940_0; 1 drivers
v0x7fe799c2a0d0_0 .net "V", 0 0, v0x7fe799c29b10_0; 1 drivers
v0x7fe799c2a150_0 .net "ZERO", 0 0, v0x7fe799c29be0_0; 1 drivers
S_0x7fe799c196c0 .scope module, "alu1" "ALU" 2 10, 3 1, S_0x7fe799c195a0;
 .timescale 0 0;
v0x7fe799c197a0_0 .var "ALU_OUTPUT", 31 0;
v0x7fe799c296c0_0 .var "C", 0 0;
v0x7fe799c29750_0 .net "CIN", 0 0, v0x7fe799c29d00_0; 1 drivers
v0x7fe799c297f0_0 .net "FN", 3 0, v0x7fe799c29e20_0; 1 drivers
v0x7fe799c29880_0 .net "LEFT_OP", 31 0, v0x7fe799c29ec0_0; 1 drivers
v0x7fe799c29940_0 .var "N", 0 0;
v0x7fe799c299d0_0 .net "RIGHT_OP", 31 0, v0x7fe799c29f70_0; 1 drivers
v0x7fe799c29a90_0 .var "TEMP", 31 0;
v0x7fe799c29b10_0 .var "V", 0 0;
v0x7fe799c29be0_0 .var "Z", 0 0;
E_0x7fe799c06150 .event edge, v0x7fe799c29750_0, v0x7fe799c297f0_0, v0x7fe799c299d0_0, v0x7fe799c29880_0;
    .scope S_0x7fe799c196c0;
T_0 ;
    %wait E_0x7fe799c06150;
    %load/v 8, v0x7fe799c297f0_0, 4;
    %cmpi/u 8, 0, 4;
    %jmp/1 T_0.0, 6;
    %cmpi/u 8, 1, 4;
    %jmp/1 T_0.1, 6;
    %cmpi/u 8, 2, 4;
    %jmp/1 T_0.2, 6;
    %cmpi/u 8, 3, 4;
    %jmp/1 T_0.3, 6;
    %cmpi/u 8, 4, 4;
    %jmp/1 T_0.4, 6;
    %cmpi/u 8, 5, 4;
    %jmp/1 T_0.5, 6;
    %cmpi/u 8, 6, 4;
    %jmp/1 T_0.6, 6;
    %cmpi/u 8, 7, 4;
    %jmp/1 T_0.7, 6;
    %cmpi/u 8, 8, 4;
    %jmp/1 T_0.8, 6;
    %cmpi/u 8, 9, 4;
    %jmp/1 T_0.9, 6;
    %cmpi/u 8, 10, 4;
    %jmp/1 T_0.10, 6;
    %cmpi/u 8, 11, 4;
    %jmp/1 T_0.11, 6;
    %cmpi/u 8, 12, 4;
    %jmp/1 T_0.12, 6;
    %cmpi/u 8, 13, 4;
    %jmp/1 T_0.13, 6;
    %cmpi/u 8, 14, 4;
    %jmp/1 T_0.14, 6;
    %cmpi/u 8, 15, 4;
    %jmp/1 T_0.15, 6;
    %jmp T_0.16;
T_0.0 ;
    %load/v 41, v0x7fe799c29880_0, 32;
    %cmpi/u 41, 0, 32;
    %inv 4, 1;
    %mov 41, 4, 1;
    %load/v 42, v0x7fe799c299d0_0, 32;
    %cmpi/u 42, 0, 32;
    %inv 4, 1;
    %mov 42, 4, 1;
    %and 41, 42, 1;
    %mov 8, 41, 1;
    %mov 9, 0, 32;
    %set/v v0x7fe799c197a0_0, 8, 32;
    %set/v v0x7fe799c296c0_0, 40, 1;
    %ix/load 1, 31, 0;
    %mov 4, 0, 1;
    %jmp/1 T_0.17, 4;
    %load/x1p 8, v0x7fe799c197a0_0, 1;
    %jmp T_0.18;
T_0.17 ;
    %mov 8, 2, 1;
T_0.18 ;
; Save base=8 wid=1 in lookaside.
    %set/v v0x7fe799c29940_0, 8, 1;
    %load/v 8, v0x7fe799c197a0_0, 32;
    %cmpi/u 8, 0, 32;
    %jmp/0xz  T_0.19, 4;
    %set/v v0x7fe799c29be0_0, 1, 1;
    %jmp T_0.20;
T_0.19 ;
    %set/v v0x7fe799c29be0_0, 0, 1;
T_0.20 ;
    %ix/load 1, 31, 0;
    %mov 4, 0, 1;
    %jmp/1 T_0.21, 4;
    %load/x1p 8, v0x7fe799c29880_0, 1;
    %jmp T_0.22;
T_0.21 ;
    %mov 8, 2, 1;
T_0.22 ;
; Save base=8 wid=1 in lookaside.
    %ix/load 1, 31, 0;
    %mov 4, 0, 1;
    %jmp/1 T_0.23, 4;
    %load/x1p 9, v0x7fe799c299d0_0, 1;
    %jmp T_0.24;
T_0.23 ;
    %mov 9, 2, 1;
T_0.24 ;
; Save base=9 wid=1 in lookaside.
    %cmp/u 8, 9, 1;
    %jmp/0xz  T_0.25, 4;
    %ix/load 1, 31, 0;
    %mov 4, 0, 1;
    %jmp/1 T_0.27, 4;
    %load/x1p 8, v0x7fe799c29880_0, 1;
    %jmp T_0.28;
T_0.27 ;
    %mov 8, 2, 1;
T_0.28 ;
; Save base=8 wid=1 in lookaside.
    %ix/load 1, 31, 0;
    %mov 4, 0, 1;
    %jmp/1 T_0.29, 4;
    %load/x1p 9, v0x7fe799c197a0_0, 1;
    %jmp T_0.30;
T_0.29 ;
    %mov 9, 2, 1;
T_0.30 ;
; Save base=9 wid=1 in lookaside.
    %cmp/u 8, 9, 1;
    %inv 4, 1;
    %jmp/0xz  T_0.31, 4;
    %set/v v0x7fe799c29b10_0, 1, 1;
    %jmp T_0.32;
T_0.31 ;
    %set/v v0x7fe799c29b10_0, 0, 1;
T_0.32 ;
    %jmp T_0.26;
T_0.25 ;
    %set/v v0x7fe799c29b10_0, 0, 1;
T_0.26 ;
    %jmp T_0.16;
T_0.1 ;
    %load/v 8, v0x7fe799c29880_0, 32;
    %mov 40, 0, 1;
    %load/v 41, v0x7fe799c299d0_0, 32;
    %mov 73, 0, 1;
    %xor 8, 41, 33;
    %set/v v0x7fe799c197a0_0, 8, 32;
    %set/v v0x7fe799c296c0_0, 40, 1;
    %ix/load 1, 31, 0;
    %mov 4, 0, 1;
    %jmp/1 T_0.33, 4;
    %load/x1p 8, v0x7fe799c197a0_0, 1;
    %jmp T_0.34;
T_0.33 ;
    %mov 8, 2, 1;
T_0.34 ;
; Save base=8 wid=1 in lookaside.
    %set/v v0x7fe799c29940_0, 8, 1;
    %load/v 8, v0x7fe799c197a0_0, 32;
    %cmpi/u 8, 0, 32;
    %jmp/0xz  T_0.35, 4;
    %set/v v0x7fe799c29be0_0, 1, 1;
    %jmp T_0.36;
T_0.35 ;
    %set/v v0x7fe799c29be0_0, 0, 1;
T_0.36 ;
    %ix/load 1, 31, 0;
    %mov 4, 0, 1;
    %jmp/1 T_0.37, 4;
    %load/x1p 8, v0x7fe799c29880_0, 1;
    %jmp T_0.38;
T_0.37 ;
    %mov 8, 2, 1;
T_0.38 ;
; Save base=8 wid=1 in lookaside.
    %ix/load 1, 31, 0;
    %mov 4, 0, 1;
    %jmp/1 T_0.39, 4;
    %load/x1p 9, v0x7fe799c299d0_0, 1;
    %jmp T_0.40;
T_0.39 ;
    %mov 9, 2, 1;
T_0.40 ;
; Save base=9 wid=1 in lookaside.
    %cmp/u 8, 9, 1;
    %jmp/0xz  T_0.41, 4;
    %ix/load 1, 31, 0;
    %mov 4, 0, 1;
    %jmp/1 T_0.43, 4;
    %load/x1p 8, v0x7fe799c29880_0, 1;
    %jmp T_0.44;
T_0.43 ;
    %mov 8, 2, 1;
T_0.44 ;
; Save base=8 wid=1 in lookaside.
    %ix/load 1, 31, 0;
    %mov 4, 0, 1;
    %jmp/1 T_0.45, 4;
    %load/x1p 9, v0x7fe799c197a0_0, 1;
    %jmp T_0.46;
T_0.45 ;
    %mov 9, 2, 1;
T_0.46 ;
; Save base=9 wid=1 in lookaside.
    %cmp/u 8, 9, 1;
    %inv 4, 1;
    %jmp/0xz  T_0.47, 4;
    %set/v v0x7fe799c29b10_0, 1, 1;
    %jmp T_0.48;
T_0.47 ;
    %set/v v0x7fe799c29b10_0, 0, 1;
T_0.48 ;
    %jmp T_0.42;
T_0.41 ;
    %set/v v0x7fe799c29b10_0, 0, 1;
T_0.42 ;
    %jmp T_0.16;
T_0.2 ;
    %load/v 8, v0x7fe799c29880_0, 32;
    %mov 40, 0, 1;
    %load/v 41, v0x7fe799c299d0_0, 32;
    %mov 73, 0, 1;
    %sub 8, 41, 33;
    %set/v v0x7fe799c197a0_0, 8, 32;
    %set/v v0x7fe799c296c0_0, 40, 1;
    %ix/load 1, 31, 0;
    %mov 4, 0, 1;
    %jmp/1 T_0.49, 4;
    %load/x1p 8, v0x7fe799c197a0_0, 1;
    %jmp T_0.50;
T_0.49 ;
    %mov 8, 2, 1;
T_0.50 ;
; Save base=8 wid=1 in lookaside.
    %set/v v0x7fe799c29940_0, 8, 1;
    %load/v 8, v0x7fe799c197a0_0, 32;
    %cmpi/u 8, 0, 32;
    %jmp/0xz  T_0.51, 4;
    %set/v v0x7fe799c29be0_0, 1, 1;
    %jmp T_0.52;
T_0.51 ;
    %set/v v0x7fe799c29be0_0, 0, 1;
T_0.52 ;
    %ix/load 1, 31, 0;
    %mov 4, 0, 1;
    %jmp/1 T_0.53, 4;
    %load/x1p 8, v0x7fe799c29880_0, 1;
    %jmp T_0.54;
T_0.53 ;
    %mov 8, 2, 1;
T_0.54 ;
; Save base=8 wid=1 in lookaside.
    %ix/load 1, 31, 0;
    %mov 4, 0, 1;
    %jmp/1 T_0.55, 4;
    %load/x1p 9, v0x7fe799c299d0_0, 1;
    %jmp T_0.56;
T_0.55 ;
    %mov 9, 2, 1;
T_0.56 ;
; Save base=9 wid=1 in lookaside.
    %cmp/u 8, 9, 1;
    %jmp/0xz  T_0.57, 4;
    %ix/load 1, 31, 0;
    %mov 4, 0, 1;
    %jmp/1 T_0.59, 4;
    %load/x1p 8, v0x7fe799c29880_0, 1;
    %jmp T_0.60;
T_0.59 ;
    %mov 8, 2, 1;
T_0.60 ;
; Save base=8 wid=1 in lookaside.
    %ix/load 1, 31, 0;
    %mov 4, 0, 1;
    %jmp/1 T_0.61, 4;
    %load/x1p 9, v0x7fe799c197a0_0, 1;
    %jmp T_0.62;
T_0.61 ;
    %mov 9, 2, 1;
T_0.62 ;
; Save base=9 wid=1 in lookaside.
    %cmp/u 8, 9, 1;
    %inv 4, 1;
    %jmp/0xz  T_0.63, 4;
    %set/v v0x7fe799c29b10_0, 1, 1;
    %jmp T_0.64;
T_0.63 ;
    %set/v v0x7fe799c29b10_0, 0, 1;
T_0.64 ;
    %jmp T_0.58;
T_0.57 ;
    %set/v v0x7fe799c29b10_0, 0, 1;
T_0.58 ;
    %jmp T_0.16;
T_0.3 ;
    %load/v 8, v0x7fe799c299d0_0, 32;
    %mov 40, 0, 1;
    %load/v 41, v0x7fe799c29880_0, 32;
    %mov 73, 0, 1;
    %sub 8, 41, 33;
    %set/v v0x7fe799c197a0_0, 8, 32;
    %set/v v0x7fe799c296c0_0, 40, 1;
    %ix/load 1, 31, 0;
    %mov 4, 0, 1;
    %jmp/1 T_0.65, 4;
    %load/x1p 8, v0x7fe799c197a0_0, 1;
    %jmp T_0.66;
T_0.65 ;
    %mov 8, 2, 1;
T_0.66 ;
; Save base=8 wid=1 in lookaside.
    %set/v v0x7fe799c29940_0, 8, 1;
    %load/v 8, v0x7fe799c197a0_0, 32;
    %cmpi/u 8, 0, 32;
    %jmp/0xz  T_0.67, 4;
    %set/v v0x7fe799c29be0_0, 1, 1;
    %jmp T_0.68;
T_0.67 ;
    %set/v v0x7fe799c29be0_0, 0, 1;
T_0.68 ;
    %ix/load 1, 31, 0;
    %mov 4, 0, 1;
    %jmp/1 T_0.69, 4;
    %load/x1p 8, v0x7fe799c29880_0, 1;
    %jmp T_0.70;
T_0.69 ;
    %mov 8, 2, 1;
T_0.70 ;
; Save base=8 wid=1 in lookaside.
    %ix/load 1, 31, 0;
    %mov 4, 0, 1;
    %jmp/1 T_0.71, 4;
    %load/x1p 9, v0x7fe799c299d0_0, 1;
    %jmp T_0.72;
T_0.71 ;
    %mov 9, 2, 1;
T_0.72 ;
; Save base=9 wid=1 in lookaside.
    %cmp/u 8, 9, 1;
    %jmp/0xz  T_0.73, 4;
    %ix/load 1, 31, 0;
    %mov 4, 0, 1;
    %jmp/1 T_0.75, 4;
    %load/x1p 8, v0x7fe799c29880_0, 1;
    %jmp T_0.76;
T_0.75 ;
    %mov 8, 2, 1;
T_0.76 ;
; Save base=8 wid=1 in lookaside.
    %ix/load 1, 31, 0;
    %mov 4, 0, 1;
    %jmp/1 T_0.77, 4;
    %load/x1p 9, v0x7fe799c197a0_0, 1;
    %jmp T_0.78;
T_0.77 ;
    %mov 9, 2, 1;
T_0.78 ;
; Save base=9 wid=1 in lookaside.
    %cmp/u 8, 9, 1;
    %inv 4, 1;
    %jmp/0xz  T_0.79, 4;
    %set/v v0x7fe799c29b10_0, 1, 1;
    %jmp T_0.80;
T_0.79 ;
    %set/v v0x7fe799c29b10_0, 0, 1;
T_0.80 ;
    %jmp T_0.74;
T_0.73 ;
    %set/v v0x7fe799c29b10_0, 0, 1;
T_0.74 ;
    %jmp T_0.16;
T_0.4 ;
    %load/v 8, v0x7fe799c29880_0, 32;
    %mov 40, 0, 1;
    %load/v 41, v0x7fe799c299d0_0, 32;
    %mov 73, 0, 1;
    %add 8, 41, 33;
    %set/v v0x7fe799c197a0_0, 8, 32;
    %set/v v0x7fe799c296c0_0, 40, 1;
    %ix/load 1, 31, 0;
    %mov 4, 0, 1;
    %jmp/1 T_0.81, 4;
    %load/x1p 8, v0x7fe799c197a0_0, 1;
    %jmp T_0.82;
T_0.81 ;
    %mov 8, 2, 1;
T_0.82 ;
; Save base=8 wid=1 in lookaside.
    %set/v v0x7fe799c29940_0, 8, 1;
    %load/v 8, v0x7fe799c197a0_0, 32;
    %cmpi/u 8, 0, 32;
    %jmp/0xz  T_0.83, 4;
    %set/v v0x7fe799c29be0_0, 1, 1;
    %jmp T_0.84;
T_0.83 ;
    %set/v v0x7fe799c29be0_0, 0, 1;
T_0.84 ;
    %ix/load 1, 31, 0;
    %mov 4, 0, 1;
    %jmp/1 T_0.85, 4;
    %load/x1p 8, v0x7fe799c29880_0, 1;
    %jmp T_0.86;
T_0.85 ;
    %mov 8, 2, 1;
T_0.86 ;
; Save base=8 wid=1 in lookaside.
    %ix/load 1, 31, 0;
    %mov 4, 0, 1;
    %jmp/1 T_0.87, 4;
    %load/x1p 9, v0x7fe799c299d0_0, 1;
    %jmp T_0.88;
T_0.87 ;
    %mov 9, 2, 1;
T_0.88 ;
; Save base=9 wid=1 in lookaside.
    %cmp/u 8, 9, 1;
    %jmp/0xz  T_0.89, 4;
    %ix/load 1, 31, 0;
    %mov 4, 0, 1;
    %jmp/1 T_0.91, 4;
    %load/x1p 8, v0x7fe799c29880_0, 1;
    %jmp T_0.92;
T_0.91 ;
    %mov 8, 2, 1;
T_0.92 ;
; Save base=8 wid=1 in lookaside.
    %ix/load 1, 31, 0;
    %mov 4, 0, 1;
    %jmp/1 T_0.93, 4;
    %load/x1p 9, v0x7fe799c197a0_0, 1;
    %jmp T_0.94;
T_0.93 ;
    %mov 9, 2, 1;
T_0.94 ;
; Save base=9 wid=1 in lookaside.
    %cmp/u 8, 9, 1;
    %inv 4, 1;
    %jmp/0xz  T_0.95, 4;
    %set/v v0x7fe799c29b10_0, 1, 1;
    %jmp T_0.96;
T_0.95 ;
    %set/v v0x7fe799c29b10_0, 0, 1;
T_0.96 ;
    %jmp T_0.90;
T_0.89 ;
    %set/v v0x7fe799c29b10_0, 0, 1;
T_0.90 ;
    %jmp T_0.16;
T_0.5 ;
    %load/v 8, v0x7fe799c29880_0, 32;
    %mov 40, 0, 1;
    %load/v 41, v0x7fe799c299d0_0, 32;
    %mov 73, 0, 1;
    %add 8, 41, 33;
    %load/v 41, v0x7fe799c29750_0, 1;
    %mov 42, 0, 32;
    %add 8, 41, 33;
    %set/v v0x7fe799c197a0_0, 8, 32;
    %set/v v0x7fe799c296c0_0, 40, 1;
    %load/v 8, v0x7fe799c197a0_0, 32;
    %cmpi/u 8, 0, 32;
    %jmp/0xz  T_0.97, 4;
    %set/v v0x7fe799c29be0_0, 1, 1;
    %jmp T_0.98;
T_0.97 ;
    %set/v v0x7fe799c29be0_0, 0, 1;
T_0.98 ;
    %ix/load 1, 31, 0;
    %mov 4, 0, 1;
    %jmp/1 T_0.99, 4;
    %load/x1p 8, v0x7fe799c29880_0, 1;
    %jmp T_0.100;
T_0.99 ;
    %mov 8, 2, 1;
T_0.100 ;
; Save base=8 wid=1 in lookaside.
    %ix/load 1, 31, 0;
    %mov 4, 0, 1;
    %jmp/1 T_0.101, 4;
    %load/x1p 9, v0x7fe799c299d0_0, 1;
    %jmp T_0.102;
T_0.101 ;
    %mov 9, 2, 1;
T_0.102 ;
; Save base=9 wid=1 in lookaside.
    %cmp/u 8, 9, 1;
    %jmp/0xz  T_0.103, 4;
    %ix/load 1, 31, 0;
    %mov 4, 0, 1;
    %jmp/1 T_0.105, 4;
    %load/x1p 8, v0x7fe799c29880_0, 1;
    %jmp T_0.106;
T_0.105 ;
    %mov 8, 2, 1;
T_0.106 ;
; Save base=8 wid=1 in lookaside.
    %ix/load 1, 31, 0;
    %mov 4, 0, 1;
    %jmp/1 T_0.107, 4;
    %load/x1p 9, v0x7fe799c197a0_0, 1;
    %jmp T_0.108;
T_0.107 ;
    %mov 9, 2, 1;
T_0.108 ;
; Save base=9 wid=1 in lookaside.
    %cmp/u 8, 9, 1;
    %inv 4, 1;
    %jmp/0xz  T_0.109, 4;
    %set/v v0x7fe799c29b10_0, 1, 1;
    %jmp T_0.110;
T_0.109 ;
    %set/v v0x7fe799c29b10_0, 0, 1;
T_0.110 ;
    %jmp T_0.104;
T_0.103 ;
    %set/v v0x7fe799c29b10_0, 0, 1;
T_0.104 ;
    %jmp T_0.16;
T_0.6 ;
    %load/v 8, v0x7fe799c29880_0, 32;
    %mov 40, 0, 1;
    %load/v 41, v0x7fe799c299d0_0, 32;
    %mov 73, 0, 1;
    %sub 8, 41, 33;
    %load/v 41, v0x7fe799c29750_0, 1;
    %mov 42, 0, 32;
    %add 8, 41, 33;
    %subi 8, 1, 33;
    %set/v v0x7fe799c197a0_0, 8, 32;
    %set/v v0x7fe799c296c0_0, 40, 1;
    %load/v 8, v0x7fe799c197a0_0, 32;
    %cmpi/u 8, 0, 32;
    %jmp/0xz  T_0.111, 4;
    %set/v v0x7fe799c29be0_0, 1, 1;
    %jmp T_0.112;
T_0.111 ;
    %set/v v0x7fe799c29be0_0, 0, 1;
T_0.112 ;
    %ix/load 1, 31, 0;
    %mov 4, 0, 1;
    %jmp/1 T_0.113, 4;
    %load/x1p 8, v0x7fe799c29880_0, 1;
    %jmp T_0.114;
T_0.113 ;
    %mov 8, 2, 1;
T_0.114 ;
; Save base=8 wid=1 in lookaside.
    %ix/load 1, 31, 0;
    %mov 4, 0, 1;
    %jmp/1 T_0.115, 4;
    %load/x1p 9, v0x7fe799c299d0_0, 1;
    %jmp T_0.116;
T_0.115 ;
    %mov 9, 2, 1;
T_0.116 ;
; Save base=9 wid=1 in lookaside.
    %cmp/u 8, 9, 1;
    %jmp/0xz  T_0.117, 4;
    %ix/load 1, 31, 0;
    %mov 4, 0, 1;
    %jmp/1 T_0.119, 4;
    %load/x1p 8, v0x7fe799c29880_0, 1;
    %jmp T_0.120;
T_0.119 ;
    %mov 8, 2, 1;
T_0.120 ;
; Save base=8 wid=1 in lookaside.
    %ix/load 1, 31, 0;
    %mov 4, 0, 1;
    %jmp/1 T_0.121, 4;
    %load/x1p 9, v0x7fe799c197a0_0, 1;
    %jmp T_0.122;
T_0.121 ;
    %mov 9, 2, 1;
T_0.122 ;
; Save base=9 wid=1 in lookaside.
    %cmp/u 8, 9, 1;
    %inv 4, 1;
    %jmp/0xz  T_0.123, 4;
    %set/v v0x7fe799c29b10_0, 1, 1;
    %jmp T_0.124;
T_0.123 ;
    %set/v v0x7fe799c29b10_0, 0, 1;
T_0.124 ;
    %jmp T_0.118;
T_0.117 ;
    %set/v v0x7fe799c29b10_0, 0, 1;
T_0.118 ;
    %jmp T_0.16;
T_0.7 ;
    %load/v 8, v0x7fe799c299d0_0, 32;
    %mov 40, 0, 1;
    %load/v 41, v0x7fe799c29880_0, 32;
    %mov 73, 0, 1;
    %sub 8, 41, 33;
    %load/v 41, v0x7fe799c29750_0, 1;
    %mov 42, 0, 32;
    %add 8, 41, 33;
    %subi 8, 1, 33;
    %set/v v0x7fe799c197a0_0, 8, 32;
    %set/v v0x7fe799c296c0_0, 40, 1;
    %load/v 8, v0x7fe799c197a0_0, 32;
    %cmpi/u 8, 0, 32;
    %jmp/0xz  T_0.125, 4;
    %set/v v0x7fe799c29be0_0, 1, 1;
    %jmp T_0.126;
T_0.125 ;
    %set/v v0x7fe799c29be0_0, 0, 1;
T_0.126 ;
    %ix/load 1, 31, 0;
    %mov 4, 0, 1;
    %jmp/1 T_0.127, 4;
    %load/x1p 8, v0x7fe799c29880_0, 1;
    %jmp T_0.128;
T_0.127 ;
    %mov 8, 2, 1;
T_0.128 ;
; Save base=8 wid=1 in lookaside.
    %ix/load 1, 31, 0;
    %mov 4, 0, 1;
    %jmp/1 T_0.129, 4;
    %load/x1p 9, v0x7fe799c299d0_0, 1;
    %jmp T_0.130;
T_0.129 ;
    %mov 9, 2, 1;
T_0.130 ;
; Save base=9 wid=1 in lookaside.
    %cmp/u 8, 9, 1;
    %jmp/0xz  T_0.131, 4;
    %ix/load 1, 31, 0;
    %mov 4, 0, 1;
    %jmp/1 T_0.133, 4;
    %load/x1p 8, v0x7fe799c29880_0, 1;
    %jmp T_0.134;
T_0.133 ;
    %mov 8, 2, 1;
T_0.134 ;
; Save base=8 wid=1 in lookaside.
    %ix/load 1, 31, 0;
    %mov 4, 0, 1;
    %jmp/1 T_0.135, 4;
    %load/x1p 9, v0x7fe799c197a0_0, 1;
    %jmp T_0.136;
T_0.135 ;
    %mov 9, 2, 1;
T_0.136 ;
; Save base=9 wid=1 in lookaside.
    %cmp/u 8, 9, 1;
    %inv 4, 1;
    %jmp/0xz  T_0.137, 4;
    %set/v v0x7fe799c29b10_0, 1, 1;
    %jmp T_0.138;
T_0.137 ;
    %set/v v0x7fe799c29b10_0, 0, 1;
T_0.138 ;
    %jmp T_0.132;
T_0.131 ;
    %set/v v0x7fe799c29b10_0, 0, 1;
T_0.132 ;
    %jmp T_0.16;
T_0.8 ;
    %load/v 41, v0x7fe799c29880_0, 32;
    %cmpi/u 41, 0, 32;
    %inv 4, 1;
    %mov 41, 4, 1;
    %load/v 42, v0x7fe799c299d0_0, 32;
    %cmpi/u 42, 0, 32;
    %inv 4, 1;
    %mov 42, 4, 1;
    %and 41, 42, 1;
    %mov 8, 41, 1;
    %mov 9, 0, 32;
    %set/v v0x7fe799c29a90_0, 8, 32;
    %set/v v0x7fe799c296c0_0, 40, 1;
    %ix/load 1, 31, 0;
    %mov 4, 0, 1;
    %jmp/1 T_0.139, 4;
    %load/x1p 8, v0x7fe799c29a90_0, 1;
    %jmp T_0.140;
T_0.139 ;
    %mov 8, 2, 1;
T_0.140 ;
; Save base=8 wid=1 in lookaside.
    %set/v v0x7fe799c29940_0, 8, 1;
    %load/v 8, v0x7fe799c29a90_0, 32;
    %cmpi/u 8, 0, 32;
    %jmp/0xz  T_0.141, 4;
    %set/v v0x7fe799c29be0_0, 1, 1;
    %jmp T_0.142;
T_0.141 ;
    %set/v v0x7fe799c29be0_0, 0, 1;
T_0.142 ;
    %ix/load 1, 31, 0;
    %mov 4, 0, 1;
    %jmp/1 T_0.143, 4;
    %load/x1p 8, v0x7fe799c29880_0, 1;
    %jmp T_0.144;
T_0.143 ;
    %mov 8, 2, 1;
T_0.144 ;
; Save base=8 wid=1 in lookaside.
    %ix/load 1, 31, 0;
    %mov 4, 0, 1;
    %jmp/1 T_0.145, 4;
    %load/x1p 9, v0x7fe799c299d0_0, 1;
    %jmp T_0.146;
T_0.145 ;
    %mov 9, 2, 1;
T_0.146 ;
; Save base=9 wid=1 in lookaside.
    %cmp/u 8, 9, 1;
    %jmp/0xz  T_0.147, 4;
    %ix/load 1, 31, 0;
    %mov 4, 0, 1;
    %jmp/1 T_0.149, 4;
    %load/x1p 8, v0x7fe799c29880_0, 1;
    %jmp T_0.150;
T_0.149 ;
    %mov 8, 2, 1;
T_0.150 ;
; Save base=8 wid=1 in lookaside.
    %ix/load 1, 31, 0;
    %mov 4, 0, 1;
    %jmp/1 T_0.151, 4;
    %load/x1p 9, v0x7fe799c29a90_0, 1;
    %jmp T_0.152;
T_0.151 ;
    %mov 9, 2, 1;
T_0.152 ;
; Save base=9 wid=1 in lookaside.
    %cmp/u 8, 9, 1;
    %inv 4, 1;
    %jmp/0xz  T_0.153, 4;
    %set/v v0x7fe799c29b10_0, 1, 1;
    %jmp T_0.154;
T_0.153 ;
    %set/v v0x7fe799c29b10_0, 0, 1;
T_0.154 ;
    %jmp T_0.148;
T_0.147 ;
    %set/v v0x7fe799c29b10_0, 0, 1;
T_0.148 ;
    %jmp T_0.16;
T_0.9 ;
    %load/v 8, v0x7fe799c29880_0, 32;
    %mov 40, 0, 1;
    %load/v 41, v0x7fe799c299d0_0, 32;
    %mov 73, 0, 1;
    %xor 8, 41, 33;
    %set/v v0x7fe799c29a90_0, 8, 32;
    %set/v v0x7fe799c296c0_0, 40, 1;
    %ix/load 1, 31, 0;
    %mov 4, 0, 1;
    %jmp/1 T_0.155, 4;
    %load/x1p 8, v0x7fe799c29a90_0, 1;
    %jmp T_0.156;
T_0.155 ;
    %mov 8, 2, 1;
T_0.156 ;
; Save base=8 wid=1 in lookaside.
    %set/v v0x7fe799c29940_0, 8, 1;
    %load/v 8, v0x7fe799c29a90_0, 32;
    %cmpi/u 8, 0, 32;
    %jmp/0xz  T_0.157, 4;
    %set/v v0x7fe799c29be0_0, 1, 1;
    %jmp T_0.158;
T_0.157 ;
    %set/v v0x7fe799c29be0_0, 0, 1;
T_0.158 ;
    %ix/load 1, 31, 0;
    %mov 4, 0, 1;
    %jmp/1 T_0.159, 4;
    %load/x1p 8, v0x7fe799c29880_0, 1;
    %jmp T_0.160;
T_0.159 ;
    %mov 8, 2, 1;
T_0.160 ;
; Save base=8 wid=1 in lookaside.
    %ix/load 1, 31, 0;
    %mov 4, 0, 1;
    %jmp/1 T_0.161, 4;
    %load/x1p 9, v0x7fe799c299d0_0, 1;
    %jmp T_0.162;
T_0.161 ;
    %mov 9, 2, 1;
T_0.162 ;
; Save base=9 wid=1 in lookaside.
    %cmp/u 8, 9, 1;
    %jmp/0xz  T_0.163, 4;
    %ix/load 1, 31, 0;
    %mov 4, 0, 1;
    %jmp/1 T_0.165, 4;
    %load/x1p 8, v0x7fe799c29880_0, 1;
    %jmp T_0.166;
T_0.165 ;
    %mov 8, 2, 1;
T_0.166 ;
; Save base=8 wid=1 in lookaside.
    %ix/load 1, 31, 0;
    %mov 4, 0, 1;
    %jmp/1 T_0.167, 4;
    %load/x1p 9, v0x7fe799c29a90_0, 1;
    %jmp T_0.168;
T_0.167 ;
    %mov 9, 2, 1;
T_0.168 ;
; Save base=9 wid=1 in lookaside.
    %cmp/u 8, 9, 1;
    %inv 4, 1;
    %jmp/0xz  T_0.169, 4;
    %set/v v0x7fe799c29b10_0, 1, 1;
    %jmp T_0.170;
T_0.169 ;
    %set/v v0x7fe799c29b10_0, 0, 1;
T_0.170 ;
    %jmp T_0.164;
T_0.163 ;
    %set/v v0x7fe799c29b10_0, 0, 1;
T_0.164 ;
    %jmp T_0.16;
T_0.10 ;
    %load/v 8, v0x7fe799c29880_0, 32;
    %mov 40, 0, 1;
    %load/v 41, v0x7fe799c299d0_0, 32;
    %mov 73, 0, 1;
    %sub 8, 41, 33;
    %set/v v0x7fe799c29a90_0, 8, 32;
    %set/v v0x7fe799c296c0_0, 40, 1;
    %ix/load 1, 31, 0;
    %mov 4, 0, 1;
    %jmp/1 T_0.171, 4;
    %load/x1p 8, v0x7fe799c29a90_0, 1;
    %jmp T_0.172;
T_0.171 ;
    %mov 8, 2, 1;
T_0.172 ;
; Save base=8 wid=1 in lookaside.
    %set/v v0x7fe799c29940_0, 8, 1;
    %load/v 8, v0x7fe799c29a90_0, 32;
    %cmpi/u 8, 0, 32;
    %jmp/0xz  T_0.173, 4;
    %set/v v0x7fe799c29be0_0, 1, 1;
    %jmp T_0.174;
T_0.173 ;
    %set/v v0x7fe799c29be0_0, 0, 1;
T_0.174 ;
    %ix/load 1, 31, 0;
    %mov 4, 0, 1;
    %jmp/1 T_0.175, 4;
    %load/x1p 8, v0x7fe799c29880_0, 1;
    %jmp T_0.176;
T_0.175 ;
    %mov 8, 2, 1;
T_0.176 ;
; Save base=8 wid=1 in lookaside.
    %ix/load 1, 31, 0;
    %mov 4, 0, 1;
    %jmp/1 T_0.177, 4;
    %load/x1p 9, v0x7fe799c299d0_0, 1;
    %jmp T_0.178;
T_0.177 ;
    %mov 9, 2, 1;
T_0.178 ;
; Save base=9 wid=1 in lookaside.
    %cmp/u 8, 9, 1;
    %jmp/0xz  T_0.179, 4;
    %ix/load 1, 31, 0;
    %mov 4, 0, 1;
    %jmp/1 T_0.181, 4;
    %load/x1p 8, v0x7fe799c29880_0, 1;
    %jmp T_0.182;
T_0.181 ;
    %mov 8, 2, 1;
T_0.182 ;
; Save base=8 wid=1 in lookaside.
    %ix/load 1, 31, 0;
    %mov 4, 0, 1;
    %jmp/1 T_0.183, 4;
    %load/x1p 9, v0x7fe799c29a90_0, 1;
    %jmp T_0.184;
T_0.183 ;
    %mov 9, 2, 1;
T_0.184 ;
; Save base=9 wid=1 in lookaside.
    %cmp/u 8, 9, 1;
    %inv 4, 1;
    %jmp/0xz  T_0.185, 4;
    %set/v v0x7fe799c29b10_0, 1, 1;
    %jmp T_0.186;
T_0.185 ;
    %set/v v0x7fe799c29b10_0, 0, 1;
T_0.186 ;
    %jmp T_0.180;
T_0.179 ;
    %set/v v0x7fe799c29b10_0, 0, 1;
T_0.180 ;
    %jmp T_0.16;
T_0.11 ;
    %load/v 8, v0x7fe799c29880_0, 32;
    %mov 40, 0, 1;
    %load/v 41, v0x7fe799c299d0_0, 32;
    %mov 73, 0, 1;
    %add 8, 41, 33;
    %set/v v0x7fe799c29a90_0, 8, 32;
    %set/v v0x7fe799c296c0_0, 40, 1;
    %ix/load 1, 31, 0;
    %mov 4, 0, 1;
    %jmp/1 T_0.187, 4;
    %load/x1p 8, v0x7fe799c29a90_0, 1;
    %jmp T_0.188;
T_0.187 ;
    %mov 8, 2, 1;
T_0.188 ;
; Save base=8 wid=1 in lookaside.
    %set/v v0x7fe799c29940_0, 8, 1;
    %load/v 8, v0x7fe799c29a90_0, 32;
    %cmpi/u 8, 0, 32;
    %jmp/0xz  T_0.189, 4;
    %set/v v0x7fe799c29be0_0, 1, 1;
    %jmp T_0.190;
T_0.189 ;
    %set/v v0x7fe799c29be0_0, 0, 1;
T_0.190 ;
    %ix/load 1, 31, 0;
    %mov 4, 0, 1;
    %jmp/1 T_0.191, 4;
    %load/x1p 8, v0x7fe799c29880_0, 1;
    %jmp T_0.192;
T_0.191 ;
    %mov 8, 2, 1;
T_0.192 ;
; Save base=8 wid=1 in lookaside.
    %ix/load 1, 31, 0;
    %mov 4, 0, 1;
    %jmp/1 T_0.193, 4;
    %load/x1p 9, v0x7fe799c299d0_0, 1;
    %jmp T_0.194;
T_0.193 ;
    %mov 9, 2, 1;
T_0.194 ;
; Save base=9 wid=1 in lookaside.
    %cmp/u 8, 9, 1;
    %jmp/0xz  T_0.195, 4;
    %ix/load 1, 31, 0;
    %mov 4, 0, 1;
    %jmp/1 T_0.197, 4;
    %load/x1p 8, v0x7fe799c29880_0, 1;
    %jmp T_0.198;
T_0.197 ;
    %mov 8, 2, 1;
T_0.198 ;
; Save base=8 wid=1 in lookaside.
    %ix/load 1, 31, 0;
    %mov 4, 0, 1;
    %jmp/1 T_0.199, 4;
    %load/x1p 9, v0x7fe799c29a90_0, 1;
    %jmp T_0.200;
T_0.199 ;
    %mov 9, 2, 1;
T_0.200 ;
; Save base=9 wid=1 in lookaside.
    %cmp/u 8, 9, 1;
    %inv 4, 1;
    %jmp/0xz  T_0.201, 4;
    %set/v v0x7fe799c29b10_0, 1, 1;
    %jmp T_0.202;
T_0.201 ;
    %set/v v0x7fe799c29b10_0, 0, 1;
T_0.202 ;
    %jmp T_0.196;
T_0.195 ;
    %set/v v0x7fe799c29b10_0, 0, 1;
T_0.196 ;
    %jmp T_0.16;
T_0.12 ;
    %load/v 40, v0x7fe799c29880_0, 32;
    %cmpi/u 40, 0, 32;
    %inv 4, 1;
    %mov 40, 4, 1;
    %load/v 41, v0x7fe799c299d0_0, 32;
    %cmpi/u 41, 0, 32;
    %inv 4, 1;
    %or 40, 4, 1;
    %mov 8, 40, 1;
    %mov 9, 0, 31;
    %set/v v0x7fe799c197a0_0, 8, 32;
    %jmp T_0.16;
T_0.13 ;
    %load/v 8, v0x7fe799c299d0_0, 32;
    %set/v v0x7fe799c197a0_0, 8, 32;
    %ix/load 1, 31, 0;
    %mov 4, 0, 1;
    %jmp/1 T_0.203, 4;
    %load/x1p 8, v0x7fe799c197a0_0, 1;
    %jmp T_0.204;
T_0.203 ;
    %mov 8, 2, 1;
T_0.204 ;
; Save base=8 wid=1 in lookaside.
    %set/v v0x7fe799c29940_0, 8, 1;
    %load/v 8, v0x7fe799c197a0_0, 32;
    %cmpi/u 8, 0, 32;
    %jmp/0xz  T_0.205, 4;
    %set/v v0x7fe799c29be0_0, 1, 1;
    %jmp T_0.206;
T_0.205 ;
    %set/v v0x7fe799c29be0_0, 0, 1;
T_0.206 ;
    %ix/load 1, 31, 0;
    %mov 4, 0, 1;
    %jmp/1 T_0.207, 4;
    %load/x1p 8, v0x7fe799c29880_0, 1;
    %jmp T_0.208;
T_0.207 ;
    %mov 8, 2, 1;
T_0.208 ;
; Save base=8 wid=1 in lookaside.
    %ix/load 1, 31, 0;
    %mov 4, 0, 1;
    %jmp/1 T_0.209, 4;
    %load/x1p 9, v0x7fe799c299d0_0, 1;
    %jmp T_0.210;
T_0.209 ;
    %mov 9, 2, 1;
T_0.210 ;
; Save base=9 wid=1 in lookaside.
    %cmp/u 8, 9, 1;
    %jmp/0xz  T_0.211, 4;
    %ix/load 1, 31, 0;
    %mov 4, 0, 1;
    %jmp/1 T_0.213, 4;
    %load/x1p 8, v0x7fe799c29880_0, 1;
    %jmp T_0.214;
T_0.213 ;
    %mov 8, 2, 1;
T_0.214 ;
; Save base=8 wid=1 in lookaside.
    %ix/load 1, 31, 0;
    %mov 4, 0, 1;
    %jmp/1 T_0.215, 4;
    %load/x1p 9, v0x7fe799c197a0_0, 1;
    %jmp T_0.216;
T_0.215 ;
    %mov 9, 2, 1;
T_0.216 ;
; Save base=9 wid=1 in lookaside.
    %cmp/u 8, 9, 1;
    %inv 4, 1;
    %jmp/0xz  T_0.217, 4;
    %set/v v0x7fe799c29b10_0, 1, 1;
    %jmp T_0.218;
T_0.217 ;
    %set/v v0x7fe799c29b10_0, 0, 1;
T_0.218 ;
    %jmp T_0.212;
T_0.211 ;
    %set/v v0x7fe799c29b10_0, 0, 1;
T_0.212 ;
    %jmp T_0.16;
T_0.14 ;
    %load/v 40, v0x7fe799c29880_0, 32;
    %cmpi/u 40, 0, 32;
    %inv 4, 1;
    %mov 40, 4, 1;
    %load/v 41, v0x7fe799c299d0_0, 32;
    %nor/r 41, 41, 32;
    %and 40, 41, 1;
    %mov 8, 40, 1;
    %mov 9, 0, 31;
    %set/v v0x7fe799c197a0_0, 8, 32;
    %ix/load 1, 31, 0;
    %mov 4, 0, 1;
    %jmp/1 T_0.219, 4;
    %load/x1p 8, v0x7fe799c197a0_0, 1;
    %jmp T_0.220;
T_0.219 ;
    %mov 8, 2, 1;
T_0.220 ;
; Save base=8 wid=1 in lookaside.
    %set/v v0x7fe799c29940_0, 8, 1;
    %load/v 8, v0x7fe799c197a0_0, 32;
    %cmpi/u 8, 0, 32;
    %jmp/0xz  T_0.221, 4;
    %set/v v0x7fe799c29be0_0, 1, 1;
    %jmp T_0.222;
T_0.221 ;
    %set/v v0x7fe799c29be0_0, 0, 1;
T_0.222 ;
    %ix/load 1, 31, 0;
    %mov 4, 0, 1;
    %jmp/1 T_0.223, 4;
    %load/x1p 8, v0x7fe799c29880_0, 1;
    %jmp T_0.224;
T_0.223 ;
    %mov 8, 2, 1;
T_0.224 ;
; Save base=8 wid=1 in lookaside.
    %ix/load 1, 31, 0;
    %mov 4, 0, 1;
    %jmp/1 T_0.225, 4;
    %load/x1p 9, v0x7fe799c299d0_0, 1;
    %jmp T_0.226;
T_0.225 ;
    %mov 9, 2, 1;
T_0.226 ;
; Save base=9 wid=1 in lookaside.
    %cmp/u 8, 9, 1;
    %jmp/0xz  T_0.227, 4;
    %ix/load 1, 31, 0;
    %mov 4, 0, 1;
    %jmp/1 T_0.229, 4;
    %load/x1p 8, v0x7fe799c29880_0, 1;
    %jmp T_0.230;
T_0.229 ;
    %mov 8, 2, 1;
T_0.230 ;
; Save base=8 wid=1 in lookaside.
    %ix/load 1, 31, 0;
    %mov 4, 0, 1;
    %jmp/1 T_0.231, 4;
    %load/x1p 9, v0x7fe799c197a0_0, 1;
    %jmp T_0.232;
T_0.231 ;
    %mov 9, 2, 1;
T_0.232 ;
; Save base=9 wid=1 in lookaside.
    %cmp/u 8, 9, 1;
    %inv 4, 1;
    %jmp/0xz  T_0.233, 4;
    %set/v v0x7fe799c29b10_0, 1, 1;
    %jmp T_0.234;
T_0.233 ;
    %set/v v0x7fe799c29b10_0, 0, 1;
T_0.234 ;
    %jmp T_0.228;
T_0.227 ;
    %set/v v0x7fe799c29b10_0, 0, 1;
T_0.228 ;
    %jmp T_0.16;
T_0.15 ;
    %load/v 40, v0x7fe799c299d0_0, 32;
    %nor/r 40, 40, 32;
    %mov 8, 40, 1;
    %mov 9, 0, 31;
    %set/v v0x7fe799c197a0_0, 8, 32;
    %ix/load 1, 31, 0;
    %mov 4, 0, 1;
    %jmp/1 T_0.235, 4;
    %load/x1p 8, v0x7fe799c197a0_0, 1;
    %jmp T_0.236;
T_0.235 ;
    %mov 8, 2, 1;
T_0.236 ;
; Save base=8 wid=1 in lookaside.
    %set/v v0x7fe799c29940_0, 8, 1;
    %load/v 8, v0x7fe799c197a0_0, 32;
    %cmpi/u 8, 0, 32;
    %jmp/0xz  T_0.237, 4;
    %set/v v0x7fe799c29be0_0, 1, 1;
    %jmp T_0.238;
T_0.237 ;
    %set/v v0x7fe799c29be0_0, 0, 1;
T_0.238 ;
    %ix/load 1, 31, 0;
    %mov 4, 0, 1;
    %jmp/1 T_0.239, 4;
    %load/x1p 8, v0x7fe799c29880_0, 1;
    %jmp T_0.240;
T_0.239 ;
    %mov 8, 2, 1;
T_0.240 ;
; Save base=8 wid=1 in lookaside.
    %ix/load 1, 31, 0;
    %mov 4, 0, 1;
    %jmp/1 T_0.241, 4;
    %load/x1p 9, v0x7fe799c299d0_0, 1;
    %jmp T_0.242;
T_0.241 ;
    %mov 9, 2, 1;
T_0.242 ;
; Save base=9 wid=1 in lookaside.
    %cmp/u 8, 9, 1;
    %jmp/0xz  T_0.243, 4;
    %ix/load 1, 31, 0;
    %mov 4, 0, 1;
    %jmp/1 T_0.245, 4;
    %load/x1p 8, v0x7fe799c29880_0, 1;
    %jmp T_0.246;
T_0.245 ;
    %mov 8, 2, 1;
T_0.246 ;
; Save base=8 wid=1 in lookaside.
    %ix/load 1, 31, 0;
    %mov 4, 0, 1;
    %jmp/1 T_0.247, 4;
    %load/x1p 9, v0x7fe799c197a0_0, 1;
    %jmp T_0.248;
T_0.247 ;
    %mov 9, 2, 1;
T_0.248 ;
; Save base=9 wid=1 in lookaside.
    %cmp/u 8, 9, 1;
    %inv 4, 1;
    %jmp/0xz  T_0.249, 4;
    %set/v v0x7fe799c29b10_0, 1, 1;
    %jmp T_0.250;
T_0.249 ;
    %set/v v0x7fe799c29b10_0, 0, 1;
T_0.250 ;
    %jmp T_0.244;
T_0.243 ;
    %set/v v0x7fe799c29b10_0, 0, 1;
T_0.244 ;
    %jmp T_0.16;
T_0.16 ;
    %jmp T_0;
    .thread T_0, $push;
    .scope S_0x7fe799c195a0;
T_1 ;
    %delay 160, 0;
    %vpi_call 2 12 "$finish";
    %end;
    .thread T_1;
    .scope S_0x7fe799c195a0;
T_2 ;
    %set/v v0x7fe799c29e20_0, 0, 4;
    %movi 8, 4026531840, 32;
    %set/v v0x7fe799c29ec0_0, 8, 32;
    %movi 8, 4026531840, 32;
    %set/v v0x7fe799c29f70_0, 8, 32;
    %set/v v0x7fe799c29d00_0, 0, 1;
    %movi 8, 15, 5;
T_2.0 %cmp/s 0, 8, 5;
    %jmp/0xz T_2.1, 5;
    %add 8, 1, 5;
    %delay 10, 0;
    %ix/load 0, 1, 0;
    %load/vp0 13, v0x7fe799c29e20_0, 4;
    %set/v v0x7fe799c29e20_0, 13, 4;
    %jmp T_2.0;
T_2.1 ;
    %end;
    .thread T_2;
    .scope S_0x7fe799c195a0;
T_3 ;
    %vpi_call 2 24 "$display", " IF \011  C N V Z \011\011   IL \011  IL \011  ALUOUT";
    %vpi_call 2 25 "$monitor", "   %b%b%b%b  %b %b %b %b         %h %h %h", &PV<v0x7fe799c29e20_0, 3, 1>, &PV<v0x7fe799c29e20_0, 2, 1>, &PV<v0x7fe799c29e20_0, 1, 1>, &PV<v0x7fe799c29e20_0, 0, 1>, v0x7fe799c29d80_0, v0x7fe799c2a010_0, v0x7fe799c2a0d0_0, v0x7fe799c2a150_0, v0x7fe799c29ec0_0, v0x7fe799c29f70_0, v0x7fe799c29c60_0;
    %end;
    .thread T_3;
# The file index is used to find the file name in the following table.
:file_names 4;
    "N/A";
    "<interactive>";
    "./module test_alu.v";
    "./alu.v";
